<?xml version="1.0" encoding="UTF-8"?>
<testsuites name="Aktualności" time="146.935" tests="4" failures="2" skips="0" errors="0">
   <testsuite name="Aktualności" tests="4" failures="2" errors="0" time="146.935" skips="0" timestamp="2021-01-29 17:35:31" hostname="Staz Intersiec - DESKTOP-HO0QCN7" id="Test Suites/Aktualności">
      <properties>
         <property name="deviceName" value=""/>
         <property name="devicePlatform" value=""/>
         <property name="logFolder" value="C:\\Users\\Staz Intersiec\\Documents\\Aptekarska.pl_UI_Tests\\Reports\\20210129_173257\\Aktualno\u015Bci\\20210129_173312"/>
         <property name="logFiles" value="C:\\Users\\Staz Intersiec\\Documents\\Aptekarska.pl_UI_Tests\\Reports\\20210129_173257\\Aktualno\u015Bci\\20210129_173312\\execution0.log"/>
         <property name="attachments" value="C:\\Users\\Staz Intersiec\\Documents\\Aptekarska.pl_UI_Tests\\Reports\\20210129_173257\\Aktualno\u015Bci\\20210129_173312\\1611938176299.png"/>
         <property name="hostName" value="Staz Intersiec - DESKTOP-HO0QCN7"/>
         <property name="os" value="Windows 10 64bit"/>
         <property name="katalonVersion" value="7.9.0.208"/>
         <property name="browser" value="Firefox 84.0"/>
         <property name="hostAddress" value="192.168.50.1"/>
         <property name="sessionId" value="109c7291-5ee6-4d65-902e-55f9accc969d"/>
         <property name="seleniumVersion" value="3.141.59"/>
         <property name="proxyInformation" value="ProxyInformation { proxyOption=NO_PROXY, proxyServerType=HTTP, username=, password=********, proxyServerAddress=, proxyServerPort=0, executionList=&quot;&quot;, isApplyToDesiredCapabilities=true }"/>
         <property name="platform" value="Windows 10"/>
      </properties>
      <testcase name="Test Cases/Aktualności/Test Nawigacji - Podstrona Aktualności" time="43.703" classname="Test Cases/Aktualności/Test Nawigacji - Podstrona Aktualności" status="FAILED">
         <failure type="FAILED" message="Test Cases/Aktualności/Test Nawigacji - Podstrona Aktualności FAILED.
Reason:
com.kms.katalon.core.exception.StepFailedException: Unable to click on object 'Object Repository/Strona Główna Nawigacja/Page_Aktualnoci - Aptekarska Szkoa Zarzdzania/span_Artykuy'
	at com.kms.katalon.core.webui.keyword.internal.WebUIKeywordMain.stepFailed(WebUIKeywordMain.groovy:64)
	at com.kms.katalon.core.webui.keyword.internal.WebUIKeywordMain.runKeyword(WebUIKeywordMain.groovy:26)
	at com.kms.katalon.core.webui.keyword.builtin.ClickKeyword.click(ClickKeyword.groovy:75)
	at com.kms.katalon.core.webui.keyword.builtin.ClickKeyword.execute(ClickKeyword.groovy:42)
	at com.kms.katalon.core.keyword.internal.KeywordExecutor.executeKeywordForPlatform(KeywordExecutor.groovy:73)
	at com.kms.katalon.core.webui.keyword.WebUiBuiltInKeywords.click(WebUiBuiltInKeywords.groovy:619)
	at com.kms.katalon.core.webui.keyword.WebUiBuiltInKeywords$click$2.call(Unknown Source)
	at Test Nawigacji - Podstrona Aktualności.run(Test Nawigacji - Podstrona Aktualności:35)
	at com.kms.katalon.core.main.ScriptEngine.run(ScriptEngine.java:194)
	at com.kms.katalon.core.main.ScriptEngine.runScriptAsRawText(ScriptEngine.java:119)
	at com.kms.katalon.core.main.TestCaseExecutor.runScript(TestCaseExecutor.java:398)
	at com.kms.katalon.core.main.TestCaseExecutor.doExecute(TestCaseExecutor.java:389)
	at com.kms.katalon.core.main.TestCaseExecutor.processExecutionPhase(TestCaseExecutor.java:368)
	at com.kms.katalon.core.main.TestCaseExecutor.accessMainPhase(TestCaseExecutor.java:360)
	at com.kms.katalon.core.main.TestCaseExecutor.execute(TestCaseExecutor.java:255)
	at com.kms.katalon.core.main.TestSuiteExecutor.accessTestCaseMainPhase(TestSuiteExecutor.java:203)
	at com.kms.katalon.core.main.TestSuiteExecutor.accessTestSuiteMainPhase(TestSuiteExecutor.java:152)
	at com.kms.katalon.core.main.TestSuiteExecutor.execute(TestSuiteExecutor.java:95)
	at com.kms.katalon.core.main.TestCaseMain.startTestSuite(TestCaseMain.java:157)
	at com.kms.katalon.core.main.TestCaseMain$startTestSuite$0.call(Unknown Source)
	at TempTestSuite1611937992699.run(TempTestSuite1611937992699.groovy:39)
Caused by: org.openqa.selenium.ElementClickInterceptedException: Element &lt;span class=&quot;menu-text&quot;> is not clickable at point (672,45) because another element &lt;div class=&quot;load-wrap&quot;> obscures it
Build info: version: '3.141.59', revision: 'e82be7d358', time: '2018-11-14T08:25:53'
System info: host: 'DESKTOP-HO0QCN7', ip: '192.168.50.1', os.name: 'Windows 10', os.arch: 'amd64', os.version: '10.0', java.version: '1.8.0_181'
Driver info: com.kms.katalon.core.webui.driver.firefox.CGeckoDriver
Capabilities {acceptInsecureCerts: true, browserName: firefox, browserVersion: 84.0.2, javascriptEnabled: true, moz:accessibilityChecks: false, moz:buildID: 20210105180113, moz:geckodriverVersion: 0.23.0, moz:headless: false, moz:processID: 20224, moz:profile: C:\Users\Staz Intersiec\App..., moz:shutdownTimeout: 60000, moz:useNonSpecCompliantPointerOrigin: false, moz:webdriverClick: true, pageLoadStrategy: normal, platform: WINDOWS, platformName: WINDOWS, platformVersion: 10.0, proxy: Proxy(direct), rotatable: false, setWindowRect: true, strictFileInteractability: false, timeouts: {implicit: 0, pageLoad: 300000, script: 30000}, unhandledPromptBehavior: dismiss and notify}
Session ID: 78d45b7a-80ce-4c9b-b5b2-9b3d2e49d220
	at org.openqa.selenium.remote.http.W3CHttpResponseCodec.createException(W3CHttpResponseCodec.java:187)
	at org.openqa.selenium.remote.http.W3CHttpResponseCodec.decode(W3CHttpResponseCodec.java:122)
	at org.openqa.selenium.remote.http.W3CHttpResponseCodec.decode(W3CHttpResponseCodec.java:49)
	at org.openqa.selenium.remote.HttpCommandExecutor.execute(HttpCommandExecutor.java:158)
	at org.openqa.selenium.remote.service.DriverCommandExecutor.execute(DriverCommandExecutor.java:83)
	at org.openqa.selenium.remote.RemoteWebDriver.execute(RemoteWebDriver.java:552)
	at com.kms.katalon.selenium.driver.CFirefoxDriver.execute(CFirefoxDriver.java:27)
	at org.openqa.selenium.remote.RemoteWebElement.execute(RemoteWebElement.java:285)
	at org.openqa.selenium.remote.RemoteWebElement.click(RemoteWebElement.java:84)
	at org.openqa.selenium.support.events.EventFiringWebDriver$EventFiringWebElement.lambda$new$0(EventFiringWebDriver.java:404)
	at com.sun.proxy.$Proxy11.click(Unknown Source)
	at org.openqa.selenium.support.events.EventFiringWebDriver$EventFiringWebElement.click(EventFiringWebDriver.java:417)
	at com.kms.katalon.core.webui.keyword.builtin.ClickKeyword$_click_closure1.doCall(ClickKeyword.groovy:68)
	at com.kms.katalon.core.webui.keyword.builtin.ClickKeyword$_click_closure1.call(ClickKeyword.groovy)
	at com.kms.katalon.core.webui.keyword.internal.WebUIKeywordMain.runKeyword(WebUIKeywordMain.groovy:20)
	... 19 more
"/>
         <system-out><![CDATA[2021-01-29 17:35:32 - [TEST_CASE][FAILED] - Test Cases/Aktualności/Test Nawigacji - Podstrona Aktualności: Test Cases/Aktualności/Test Nawigacji - Podstrona Aktualności FAILED.
Reason:
com.kms.katalon.core.exception.StepFailedException: Unable to click on object 'Object Repository/Strona Główna Nawigacja/Page_Aktualnoci - Aptekarska Szkoa Zarzdzania/span_Artykuy'
	at com.kms.katalon.core.webui.keyword.internal.WebUIKeywordMain.stepFailed(WebUIKeywordMain.groovy:64)
	at com.kms.katalon.core.webui.keyword.internal.WebUIKeywordMain.runKeyword(WebUIKeywordMain.groovy:26)
	at com.kms.katalon.core.webui.keyword.builtin.ClickKeyword.click(ClickKeyword.groovy:75)
	at com.kms.katalon.core.webui.keyword.builtin.ClickKeyword.execute(ClickKeyword.groovy:42)
	at com.kms.katalon.core.keyword.internal.KeywordExecutor.executeKeywordForPlatform(KeywordExecutor.groovy:73)
	at com.kms.katalon.core.webui.keyword.WebUiBuiltInKeywords.click(WebUiBuiltInKeywords.groovy:619)
	at com.kms.katalon.core.webui.keyword.WebUiBuiltInKeywords$click$2.call(Unknown Source)
	at Test Nawigacji - Podstrona Aktualności.run(Test Nawigacji - Podstrona Aktualności:35)
	at com.kms.katalon.core.main.ScriptEngine.run(ScriptEngine.java:194)
	at com.kms.katalon.core.main.ScriptEngine.runScriptAsRawText(ScriptEngine.java:119)
	at com.kms.katalon.core.main.TestCaseExecutor.runScript(TestCaseExecutor.java:398)
	at com.kms.katalon.core.main.TestCaseExecutor.doExecute(TestCaseExecutor.java:389)
	at com.kms.katalon.core.main.TestCaseExecutor.processExecutionPhase(TestCaseExecutor.java:368)
	at com.kms.katalon.core.main.TestCaseExecutor.accessMainPhase(TestCaseExecutor.java:360)
	at com.kms.katalon.core.main.TestCaseExecutor.execute(TestCaseExecutor.java:255)
	at com.kms.katalon.core.main.TestSuiteExecutor.accessTestCaseMainPhase(TestSuiteExecutor.java:203)
	at com.kms.katalon.core.main.TestSuiteExecutor.accessTestSuiteMainPhase(TestSuiteExecutor.java:152)
	at com.kms.katalon.core.main.TestSuiteExecutor.execute(TestSuiteExecutor.java:95)
	at com.kms.katalon.core.main.TestCaseMain.startTestSuite(TestCaseMain.java:157)
	at com.kms.katalon.core.main.TestCaseMain$startTestSuite$0.call(Unknown Source)
	at TempTestSuite1611937992699.run(TempTestSuite1611937992699.groovy:39)
Caused by: org.openqa.selenium.ElementClickInterceptedException: Element <span class="menu-text"> is not clickable at point (672,45) because another element <div class="load-wrap"> obscures it
Build info: version: '3.141.59', revision: 'e82be7d358', time: '2018-11-14T08:25:53'
System info: host: 'DESKTOP-HO0QCN7', ip: '192.168.50.1', os.name: 'Windows 10', os.arch: 'amd64', os.version: '10.0', java.version: '1.8.0_181'
Driver info: com.kms.katalon.core.webui.driver.firefox.CGeckoDriver
Capabilities {acceptInsecureCerts: true, browserName: firefox, browserVersion: 84.0.2, javascriptEnabled: true, moz:accessibilityChecks: false, moz:buildID: 20210105180113, moz:geckodriverVersion: 0.23.0, moz:headless: false, moz:processID: 20224, moz:profile: C:\Users\Staz Intersiec\App..., moz:shutdownTimeout: 60000, moz:useNonSpecCompliantPointerOrigin: false, moz:webdriverClick: true, pageLoadStrategy: normal, platform: WINDOWS, platformName: WINDOWS, platformVersion: 10.0, proxy: Proxy(direct), rotatable: false, setWindowRect: true, strictFileInteractability: false, timeouts: {implicit: 0, pageLoad: 300000, script: 30000}, unhandledPromptBehavior: dismiss and notify}
Session ID: 78d45b7a-80ce-4c9b-b5b2-9b3d2e49d220
	at org.openqa.selenium.remote.http.W3CHttpResponseCodec.createException(W3CHttpResponseCodec.java:187)
	at org.openqa.selenium.remote.http.W3CHttpResponseCodec.decode(W3CHttpResponseCodec.java:122)
	at org.openqa.selenium.remote.http.W3CHttpResponseCodec.decode(W3CHttpResponseCodec.java:49)
	at org.openqa.selenium.remote.HttpCommandExecutor.execute(HttpCommandExecutor.java:158)
	at org.openqa.selenium.remote.service.DriverCommandExecutor.execute(DriverCommandExecutor.java:83)
	at org.openqa.selenium.remote.RemoteWebDriver.execute(RemoteWebDriver.java:552)
	at com.kms.katalon.selenium.driver.CFirefoxDriver.execute(CFirefoxDriver.java:27)
	at org.openqa.selenium.remote.RemoteWebElement.execute(RemoteWebElement.java:285)
	at org.openqa.selenium.remote.RemoteWebElement.click(RemoteWebElement.java:84)
	at org.openqa.selenium.support.events.EventFiringWebDriver$EventFiringWebElement.lambda$new$0(EventFiringWebDriver.java:404)
	at com.sun.proxy.$Proxy11.click(Unknown Source)
	at org.openqa.selenium.support.events.EventFiringWebDriver$EventFiringWebElement.click(EventFiringWebDriver.java:417)
	at com.kms.katalon.core.webui.keyword.builtin.ClickKeyword$_click_closure1.doCall(ClickKeyword.groovy:68)
	at com.kms.katalon.core.webui.keyword.builtin.ClickKeyword$_click_closure1.call(ClickKeyword.groovy)
	at com.kms.katalon.core.webui.keyword.internal.WebUIKeywordMain.runKeyword(WebUIKeywordMain.groovy:20)
	... 19 more


2021-01-29 17:35:33 - [TEST_STEP][PASSED] - openBrowser(""): Browser is opened with url: ''

2021-01-29 17:35:34 - [MESSAGE][INFO] - Starting 'Firefox' driver

2021-01-29 17:35:34 - [MESSAGE][INFO] - Action delay is set to 0 milliseconds

2021-01-29 17:35:40 - [MESSAGE][PASSED] - Browser is opened with url: ''

2021-01-29 17:35:40 - [TEST_STEP][PASSED] - maximizeWindow(): Current window maximized

2021-01-29 17:35:40 - [MESSAGE][PASSED] - Current window maximized

2021-01-29 17:35:40 - [TEST_STEP][PASSED] - navigateToUrl("https://www.aptekarska.pl/aktualnosci/"): Navigate to 'https://www.aptekarska.pl/aktualnosci/' successfully

2021-01-29 17:35:46 - [MESSAGE][PASSED] - Navigate to 'https://www.aptekarska.pl/aktualnosci/' successfully

2021-01-29 17:35:46 - [TEST_STEP][PASSED] - click(findTestObject("Object Repository/Strona Główna Nawigacja/Page_Aptekarska Szkoa Zarzdzania Szkolenia _8ea30e/button_Nie zgadzam si")): Object: 'Object Repository/Strona Główna Nawigacja/Page_Aptekarska Szkoa Zarzdzania Szkolenia _8ea30e/button_Nie zgadzam si' is clicked on

2021-01-29 17:35:49 - [MESSAGE][PASSED] - Object: 'Object Repository/Strona Główna Nawigacja/Page_Aptekarska Szkoa Zarzdzania Szkolenia _8ea30e/button_Nie zgadzam si' is clicked on

2021-01-29 17:35:49 - [TEST_STEP][PASSED] - click(findTestObject("SPY - NAWIGACJA STRONA GŁOWNA BUTTON/Page_Aktualnoci - Aptekarska Szkoa Zarzdzania/img_Szkolenia cige dla farmaceutw, farmacji, farmaceutyczne  Aptekarska.pl_preload-me")): Object: 'Object Repository/SPY - NAWIGACJA STRONA GŁOWNA BUTTON/Page_Aktualnoci - Aptekarska Szkoa Zarzdzania/img_Szkolenia cige dla farmaceutw, farmacji, farmaceutyczne  Aptekarska.pl_preload-me' is clicked on

2021-01-29 17:35:53 - [MESSAGE][PASSED] - Object: 'Object Repository/SPY - NAWIGACJA STRONA GŁOWNA BUTTON/Page_Aktualnoci - Aptekarska Szkoa Zarzdzania/img_Szkolenia cige dla farmaceutw, farmacji, farmaceutyczne  Aptekarska.pl_preload-me' is clicked on

2021-01-29 17:35:53 - [TEST_STEP][PASSED] - getUrl(): Current window's url is: 'https://www.aptekarska.pl/'

2021-01-29 17:35:53 - [MESSAGE][PASSED] - Current window's url is: 'https://www.aptekarska.pl/'

2021-01-29 17:35:53 - [TEST_STEP][PASSED] - verifyEqual(getUrl(), "https://www.aptekarska.pl/"): Actual object 'https://www.aptekarska.pl/' and expected object 'https://www.aptekarska.pl/' are equal

2021-01-29 17:35:53 - [MESSAGE][PASSED] - Current window's url is: 'https://www.aptekarska.pl/'

2021-01-29 17:35:54 - [MESSAGE][PASSED] - Actual object 'https://www.aptekarska.pl/' and expected object 'https://www.aptekarska.pl/' are equal

2021-01-29 17:35:54 - [TEST_STEP][FAILED] - click(findTestObject("Object Repository/Strona Główna Nawigacja/Page_Aktualnoci - Aptekarska Szkoa Zarzdzania/span_Artykuy")): Unable to click on object 'Object Repository/Strona Główna Nawigacja/Page_Aktualnoci - Aptekarska Szkoa Zarzdzania/span_Artykuy' (Root cause: com.kms.katalon.core.exception.StepFailedException: Unable to click on object 'Object Repository/Strona Główna Nawigacja/Page_Aktualnoci - Aptekarska Szkoa Zarzdzania/span_Artykuy'
	at com.kms.katalon.core.webui.keyword.internal.WebUIKeywordMain.stepFailed(WebUIKeywordMain.groovy:64)
	at com.kms.katalon.core.webui.keyword.internal.WebUIKeywordMain.runKeyword(WebUIKeywordMain.groovy:26)
	at com.kms.katalon.core.webui.keyword.builtin.ClickKeyword.click(ClickKeyword.groovy:75)
	at com.kms.katalon.core.webui.keyword.builtin.ClickKeyword.execute(ClickKeyword.groovy:42)
	at com.kms.katalon.core.keyword.internal.KeywordExecutor.executeKeywordForPlatform(KeywordExecutor.groovy:73)
	at com.kms.katalon.core.webui.keyword.WebUiBuiltInKeywords.click(WebUiBuiltInKeywords.groovy:619)
	at com.kms.katalon.core.webui.keyword.WebUiBuiltInKeywords$click$2.call(Unknown Source)
	at Test Nawigacji - Podstrona Aktualności.run(Test Nawigacji - Podstrona Aktualności:35)
	at com.kms.katalon.core.main.ScriptEngine.run(ScriptEngine.java:194)
	at com.kms.katalon.core.main.ScriptEngine.runScriptAsRawText(ScriptEngine.java:119)
	at com.kms.katalon.core.main.TestCaseExecutor.runScript(TestCaseExecutor.java:398)
	at com.kms.katalon.core.main.TestCaseExecutor.doExecute(TestCaseExecutor.java:389)
	at com.kms.katalon.core.main.TestCaseExecutor.processExecutionPhase(TestCaseExecutor.java:368)
	at com.kms.katalon.core.main.TestCaseExecutor.accessMainPhase(TestCaseExecutor.java:360)
	at com.kms.katalon.core.main.TestCaseExecutor.execute(TestCaseExecutor.java:255)
	at com.kms.katalon.core.main.TestSuiteExecutor.accessTestCaseMainPhase(TestSuiteExecutor.java:203)
	at com.kms.katalon.core.main.TestSuiteExecutor.accessTestSuiteMainPhase(TestSuiteExecutor.java:152)
	at com.kms.katalon.core.main.TestSuiteExecutor.execute(TestSuiteExecutor.java:95)
	at com.kms.katalon.core.main.TestCaseMain.startTestSuite(TestCaseMain.java:157)
	at com.kms.katalon.core.main.TestCaseMain$startTestSuite$0.call(Unknown Source)
	at TempTestSuite1611937992699.run(TempTestSuite1611937992699.groovy:39)
Caused by: org.openqa.selenium.ElementClickInterceptedException: Element <span class="menu-text"> is not clickable at point (672,45) because another element <div class="load-wrap"> obscures it
Build info: version: '3.141.59', revision: 'e82be7d358', time: '2018-11-14T08:25:53'
System info: host: 'DESKTOP-HO0QCN7', ip: '192.168.50.1', os.name: 'Windows 10', os.arch: 'amd64', os.version: '10.0', java.version: '1.8.0_181'
Driver info: com.kms.katalon.core.webui.driver.firefox.CGeckoDriver
Capabilities {acceptInsecureCerts: true, browserName: firefox, browserVersion: 84.0.2, javascriptEnabled: true, moz:accessibilityChecks: false, moz:buildID: 20210105180113, moz:geckodriverVersion: 0.23.0, moz:headless: false, moz:processID: 20224, moz:profile: C:\Users\Staz Intersiec\App..., moz:shutdownTimeout: 60000, moz:useNonSpecCompliantPointerOrigin: false, moz:webdriverClick: true, pageLoadStrategy: normal, platform: WINDOWS, platformName: WINDOWS, platformVersion: 10.0, proxy: Proxy(direct), rotatable: false, setWindowRect: true, strictFileInteractability: false, timeouts: {implicit: 0, pageLoad: 300000, script: 30000}, unhandledPromptBehavior: dismiss and notify}
Session ID: 78d45b7a-80ce-4c9b-b5b2-9b3d2e49d220
	at org.openqa.selenium.remote.http.W3CHttpResponseCodec.createException(W3CHttpResponseCodec.java:187)
	at org.openqa.selenium.remote.http.W3CHttpResponseCodec.decode(W3CHttpResponseCodec.java:122)
	at org.openqa.selenium.remote.http.W3CHttpResponseCodec.decode(W3CHttpResponseCodec.java:49)
	at org.openqa.selenium.remote.HttpCommandExecutor.execute(HttpCommandExecutor.java:158)
	at org.openqa.selenium.remote.service.DriverCommandExecutor.execute(DriverCommandExecutor.java:83)
	at org.openqa.selenium.remote.RemoteWebDriver.execute(RemoteWebDriver.java:552)
	at com.kms.katalon.selenium.driver.CFirefoxDriver.execute(CFirefoxDriver.java:27)
	at org.openqa.selenium.remote.RemoteWebElement.execute(RemoteWebElement.java:285)
	at org.openqa.selenium.remote.RemoteWebElement.click(RemoteWebElement.java:84)
	at org.openqa.selenium.support.events.EventFiringWebDriver$EventFiringWebElement.lambda$new$0(EventFiringWebDriver.java:404)
	at com.sun.proxy.$Proxy11.click(Unknown Source)
	at org.openqa.selenium.support.events.EventFiringWebDriver$EventFiringWebElement.click(EventFiringWebDriver.java:417)
	at com.kms.katalon.core.webui.keyword.builtin.ClickKeyword$_click_closure1.doCall(ClickKeyword.groovy:68)
	at com.kms.katalon.core.webui.keyword.builtin.ClickKeyword$_click_closure1.call(ClickKeyword.groovy)
	at com.kms.katalon.core.webui.keyword.internal.WebUIKeywordMain.runKeyword(WebUIKeywordMain.groovy:20)
	at com.kms.katalon.core.webui.keyword.builtin.ClickKeyword.click(ClickKeyword.groovy:75)
	at com.kms.katalon.core.webui.keyword.builtin.ClickKeyword.execute(ClickKeyword.groovy:42)
	at com.kms.katalon.core.keyword.internal.KeywordExecutor.executeKeywordForPlatform(KeywordExecutor.groovy:73)
	at com.kms.katalon.core.webui.keyword.WebUiBuiltInKeywords.click(WebUiBuiltInKeywords.groovy:619)
	at com.kms.katalon.core.webui.keyword.WebUiBuiltInKeywords$click$2.call(Unknown Source)
	at Script1611819199916.run(Script1611819199916.groovy:35)
	... 13 more
)

2021-01-29 17:36:16 - [MESSAGE][FAILED] - Unable to click on object 'Object Repository/Strona Główna Nawigacja/Page_Aktualnoci - Aptekarska Szkoa Zarzdzania/span_Artykuy' (Root cause: com.kms.katalon.core.exception.StepFailedException: Unable to click on object 'Object Repository/Strona Główna Nawigacja/Page_Aktualnoci - Aptekarska Szkoa Zarzdzania/span_Artykuy'
	at com.kms.katalon.core.webui.keyword.internal.WebUIKeywordMain.stepFailed(WebUIKeywordMain.groovy:64)
	at com.kms.katalon.core.webui.keyword.internal.WebUIKeywordMain.runKeyword(WebUIKeywordMain.groovy:26)
	at com.kms.katalon.core.webui.keyword.builtin.ClickKeyword.click(ClickKeyword.groovy:75)
	at com.kms.katalon.core.webui.keyword.builtin.ClickKeyword.execute(ClickKeyword.groovy:42)
	at com.kms.katalon.core.keyword.internal.KeywordExecutor.executeKeywordForPlatform(KeywordExecutor.groovy:73)
	at com.kms.katalon.core.webui.keyword.WebUiBuiltInKeywords.click(WebUiBuiltInKeywords.groovy:619)
	at com.kms.katalon.core.webui.keyword.WebUiBuiltInKeywords$click$2.call(Unknown Source)
	at Test Nawigacji - Podstrona Aktualności.run(Test Nawigacji - Podstrona Aktualności:35)
	at com.kms.katalon.core.main.ScriptEngine.run(ScriptEngine.java:194)
	at com.kms.katalon.core.main.ScriptEngine.runScriptAsRawText(ScriptEngine.java:119)
	at com.kms.katalon.core.main.TestCaseExecutor.runScript(TestCaseExecutor.java:398)
	at com.kms.katalon.core.main.TestCaseExecutor.doExecute(TestCaseExecutor.java:389)
	at com.kms.katalon.core.main.TestCaseExecutor.processExecutionPhase(TestCaseExecutor.java:368)
	at com.kms.katalon.core.main.TestCaseExecutor.accessMainPhase(TestCaseExecutor.java:360)
	at com.kms.katalon.core.main.TestCaseExecutor.execute(TestCaseExecutor.java:255)
	at com.kms.katalon.core.main.TestSuiteExecutor.accessTestCaseMainPhase(TestSuiteExecutor.java:203)
	at com.kms.katalon.core.main.TestSuiteExecutor.accessTestSuiteMainPhase(TestSuiteExecutor.java:152)
	at com.kms.katalon.core.main.TestSuiteExecutor.execute(TestSuiteExecutor.java:95)
	at com.kms.katalon.core.main.TestCaseMain.startTestSuite(TestCaseMain.java:157)
	at com.kms.katalon.core.main.TestCaseMain$startTestSuite$0.call(Unknown Source)
	at TempTestSuite1611937992699.run(TempTestSuite1611937992699.groovy:39)
Caused by: org.openqa.selenium.ElementClickInterceptedException: Element <span class="menu-text"> is not clickable at point (672,45) because another element <div class="load-wrap"> obscures it
Build info: version: '3.141.59', revision: 'e82be7d358', time: '2018-11-14T08:25:53'
System info: host: 'DESKTOP-HO0QCN7', ip: '192.168.50.1', os.name: 'Windows 10', os.arch: 'amd64', os.version: '10.0', java.version: '1.8.0_181'
Driver info: com.kms.katalon.core.webui.driver.firefox.CGeckoDriver
Capabilities {acceptInsecureCerts: true, browserName: firefox, browserVersion: 84.0.2, javascriptEnabled: true, moz:accessibilityChecks: false, moz:buildID: 20210105180113, moz:geckodriverVersion: 0.23.0, moz:headless: false, moz:processID: 20224, moz:profile: C:\Users\Staz Intersiec\App..., moz:shutdownTimeout: 60000, moz:useNonSpecCompliantPointerOrigin: false, moz:webdriverClick: true, pageLoadStrategy: normal, platform: WINDOWS, platformName: WINDOWS, platformVersion: 10.0, proxy: Proxy(direct), rotatable: false, setWindowRect: true, strictFileInteractability: false, timeouts: {implicit: 0, pageLoad: 300000, script: 30000}, unhandledPromptBehavior: dismiss and notify}
Session ID: 78d45b7a-80ce-4c9b-b5b2-9b3d2e49d220
	at org.openqa.selenium.remote.http.W3CHttpResponseCodec.createException(W3CHttpResponseCodec.java:187)
	at org.openqa.selenium.remote.http.W3CHttpResponseCodec.decode(W3CHttpResponseCodec.java:122)
	at org.openqa.selenium.remote.http.W3CHttpResponseCodec.decode(W3CHttpResponseCodec.java:49)
	at org.openqa.selenium.remote.HttpCommandExecutor.execute(HttpCommandExecutor.java:158)
	at org.openqa.selenium.remote.service.DriverCommandExecutor.execute(DriverCommandExecutor.java:83)
	at org.openqa.selenium.remote.RemoteWebDriver.execute(RemoteWebDriver.java:552)
	at com.kms.katalon.selenium.driver.CFirefoxDriver.execute(CFirefoxDriver.java:27)
	at org.openqa.selenium.remote.RemoteWebElement.execute(RemoteWebElement.java:285)
	at org.openqa.selenium.remote.RemoteWebElement.click(RemoteWebElement.java:84)
	at org.openqa.selenium.support.events.EventFiringWebDriver$EventFiringWebElement.lambda$new$0(EventFiringWebDriver.java:404)
	at com.sun.proxy.$Proxy11.click(Unknown Source)
	at org.openqa.selenium.support.events.EventFiringWebDriver$EventFiringWebElement.click(EventFiringWebDriver.java:417)
	at com.kms.katalon.core.webui.keyword.builtin.ClickKeyword$_click_closure1.doCall(ClickKeyword.groovy:68)
	at com.kms.katalon.core.webui.keyword.builtin.ClickKeyword$_click_closure1.call(ClickKeyword.groovy)
	at com.kms.katalon.core.webui.keyword.internal.WebUIKeywordMain.runKeyword(WebUIKeywordMain.groovy:20)
	at com.kms.katalon.core.webui.keyword.builtin.ClickKeyword.click(ClickKeyword.groovy:75)
	at com.kms.katalon.core.webui.keyword.builtin.ClickKeyword.execute(ClickKeyword.groovy:42)
	at com.kms.katalon.core.keyword.internal.KeywordExecutor.executeKeywordForPlatform(KeywordExecutor.groovy:73)
	at com.kms.katalon.core.webui.keyword.WebUiBuiltInKeywords.click(WebUiBuiltInKeywords.groovy:619)
	at com.kms.katalon.core.webui.keyword.WebUiBuiltInKeywords$click$2.call(Unknown Source)
	at Script1611819199916.run(Script1611819199916.groovy:35)
	... 13 more
)
[[ATTACHMENT|C:\\Users\\Staz Intersiec\\Documents\\Aptekarska.pl_UI_Tests\\Reports\\20210129_173257\\Aktualno\u015Bci\\20210129_173312\\1611938176299.png]]]]></system-out>
         <system-err><![CDATA[2021-01-29 17:35:32 - [TEST_CASE][FAILED] - Test Cases/Aktualności/Test Nawigacji - Podstrona Aktualności: Test Cases/Aktualności/Test Nawigacji - Podstrona Aktualności FAILED.
Reason:
com.kms.katalon.core.exception.StepFailedException: Unable to click on object 'Object Repository/Strona Główna Nawigacja/Page_Aktualnoci - Aptekarska Szkoa Zarzdzania/span_Artykuy'
	at com.kms.katalon.core.webui.keyword.internal.WebUIKeywordMain.stepFailed(WebUIKeywordMain.groovy:64)
	at com.kms.katalon.core.webui.keyword.internal.WebUIKeywordMain.runKeyword(WebUIKeywordMain.groovy:26)
	at com.kms.katalon.core.webui.keyword.builtin.ClickKeyword.click(ClickKeyword.groovy:75)
	at com.kms.katalon.core.webui.keyword.builtin.ClickKeyword.execute(ClickKeyword.groovy:42)
	at com.kms.katalon.core.keyword.internal.KeywordExecutor.executeKeywordForPlatform(KeywordExecutor.groovy:73)
	at com.kms.katalon.core.webui.keyword.WebUiBuiltInKeywords.click(WebUiBuiltInKeywords.groovy:619)
	at com.kms.katalon.core.webui.keyword.WebUiBuiltInKeywords$click$2.call(Unknown Source)
	at Test Nawigacji - Podstrona Aktualności.run(Test Nawigacji - Podstrona Aktualności:35)
	at com.kms.katalon.core.main.ScriptEngine.run(ScriptEngine.java:194)
	at com.kms.katalon.core.main.ScriptEngine.runScriptAsRawText(ScriptEngine.java:119)
	at com.kms.katalon.core.main.TestCaseExecutor.runScript(TestCaseExecutor.java:398)
	at com.kms.katalon.core.main.TestCaseExecutor.doExecute(TestCaseExecutor.java:389)
	at com.kms.katalon.core.main.TestCaseExecutor.processExecutionPhase(TestCaseExecutor.java:368)
	at com.kms.katalon.core.main.TestCaseExecutor.accessMainPhase(TestCaseExecutor.java:360)
	at com.kms.katalon.core.main.TestCaseExecutor.execute(TestCaseExecutor.java:255)
	at com.kms.katalon.core.main.TestSuiteExecutor.accessTestCaseMainPhase(TestSuiteExecutor.java:203)
	at com.kms.katalon.core.main.TestSuiteExecutor.accessTestSuiteMainPhase(TestSuiteExecutor.java:152)
	at com.kms.katalon.core.main.TestSuiteExecutor.execute(TestSuiteExecutor.java:95)
	at com.kms.katalon.core.main.TestCaseMain.startTestSuite(TestCaseMain.java:157)
	at com.kms.katalon.core.main.TestCaseMain$startTestSuite$0.call(Unknown Source)
	at TempTestSuite1611937992699.run(TempTestSuite1611937992699.groovy:39)
Caused by: org.openqa.selenium.ElementClickInterceptedException: Element <span class="menu-text"> is not clickable at point (672,45) because another element <div class="load-wrap"> obscures it
Build info: version: '3.141.59', revision: 'e82be7d358', time: '2018-11-14T08:25:53'
System info: host: 'DESKTOP-HO0QCN7', ip: '192.168.50.1', os.name: 'Windows 10', os.arch: 'amd64', os.version: '10.0', java.version: '1.8.0_181'
Driver info: com.kms.katalon.core.webui.driver.firefox.CGeckoDriver
Capabilities {acceptInsecureCerts: true, browserName: firefox, browserVersion: 84.0.2, javascriptEnabled: true, moz:accessibilityChecks: false, moz:buildID: 20210105180113, moz:geckodriverVersion: 0.23.0, moz:headless: false, moz:processID: 20224, moz:profile: C:\Users\Staz Intersiec\App..., moz:shutdownTimeout: 60000, moz:useNonSpecCompliantPointerOrigin: false, moz:webdriverClick: true, pageLoadStrategy: normal, platform: WINDOWS, platformName: WINDOWS, platformVersion: 10.0, proxy: Proxy(direct), rotatable: false, setWindowRect: true, strictFileInteractability: false, timeouts: {implicit: 0, pageLoad: 300000, script: 30000}, unhandledPromptBehavior: dismiss and notify}
Session ID: 78d45b7a-80ce-4c9b-b5b2-9b3d2e49d220
	at org.openqa.selenium.remote.http.W3CHttpResponseCodec.createException(W3CHttpResponseCodec.java:187)
	at org.openqa.selenium.remote.http.W3CHttpResponseCodec.decode(W3CHttpResponseCodec.java:122)
	at org.openqa.selenium.remote.http.W3CHttpResponseCodec.decode(W3CHttpResponseCodec.java:49)
	at org.openqa.selenium.remote.HttpCommandExecutor.execute(HttpCommandExecutor.java:158)
	at org.openqa.selenium.remote.service.DriverCommandExecutor.execute(DriverCommandExecutor.java:83)
	at org.openqa.selenium.remote.RemoteWebDriver.execute(RemoteWebDriver.java:552)
	at com.kms.katalon.selenium.driver.CFirefoxDriver.execute(CFirefoxDriver.java:27)
	at org.openqa.selenium.remote.RemoteWebElement.execute(RemoteWebElement.java:285)
	at org.openqa.selenium.remote.RemoteWebElement.click(RemoteWebElement.java:84)
	at org.openqa.selenium.support.events.EventFiringWebDriver$EventFiringWebElement.lambda$new$0(EventFiringWebDriver.java:404)
	at com.sun.proxy.$Proxy11.click(Unknown Source)
	at org.openqa.selenium.support.events.EventFiringWebDriver$EventFiringWebElement.click(EventFiringWebDriver.java:417)
	at com.kms.katalon.core.webui.keyword.builtin.ClickKeyword$_click_closure1.doCall(ClickKeyword.groovy:68)
	at com.kms.katalon.core.webui.keyword.builtin.ClickKeyword$_click_closure1.call(ClickKeyword.groovy)
	at com.kms.katalon.core.webui.keyword.internal.WebUIKeywordMain.runKeyword(WebUIKeywordMain.groovy:20)
	... 19 more]]></system-err>
      </testcase>
      <testcase name="Test Cases/Aktualności/Test Przewijania Strony - Podstrona Aktualności" time="17.633" classname="Test Cases/Aktualności/Test Przewijania Strony - Podstrona Aktualności" status="PASSED">
         <system-out><![CDATA[2021-01-29 17:36:16 - [TEST_CASE][PASSED] - Test Cases/Aktualności/Test Przewijania Strony - Podstrona Aktualności: Test Cases/Aktualności/Test Przewijania Strony - Podstrona Aktualności

2021-01-29 17:36:16 - [TEST_STEP][PASSED] - openBrowser(""): Browser is opened with url: ''

2021-01-29 17:36:16 - [MESSAGE][WARNING] - A browser is already opened. Closing browser and opening a new one

2021-01-29 17:36:18 - [MESSAGE][INFO] - Starting 'Firefox' driver

2021-01-29 17:36:18 - [MESSAGE][INFO] - Action delay is set to 0 milliseconds

2021-01-29 17:36:23 - [MESSAGE][PASSED] - Browser is opened with url: ''

2021-01-29 17:36:23 - [TEST_STEP][PASSED] - navigateToUrl("https://www.aptekarska.pl/aktualnosci/"): Navigate to 'https://www.aptekarska.pl/aktualnosci/' successfully

2021-01-29 17:36:29 - [MESSAGE][PASSED] - Navigate to 'https://www.aptekarska.pl/aktualnosci/' successfully

2021-01-29 17:36:29 - [TEST_STEP][PASSED] - click(findTestObject("Object Repository/Strona Główna Przewijanie/Page_Aptekarska Szkoa Zarzdzania Szkolenia _8ea30e/button_Akceptuj wszystko")): Object: 'Object Repository/Strona Główna Przewijanie/Page_Aptekarska Szkoa Zarzdzania Szkolenia _8ea30e/button_Akceptuj wszystko' is clicked on

2021-01-29 17:36:30 - [MESSAGE][PASSED] - Object: 'Object Repository/Strona Główna Przewijanie/Page_Aptekarska Szkoa Zarzdzania Szkolenia _8ea30e/button_Akceptuj wszystko' is clicked on

2021-01-29 17:36:30 - [TEST_STEP][PASSED] - scrollToElement(findTestObject("Spy - Podstrona Aktualności/Page_Aktualnoci - Aptekarska Szkoa Zarzdzania/div_Czytaj Wicej_wf-container-footer"), 0): Scroll to object 'Object Repository/Spy - Podstrona Aktualności/Page_Aktualnoci - Aptekarska Szkoa Zarzdzania/div_Czytaj Wicej_wf-container-footer' successfully

2021-01-29 17:36:30 - [MESSAGE][WARNING] - Timeout '0' is invalid. Using default page load timeout: '30'

2021-01-29 17:36:31 - [MESSAGE][PASSED] - Scroll to object 'Object Repository/Spy - Podstrona Aktualności/Page_Aktualnoci - Aptekarska Szkoa Zarzdzania/div_Czytaj Wicej_wf-container-footer' successfully

2021-01-29 17:36:31 - [TEST_STEP][PASSED] - click(findTestObject("Spy - Podstrona Aktualności/Page_Aktualnoci - Aptekarska Szkoa Zarzdzania/a_Do gry")): Object: 'Object Repository/Spy - Podstrona Aktualności/Page_Aktualnoci - Aptekarska Szkoa Zarzdzania/a_Do gry' is clicked on

2021-01-29 17:36:32 - [MESSAGE][PASSED] - Object: 'Object Repository/Spy - Podstrona Aktualności/Page_Aktualnoci - Aptekarska Szkoa Zarzdzania/a_Do gry' is clicked on

2021-01-29 17:36:32 - [TEST_STEP][PASSED] - closeBrowser(): Browser is closed

2021-01-29 17:36:34 - [MESSAGE][PASSED] - Browser is closed]]></system-out>
         <system-err><![CDATA[]]></system-err>
      </testcase>
      <testcase name="Test Cases/Aktualności/Test Przycisków - Podstrona Aktualności - Back with link" time="21.332" classname="Test Cases/Aktualności/Test Przycisków - Podstrona Aktualności - Back with link" status="FAILED">
         <failure type="FAILED" message="Test Cases/Aktualności/Test Przycisków - Podstrona Aktualności - Back with link FAILED.
Reason:
com.kms.katalon.core.exception.StepFailedException: Actual object 'https://www.aptekarska.pl/category/aktualnosci/' and expected object 'https://www.aptekarska.pl/aktualnosci/' are not equal
	at com.kms.katalon.core.keyword.builtin.VerifyEqualKeyword$_verifyEqual_closure1.doCall(VerifyEqualKeyword.groovy:58)
	at com.kms.katalon.core.keyword.builtin.VerifyEqualKeyword$_verifyEqual_closure1.call(VerifyEqualKeyword.groovy)
	at com.kms.katalon.core.keyword.internal.KeywordMain.runKeyword(KeywordMain.groovy:68)
	at com.kms.katalon.core.keyword.builtin.VerifyEqualKeyword.verifyEqual(VerifyEqualKeyword.groovy:63)
	at com.kms.katalon.core.keyword.builtin.VerifyEqualKeyword.execute(VerifyEqualKeyword.groovy:44)
	at com.kms.katalon.core.keyword.internal.KeywordExecutor.executeKeywordForPlatform(KeywordExecutor.groovy:73)
	at com.kms.katalon.core.keyword.BuiltinKeywords.verifyEqual(BuiltinKeywords.groovy:141)
	at Test Przycisków - Podstrona Aktualności - Back with link.run(Test Przycisków - Podstrona Aktualności - Back with link:39)
	at com.kms.katalon.core.main.ScriptEngine.run(ScriptEngine.java:194)
	at com.kms.katalon.core.main.ScriptEngine.runScriptAsRawText(ScriptEngine.java:119)
	at com.kms.katalon.core.main.TestCaseExecutor.runScript(TestCaseExecutor.java:398)
	at com.kms.katalon.core.main.TestCaseExecutor.doExecute(TestCaseExecutor.java:389)
	at com.kms.katalon.core.main.TestCaseExecutor.processExecutionPhase(TestCaseExecutor.java:368)
	at com.kms.katalon.core.main.TestCaseExecutor.accessMainPhase(TestCaseExecutor.java:360)
	at com.kms.katalon.core.main.TestCaseExecutor.execute(TestCaseExecutor.java:255)
	at com.kms.katalon.core.main.TestSuiteExecutor.accessTestCaseMainPhase(TestSuiteExecutor.java:203)
	at com.kms.katalon.core.main.TestSuiteExecutor.accessTestSuiteMainPhase(TestSuiteExecutor.java:152)
	at com.kms.katalon.core.main.TestSuiteExecutor.execute(TestSuiteExecutor.java:95)
	at com.kms.katalon.core.main.TestCaseMain.startTestSuite(TestCaseMain.java:157)
	at com.kms.katalon.core.main.TestCaseMain$startTestSuite$0.call(Unknown Source)
	at TempTestSuite1611937992699.run(TempTestSuite1611937992699.groovy:39)
"/>
         <system-out><![CDATA[2021-01-29 17:36:34 - [TEST_CASE][FAILED] - Test Cases/Aktualności/Test Przycisków - Podstrona Aktualności - Back with link: Test Cases/Aktualności/Test Przycisków - Podstrona Aktualności - Back with link FAILED.
Reason:
com.kms.katalon.core.exception.StepFailedException: Actual object 'https://www.aptekarska.pl/category/aktualnosci/' and expected object 'https://www.aptekarska.pl/aktualnosci/' are not equal
	at com.kms.katalon.core.keyword.builtin.VerifyEqualKeyword$_verifyEqual_closure1.doCall(VerifyEqualKeyword.groovy:58)
	at com.kms.katalon.core.keyword.builtin.VerifyEqualKeyword$_verifyEqual_closure1.call(VerifyEqualKeyword.groovy)
	at com.kms.katalon.core.keyword.internal.KeywordMain.runKeyword(KeywordMain.groovy:68)
	at com.kms.katalon.core.keyword.builtin.VerifyEqualKeyword.verifyEqual(VerifyEqualKeyword.groovy:63)
	at com.kms.katalon.core.keyword.builtin.VerifyEqualKeyword.execute(VerifyEqualKeyword.groovy:44)
	at com.kms.katalon.core.keyword.internal.KeywordExecutor.executeKeywordForPlatform(KeywordExecutor.groovy:73)
	at com.kms.katalon.core.keyword.BuiltinKeywords.verifyEqual(BuiltinKeywords.groovy:141)
	at Test Przycisków - Podstrona Aktualności - Back with link.run(Test Przycisków - Podstrona Aktualności - Back with link:39)
	at com.kms.katalon.core.main.ScriptEngine.run(ScriptEngine.java:194)
	at com.kms.katalon.core.main.ScriptEngine.runScriptAsRawText(ScriptEngine.java:119)
	at com.kms.katalon.core.main.TestCaseExecutor.runScript(TestCaseExecutor.java:398)
	at com.kms.katalon.core.main.TestCaseExecutor.doExecute(TestCaseExecutor.java:389)
	at com.kms.katalon.core.main.TestCaseExecutor.processExecutionPhase(TestCaseExecutor.java:368)
	at com.kms.katalon.core.main.TestCaseExecutor.accessMainPhase(TestCaseExecutor.java:360)
	at com.kms.katalon.core.main.TestCaseExecutor.execute(TestCaseExecutor.java:255)
	at com.kms.katalon.core.main.TestSuiteExecutor.accessTestCaseMainPhase(TestSuiteExecutor.java:203)
	at com.kms.katalon.core.main.TestSuiteExecutor.accessTestSuiteMainPhase(TestSuiteExecutor.java:152)
	at com.kms.katalon.core.main.TestSuiteExecutor.execute(TestSuiteExecutor.java:95)
	at com.kms.katalon.core.main.TestCaseMain.startTestSuite(TestCaseMain.java:157)
	at com.kms.katalon.core.main.TestCaseMain$startTestSuite$0.call(Unknown Source)
	at TempTestSuite1611937992699.run(TempTestSuite1611937992699.groovy:39)


2021-01-29 17:36:34 - [TEST_STEP][PASSED] - openBrowser(""): Browser is opened with url: ''

2021-01-29 17:36:34 - [MESSAGE][INFO] - Starting 'Firefox' driver

2021-01-29 17:36:34 - [MESSAGE][INFO] - Action delay is set to 0 milliseconds

2021-01-29 17:36:39 - [MESSAGE][PASSED] - Browser is opened with url: ''

2021-01-29 17:36:39 - [TEST_STEP][PASSED] - maximizeWindow(): Current window maximized

2021-01-29 17:36:39 - [MESSAGE][PASSED] - Current window maximized

2021-01-29 17:36:39 - [TEST_STEP][PASSED] - navigateToUrl("https://www.aptekarska.pl/aktualnosci/"): Navigate to 'https://www.aptekarska.pl/aktualnosci/' successfully

2021-01-29 17:36:44 - [MESSAGE][PASSED] - Navigate to 'https://www.aptekarska.pl/aktualnosci/' successfully

2021-01-29 17:36:44 - [TEST_STEP][PASSED] - click(findTestObject("Object Repository/Podstrona Aktualności Przyciski/Page_WEBINAR nt. recept - Aptekarska Szkoa _d7070e/button_Nie zgadzam si")): Object: 'Object Repository/Podstrona Aktualności Przyciski/Page_WEBINAR nt. recept - Aptekarska Szkoa _d7070e/button_Nie zgadzam si' is clicked on

2021-01-29 17:36:45 - [MESSAGE][PASSED] - Object: 'Object Repository/Podstrona Aktualności Przyciski/Page_WEBINAR nt. recept - Aptekarska Szkoa _d7070e/button_Nie zgadzam si' is clicked on

2021-01-29 17:36:45 - [TEST_STEP][PASSED] - click(findTestObject("Object Repository/Podstrona Aktualności Przyciski/Page_Aktualnoci - Aptekarska Szkoa Zarzdzania/span_Sortuj po dacie_filter-switch left-act_ca62bb")): Object: 'Object Repository/Podstrona Aktualności Przyciski/Page_Aktualnoci - Aptekarska Szkoa Zarzdzania/span_Sortuj po dacie_filter-switch left-act_ca62bb' is clicked on

2021-01-29 17:36:46 - [MESSAGE][PASSED] - Object: 'Object Repository/Podstrona Aktualności Przyciski/Page_Aktualnoci - Aptekarska Szkoa Zarzdzania/span_Sortuj po dacie_filter-switch left-act_ca62bb' is clicked on

2021-01-29 17:36:46 - [TEST_STEP][PASSED] - click(findTestObject("Object Repository/Podstrona Aktualności Przyciski/Page_Aktualnoci - Aptekarska Szkoa Zarzdzania/span_Sortuj po dacie_filter-switch-toggle")): Object: 'Object Repository/Podstrona Aktualności Przyciski/Page_Aktualnoci - Aptekarska Szkoa Zarzdzania/span_Sortuj po dacie_filter-switch-toggle' is clicked on

2021-01-29 17:36:47 - [MESSAGE][PASSED] - Object: 'Object Repository/Podstrona Aktualności Przyciski/Page_Aktualnoci - Aptekarska Szkoa Zarzdzania/span_Sortuj po dacie_filter-switch-toggle' is clicked on

2021-01-29 17:36:47 - [TEST_STEP][PASSED] - click(findTestObject("Object Repository/Podstrona Aktualności Przyciski/Page_Aktualnoci - Aptekarska Szkoa Zarzdzania/span_Malejco_filter-switch-toggle")): Object: 'Object Repository/Podstrona Aktualności Przyciski/Page_Aktualnoci - Aptekarska Szkoa Zarzdzania/span_Malejco_filter-switch-toggle' is clicked on

2021-01-29 17:36:48 - [MESSAGE][PASSED] - Object: 'Object Repository/Podstrona Aktualności Przyciski/Page_Aktualnoci - Aptekarska Szkoa Zarzdzania/span_Malejco_filter-switch-toggle' is clicked on

2021-01-29 17:36:48 - [TEST_STEP][PASSED] - click(findTestObject("Object Repository/Podstrona Aktualności Przyciski/Page_Aktualnoci - Aptekarska Szkoa Zarzdzania/span_Malejco_filter-switch-toggle_1")): Object: 'Object Repository/Podstrona Aktualności Przyciski/Page_Aktualnoci - Aptekarska Szkoa Zarzdzania/span_Malejco_filter-switch-toggle_1' is clicked on

2021-01-29 17:36:48 - [MESSAGE][PASSED] - Object: 'Object Repository/Podstrona Aktualności Przyciski/Page_Aktualnoci - Aptekarska Szkoa Zarzdzania/span_Malejco_filter-switch-toggle_1' is clicked on

2021-01-29 17:36:48 - [TEST_STEP][PASSED] - click(findTestObject("Object Repository/Podstrona Aktualności Przyciski/Page_Aktualnoci - Aptekarska Szkoa Zarzdzania/a_Rosnco_post-thumbnail-rollover")): Object: 'Object Repository/Podstrona Aktualności Przyciski/Page_Aktualnoci - Aptekarska Szkoa Zarzdzania/a_Rosnco_post-thumbnail-rollover' is clicked on

2021-01-29 17:36:51 - [MESSAGE][PASSED] - Object: 'Object Repository/Podstrona Aktualności Przyciski/Page_Aktualnoci - Aptekarska Szkoa Zarzdzania/a_Rosnco_post-thumbnail-rollover' is clicked on

2021-01-29 17:36:51 - [TEST_STEP][PASSED] - getUrl(): Current window's url is: 'https://www.aptekarska.pl/2021/01/25/webinar-nt-recept/'

2021-01-29 17:36:51 - [MESSAGE][PASSED] - Current window's url is: 'https://www.aptekarska.pl/2021/01/25/webinar-nt-recept/'

2021-01-29 17:36:51 - [TEST_STEP][PASSED] - verifyEqual(getUrl(), "https://www.aptekarska.pl/2021/01/25/webinar-nt-recept/"): Actual object 'https://www.aptekarska.pl/2021/01/25/webinar-nt-recept/' and expected object 'https://www.aptekarska.pl/2021/01/25/webinar-nt-recept/' are equal

2021-01-29 17:36:51 - [MESSAGE][PASSED] - Current window's url is: 'https://www.aptekarska.pl/2021/01/25/webinar-nt-recept/'

2021-01-29 17:36:51 - [MESSAGE][PASSED] - Actual object 'https://www.aptekarska.pl/2021/01/25/webinar-nt-recept/' and expected object 'https://www.aptekarska.pl/2021/01/25/webinar-nt-recept/' are equal

2021-01-29 17:36:51 - [TEST_STEP][PASSED] - click(findTestObject("Object Repository/Podstrona Aktualności Przyciski/Page_WEBINAR nt. recept - Aptekarska Szkoa _d7070e/span_Aktualnoci")): Object: 'Object Repository/Podstrona Aktualności Przyciski/Page_WEBINAR nt. recept - Aptekarska Szkoa _d7070e/span_Aktualnoci' is clicked on

2021-01-29 17:36:55 - [MESSAGE][PASSED] - Object: 'Object Repository/Podstrona Aktualności Przyciski/Page_WEBINAR nt. recept - Aptekarska Szkoa _d7070e/span_Aktualnoci' is clicked on

2021-01-29 17:36:55 - [TEST_STEP][PASSED] - getUrl(): Current window's url is: 'https://www.aptekarska.pl/category/aktualnosci/'

2021-01-29 17:36:55 - [MESSAGE][PASSED] - Current window's url is: 'https://www.aptekarska.pl/category/aktualnosci/'

2021-01-29 17:36:55 - [TEST_STEP][FAILED] - verifyEqual(getUrl(), "https://www.aptekarska.pl/aktualnosci/"): Unable to verify equal between actual object 'https://www.aptekarska.pl/category/aktualnosci/' and expected object 'https://www.aptekarska.pl/aktualnosci/' (Root cause: com.kms.katalon.core.exception.StepFailedException: Actual object 'https://www.aptekarska.pl/category/aktualnosci/' and expected object 'https://www.aptekarska.pl/aktualnosci/' are not equal
	at com.kms.katalon.core.keyword.builtin.VerifyEqualKeyword$_verifyEqual_closure1.doCall(VerifyEqualKeyword.groovy:58)
	at com.kms.katalon.core.keyword.builtin.VerifyEqualKeyword$_verifyEqual_closure1.call(VerifyEqualKeyword.groovy)
	at com.kms.katalon.core.keyword.internal.KeywordMain.runKeyword(KeywordMain.groovy:68)
	at com.kms.katalon.core.keyword.builtin.VerifyEqualKeyword.verifyEqual(VerifyEqualKeyword.groovy:63)
	at com.kms.katalon.core.keyword.builtin.VerifyEqualKeyword.execute(VerifyEqualKeyword.groovy:44)
	at com.kms.katalon.core.keyword.internal.KeywordExecutor.executeKeywordForPlatform(KeywordExecutor.groovy:73)
	at com.kms.katalon.core.keyword.BuiltinKeywords.verifyEqual(BuiltinKeywords.groovy:141)
	at Test Przycisków - Podstrona Aktualności - Back with link.run(Test Przycisków - Podstrona Aktualności - Back with link:39)
	at com.kms.katalon.core.main.ScriptEngine.run(ScriptEngine.java:194)
	at com.kms.katalon.core.main.ScriptEngine.runScriptAsRawText(ScriptEngine.java:119)
	at com.kms.katalon.core.main.TestCaseExecutor.runScript(TestCaseExecutor.java:398)
	at com.kms.katalon.core.main.TestCaseExecutor.doExecute(TestCaseExecutor.java:389)
	at com.kms.katalon.core.main.TestCaseExecutor.processExecutionPhase(TestCaseExecutor.java:368)
	at com.kms.katalon.core.main.TestCaseExecutor.accessMainPhase(TestCaseExecutor.java:360)
	at com.kms.katalon.core.main.TestCaseExecutor.execute(TestCaseExecutor.java:255)
	at com.kms.katalon.core.main.TestSuiteExecutor.accessTestCaseMainPhase(TestSuiteExecutor.java:203)
	at com.kms.katalon.core.main.TestSuiteExecutor.accessTestSuiteMainPhase(TestSuiteExecutor.java:152)
	at com.kms.katalon.core.main.TestSuiteExecutor.execute(TestSuiteExecutor.java:95)
	at com.kms.katalon.core.main.TestCaseMain.startTestSuite(TestCaseMain.java:157)
	at com.kms.katalon.core.main.TestCaseMain$startTestSuite$0.call(Unknown Source)
	at TempTestSuite1611937992699.run(TempTestSuite1611937992699.groovy:39)
)

2021-01-29 17:36:55 - [MESSAGE][PASSED] - Current window's url is: 'https://www.aptekarska.pl/category/aktualnosci/'

2021-01-29 17:36:55 - [MESSAGE][FAILED] - Unable to verify equal between actual object 'https://www.aptekarska.pl/category/aktualnosci/' and expected object 'https://www.aptekarska.pl/aktualnosci/' (Root cause: com.kms.katalon.core.exception.StepFailedException: Actual object 'https://www.aptekarska.pl/category/aktualnosci/' and expected object 'https://www.aptekarska.pl/aktualnosci/' are not equal
	at com.kms.katalon.core.keyword.builtin.VerifyEqualKeyword$_verifyEqual_closure1.doCall(VerifyEqualKeyword.groovy:58)
	at com.kms.katalon.core.keyword.builtin.VerifyEqualKeyword$_verifyEqual_closure1.call(VerifyEqualKeyword.groovy)
	at com.kms.katalon.core.keyword.internal.KeywordMain.runKeyword(KeywordMain.groovy:68)
	at com.kms.katalon.core.keyword.builtin.VerifyEqualKeyword.verifyEqual(VerifyEqualKeyword.groovy:63)
	at com.kms.katalon.core.keyword.builtin.VerifyEqualKeyword.execute(VerifyEqualKeyword.groovy:44)
	at com.kms.katalon.core.keyword.internal.KeywordExecutor.executeKeywordForPlatform(KeywordExecutor.groovy:73)
	at com.kms.katalon.core.keyword.BuiltinKeywords.verifyEqual(BuiltinKeywords.groovy:141)
	at Test Przycisków - Podstrona Aktualności - Back with link.run(Test Przycisków - Podstrona Aktualności - Back with link:39)
	at com.kms.katalon.core.main.ScriptEngine.run(ScriptEngine.java:194)
	at com.kms.katalon.core.main.ScriptEngine.runScriptAsRawText(ScriptEngine.java:119)
	at com.kms.katalon.core.main.TestCaseExecutor.runScript(TestCaseExecutor.java:398)
	at com.kms.katalon.core.main.TestCaseExecutor.doExecute(TestCaseExecutor.java:389)
	at com.kms.katalon.core.main.TestCaseExecutor.processExecutionPhase(TestCaseExecutor.java:368)
	at com.kms.katalon.core.main.TestCaseExecutor.accessMainPhase(TestCaseExecutor.java:360)
	at com.kms.katalon.core.main.TestCaseExecutor.execute(TestCaseExecutor.java:255)
	at com.kms.katalon.core.main.TestSuiteExecutor.accessTestCaseMainPhase(TestSuiteExecutor.java:203)
	at com.kms.katalon.core.main.TestSuiteExecutor.accessTestSuiteMainPhase(TestSuiteExecutor.java:152)
	at com.kms.katalon.core.main.TestSuiteExecutor.execute(TestSuiteExecutor.java:95)
	at com.kms.katalon.core.main.TestCaseMain.startTestSuite(TestCaseMain.java:157)
	at com.kms.katalon.core.main.TestCaseMain$startTestSuite$0.call(Unknown Source)
	at TempTestSuite1611937992699.run(TempTestSuite1611937992699.groovy:39)
)]]></system-out>
         <system-err><![CDATA[2021-01-29 17:36:34 - [TEST_CASE][FAILED] - Test Cases/Aktualności/Test Przycisków - Podstrona Aktualności - Back with link: Test Cases/Aktualności/Test Przycisków - Podstrona Aktualności - Back with link FAILED.
Reason:
com.kms.katalon.core.exception.StepFailedException: Actual object 'https://www.aptekarska.pl/category/aktualnosci/' and expected object 'https://www.aptekarska.pl/aktualnosci/' are not equal
	at com.kms.katalon.core.keyword.builtin.VerifyEqualKeyword$_verifyEqual_closure1.doCall(VerifyEqualKeyword.groovy:58)
	at com.kms.katalon.core.keyword.builtin.VerifyEqualKeyword$_verifyEqual_closure1.call(VerifyEqualKeyword.groovy)
	at com.kms.katalon.core.keyword.internal.KeywordMain.runKeyword(KeywordMain.groovy:68)
	at com.kms.katalon.core.keyword.builtin.VerifyEqualKeyword.verifyEqual(VerifyEqualKeyword.groovy:63)
	at com.kms.katalon.core.keyword.builtin.VerifyEqualKeyword.execute(VerifyEqualKeyword.groovy:44)
	at com.kms.katalon.core.keyword.internal.KeywordExecutor.executeKeywordForPlatform(KeywordExecutor.groovy:73)
	at com.kms.katalon.core.keyword.BuiltinKeywords.verifyEqual(BuiltinKeywords.groovy:141)
	at Test Przycisków - Podstrona Aktualności - Back with link.run(Test Przycisków - Podstrona Aktualności - Back with link:39)
	at com.kms.katalon.core.main.ScriptEngine.run(ScriptEngine.java:194)
	at com.kms.katalon.core.main.ScriptEngine.runScriptAsRawText(ScriptEngine.java:119)
	at com.kms.katalon.core.main.TestCaseExecutor.runScript(TestCaseExecutor.java:398)
	at com.kms.katalon.core.main.TestCaseExecutor.doExecute(TestCaseExecutor.java:389)
	at com.kms.katalon.core.main.TestCaseExecutor.processExecutionPhase(TestCaseExecutor.java:368)
	at com.kms.katalon.core.main.TestCaseExecutor.accessMainPhase(TestCaseExecutor.java:360)
	at com.kms.katalon.core.main.TestCaseExecutor.execute(TestCaseExecutor.java:255)
	at com.kms.katalon.core.main.TestSuiteExecutor.accessTestCaseMainPhase(TestSuiteExecutor.java:203)
	at com.kms.katalon.core.main.TestSuiteExecutor.accessTestSuiteMainPhase(TestSuiteExecutor.java:152)
	at com.kms.katalon.core.main.TestSuiteExecutor.execute(TestSuiteExecutor.java:95)
	at com.kms.katalon.core.main.TestCaseMain.startTestSuite(TestCaseMain.java:157)
	at com.kms.katalon.core.main.TestCaseMain$startTestSuite$0.call(Unknown Source)
	at TempTestSuite1611937992699.run(TempTestSuite1611937992699.groovy:39)]]></system-err>
      </testcase>
      <testcase name="Test Cases/Aktualności/Test Przycisków - Podstrona Aktualności Back with browser" time="62.004" classname="Test Cases/Aktualności/Test Przycisków - Podstrona Aktualności Back with browser" status="PASSED">
         <system-out><![CDATA[2021-01-29 17:36:55 - [TEST_CASE][PASSED] - Test Cases/Aktualności/Test Przycisków - Podstrona Aktualności Back with browser: Test Cases/Aktualności/Test Przycisków - Podstrona Aktualności Back with browser

2021-01-29 17:36:56 - [TEST_STEP][PASSED] - openBrowser(""): Browser is opened with url: ''

2021-01-29 17:36:56 - [MESSAGE][WARNING] - A browser is already opened. Closing browser and opening a new one

2021-01-29 17:36:57 - [MESSAGE][INFO] - Starting 'Firefox' driver

2021-01-29 17:36:57 - [MESSAGE][INFO] - Action delay is set to 0 milliseconds

2021-01-29 17:37:02 - [MESSAGE][PASSED] - Browser is opened with url: ''

2021-01-29 17:37:02 - [TEST_STEP][PASSED] - maximizeWindow(): Current window maximized

2021-01-29 17:37:03 - [MESSAGE][PASSED] - Current window maximized

2021-01-29 17:37:03 - [TEST_STEP][PASSED] - navigateToUrl("https://www.aptekarska.pl/aktualnosci/"): Navigate to 'https://www.aptekarska.pl/aktualnosci/' successfully

2021-01-29 17:37:08 - [MESSAGE][PASSED] - Navigate to 'https://www.aptekarska.pl/aktualnosci/' successfully

2021-01-29 17:37:08 - [TEST_STEP][PASSED] - click(findTestObject("Object Repository/Podstrona Aktualności Przyciski/Page_WEBINAR nt. recept - Aptekarska Szkoa _d7070e/button_Nie zgadzam si")): Object: 'Object Repository/Podstrona Aktualności Przyciski/Page_WEBINAR nt. recept - Aptekarska Szkoa _d7070e/button_Nie zgadzam si' is clicked on

2021-01-29 17:37:09 - [MESSAGE][PASSED] - Object: 'Object Repository/Podstrona Aktualności Przyciski/Page_WEBINAR nt. recept - Aptekarska Szkoa _d7070e/button_Nie zgadzam si' is clicked on

2021-01-29 17:37:09 - [TEST_STEP][PASSED] - click(findTestObject("Object Repository/Podstrona Aktualności Przyciski/Page_Aktualnoci - Aptekarska Szkoa Zarzdzania/span_Sortuj po dacie_filter-switch left-act_ca62bb")): Object: 'Object Repository/Podstrona Aktualności Przyciski/Page_Aktualnoci - Aptekarska Szkoa Zarzdzania/span_Sortuj po dacie_filter-switch left-act_ca62bb' is clicked on

2021-01-29 17:37:10 - [MESSAGE][PASSED] - Object: 'Object Repository/Podstrona Aktualności Przyciski/Page_Aktualnoci - Aptekarska Szkoa Zarzdzania/span_Sortuj po dacie_filter-switch left-act_ca62bb' is clicked on

2021-01-29 17:37:10 - [TEST_STEP][PASSED] - click(findTestObject("Object Repository/Podstrona Aktualności Przyciski/Page_Aktualnoci - Aptekarska Szkoa Zarzdzania/span_Sortuj po dacie_filter-switch-toggle")): Object: 'Object Repository/Podstrona Aktualności Przyciski/Page_Aktualnoci - Aptekarska Szkoa Zarzdzania/span_Sortuj po dacie_filter-switch-toggle' is clicked on

2021-01-29 17:37:10 - [MESSAGE][PASSED] - Object: 'Object Repository/Podstrona Aktualności Przyciski/Page_Aktualnoci - Aptekarska Szkoa Zarzdzania/span_Sortuj po dacie_filter-switch-toggle' is clicked on

2021-01-29 17:37:10 - [TEST_STEP][PASSED] - click(findTestObject("Object Repository/Podstrona Aktualności Przyciski/Page_Aktualnoci - Aptekarska Szkoa Zarzdzania/span_Malejco_filter-switch-toggle")): Object: 'Object Repository/Podstrona Aktualności Przyciski/Page_Aktualnoci - Aptekarska Szkoa Zarzdzania/span_Malejco_filter-switch-toggle' is clicked on

2021-01-29 17:37:11 - [MESSAGE][PASSED] - Object: 'Object Repository/Podstrona Aktualności Przyciski/Page_Aktualnoci - Aptekarska Szkoa Zarzdzania/span_Malejco_filter-switch-toggle' is clicked on

2021-01-29 17:37:11 - [TEST_STEP][PASSED] - click(findTestObject("Object Repository/Podstrona Aktualności Przyciski/Page_Aktualnoci - Aptekarska Szkoa Zarzdzania/span_Malejco_filter-switch-toggle_1")): Object: 'Object Repository/Podstrona Aktualności Przyciski/Page_Aktualnoci - Aptekarska Szkoa Zarzdzania/span_Malejco_filter-switch-toggle_1' is clicked on

2021-01-29 17:37:12 - [MESSAGE][PASSED] - Object: 'Object Repository/Podstrona Aktualności Przyciski/Page_Aktualnoci - Aptekarska Szkoa Zarzdzania/span_Malejco_filter-switch-toggle_1' is clicked on

2021-01-29 17:37:12 - [TEST_STEP][PASSED] - click(findTestObject("Object Repository/Podstrona Aktualności Przyciski/Page_Aktualnoci - Aptekarska Szkoa Zarzdzania/a_Rosnco_post-thumbnail-rollover")): Object: 'Object Repository/Podstrona Aktualności Przyciski/Page_Aktualnoci - Aptekarska Szkoa Zarzdzania/a_Rosnco_post-thumbnail-rollover' is clicked on

2021-01-29 17:37:14 - [MESSAGE][PASSED] - Object: 'Object Repository/Podstrona Aktualności Przyciski/Page_Aktualnoci - Aptekarska Szkoa Zarzdzania/a_Rosnco_post-thumbnail-rollover' is clicked on

2021-01-29 17:37:14 - [TEST_STEP][PASSED] - getUrl(): Current window's url is: 'https://www.aptekarska.pl/2021/01/25/webinar-nt-recept/'

2021-01-29 17:37:14 - [MESSAGE][PASSED] - Current window's url is: 'https://www.aptekarska.pl/2021/01/25/webinar-nt-recept/'

2021-01-29 17:37:14 - [TEST_STEP][PASSED] - verifyEqual(getUrl(), "https://www.aptekarska.pl/2021/01/25/webinar-nt-recept/"): Actual object 'https://www.aptekarska.pl/2021/01/25/webinar-nt-recept/' and expected object 'https://www.aptekarska.pl/2021/01/25/webinar-nt-recept/' are equal

2021-01-29 17:37:14 - [MESSAGE][PASSED] - Current window's url is: 'https://www.aptekarska.pl/2021/01/25/webinar-nt-recept/'

2021-01-29 17:37:14 - [MESSAGE][PASSED] - Actual object 'https://www.aptekarska.pl/2021/01/25/webinar-nt-recept/' and expected object 'https://www.aptekarska.pl/2021/01/25/webinar-nt-recept/' are equal

2021-01-29 17:37:14 - [TEST_STEP][PASSED] - back(): Navigate back successfully

2021-01-29 17:37:15 - [MESSAGE][PASSED] - Navigate back successfully

2021-01-29 17:37:15 - [TEST_STEP][PASSED] - getUrl(): Current window's url is: 'https://www.aptekarska.pl/aktualnosci/'

2021-01-29 17:37:15 - [MESSAGE][PASSED] - Current window's url is: 'https://www.aptekarska.pl/aktualnosci/'

2021-01-29 17:37:15 - [TEST_STEP][PASSED] - verifyEqual(getUrl(), "https://www.aptekarska.pl/aktualnosci/"): Actual object 'https://www.aptekarska.pl/aktualnosci/' and expected object 'https://www.aptekarska.pl/aktualnosci/' are equal

2021-01-29 17:37:15 - [MESSAGE][PASSED] - Current window's url is: 'https://www.aptekarska.pl/aktualnosci/'

2021-01-29 17:37:15 - [MESSAGE][PASSED] - Actual object 'https://www.aptekarska.pl/aktualnosci/' and expected object 'https://www.aptekarska.pl/aktualnosci/' are equal

2021-01-29 17:37:15 - [TEST_STEP][PASSED] - click(findTestObject("Object Repository/Podstrona Aktualności Przyciski/Page_Aktualnoci - Aptekarska Szkoa Zarzdzania/a_WEBINAR nt. recept")): Object: 'Object Repository/Podstrona Aktualności Przyciski/Page_Aktualnoci - Aptekarska Szkoa Zarzdzania/a_WEBINAR nt. recept' is clicked on

2021-01-29 17:37:17 - [MESSAGE][PASSED] - Object: 'Object Repository/Podstrona Aktualności Przyciski/Page_Aktualnoci - Aptekarska Szkoa Zarzdzania/a_WEBINAR nt. recept' is clicked on

2021-01-29 17:37:17 - [TEST_STEP][PASSED] - getUrl(): Current window's url is: 'https://www.aptekarska.pl/2021/01/25/webinar-nt-recept/'

2021-01-29 17:37:17 - [MESSAGE][PASSED] - Current window's url is: 'https://www.aptekarska.pl/2021/01/25/webinar-nt-recept/'

2021-01-29 17:37:17 - [TEST_STEP][PASSED] - verifyEqual(getUrl(), "https://www.aptekarska.pl/2021/01/25/webinar-nt-recept/"): Actual object 'https://www.aptekarska.pl/2021/01/25/webinar-nt-recept/' and expected object 'https://www.aptekarska.pl/2021/01/25/webinar-nt-recept/' are equal

2021-01-29 17:37:17 - [MESSAGE][PASSED] - Current window's url is: 'https://www.aptekarska.pl/2021/01/25/webinar-nt-recept/'

2021-01-29 17:37:17 - [MESSAGE][PASSED] - Actual object 'https://www.aptekarska.pl/2021/01/25/webinar-nt-recept/' and expected object 'https://www.aptekarska.pl/2021/01/25/webinar-nt-recept/' are equal

2021-01-29 17:37:17 - [TEST_STEP][PASSED] - back(): Navigate back successfully

2021-01-29 17:37:18 - [MESSAGE][PASSED] - Navigate back successfully

2021-01-29 17:37:18 - [TEST_STEP][PASSED] - getUrl(): Current window's url is: 'https://www.aptekarska.pl/aktualnosci/'

2021-01-29 17:37:18 - [MESSAGE][PASSED] - Current window's url is: 'https://www.aptekarska.pl/aktualnosci/'

2021-01-29 17:37:18 - [TEST_STEP][PASSED] - verifyEqual(getUrl(), "https://www.aptekarska.pl/aktualnosci/"): Actual object 'https://www.aptekarska.pl/aktualnosci/' and expected object 'https://www.aptekarska.pl/aktualnosci/' are equal

2021-01-29 17:37:18 - [MESSAGE][PASSED] - Current window's url is: 'https://www.aptekarska.pl/aktualnosci/'

2021-01-29 17:37:18 - [MESSAGE][PASSED] - Actual object 'https://www.aptekarska.pl/aktualnosci/' and expected object 'https://www.aptekarska.pl/aktualnosci/' are equal

2021-01-29 17:37:18 - [TEST_STEP][PASSED] - click(findTestObject("Object Repository/Podstrona Aktualności Przyciski/Page_Aktualnoci - Aptekarska Szkoa Zarzdzania/a_Czytaj Wicej")): Object: 'Object Repository/Podstrona Aktualności Przyciski/Page_Aktualnoci - Aptekarska Szkoa Zarzdzania/a_Czytaj Wicej' is clicked on

2021-01-29 17:37:21 - [MESSAGE][PASSED] - Object: 'Object Repository/Podstrona Aktualności Przyciski/Page_Aktualnoci - Aptekarska Szkoa Zarzdzania/a_Czytaj Wicej' is clicked on

2021-01-29 17:37:21 - [TEST_STEP][PASSED] - getUrl(): Current window's url is: 'https://www.aptekarska.pl/2021/01/25/webinar-nt-recept/'

2021-01-29 17:37:21 - [MESSAGE][PASSED] - Current window's url is: 'https://www.aptekarska.pl/2021/01/25/webinar-nt-recept/'

2021-01-29 17:37:21 - [TEST_STEP][PASSED] - verifyEqual(getUrl(), "https://www.aptekarska.pl/2021/01/25/webinar-nt-recept/"): Actual object 'https://www.aptekarska.pl/2021/01/25/webinar-nt-recept/' and expected object 'https://www.aptekarska.pl/2021/01/25/webinar-nt-recept/' are equal

2021-01-29 17:37:21 - [MESSAGE][PASSED] - Current window's url is: 'https://www.aptekarska.pl/2021/01/25/webinar-nt-recept/'

2021-01-29 17:37:21 - [MESSAGE][PASSED] - Actual object 'https://www.aptekarska.pl/2021/01/25/webinar-nt-recept/' and expected object 'https://www.aptekarska.pl/2021/01/25/webinar-nt-recept/' are equal

2021-01-29 17:37:21 - [TEST_STEP][PASSED] - back(): Navigate back successfully

2021-01-29 17:37:22 - [MESSAGE][PASSED] - Navigate back successfully

2021-01-29 17:37:22 - [TEST_STEP][PASSED] - getUrl(): Current window's url is: 'https://www.aptekarska.pl/aktualnosci/'

2021-01-29 17:37:22 - [MESSAGE][PASSED] - Current window's url is: 'https://www.aptekarska.pl/aktualnosci/'

2021-01-29 17:37:22 - [TEST_STEP][PASSED] - verifyEqual(getUrl(), "https://www.aptekarska.pl/aktualnosci/"): Actual object 'https://www.aptekarska.pl/aktualnosci/' and expected object 'https://www.aptekarska.pl/aktualnosci/' are equal

2021-01-29 17:37:22 - [MESSAGE][PASSED] - Current window's url is: 'https://www.aptekarska.pl/aktualnosci/'

2021-01-29 17:37:22 - [MESSAGE][PASSED] - Actual object 'https://www.aptekarska.pl/aktualnosci/' and expected object 'https://www.aptekarska.pl/aktualnosci/' are equal

2021-01-29 17:37:22 - [TEST_STEP][PASSED] - click(findTestObject("Object Repository/Podstrona Aktualności Przyciski/Page_Aktualnoci - Aptekarska Szkoa Zarzdzania/a_Czytaj Wicej_post-thumbnail-rollover")): Object: 'Object Repository/Podstrona Aktualności Przyciski/Page_Aktualnoci - Aptekarska Szkoa Zarzdzania/a_Czytaj Wicej_post-thumbnail-rollover' is clicked on

2021-01-29 17:37:25 - [MESSAGE][PASSED] - Object: 'Object Repository/Podstrona Aktualności Przyciski/Page_Aktualnoci - Aptekarska Szkoa Zarzdzania/a_Czytaj Wicej_post-thumbnail-rollover' is clicked on

2021-01-29 17:37:25 - [TEST_STEP][PASSED] - getUrl(): Current window's url is: 'https://www.aptekarska.pl/2021/01/21/nowa-platforma-szkoleniowa-aptekarska/'

2021-01-29 17:37:25 - [MESSAGE][PASSED] - Current window's url is: 'https://www.aptekarska.pl/2021/01/21/nowa-platforma-szkoleniowa-aptekarska/'

2021-01-29 17:37:25 - [TEST_STEP][PASSED] - verifyEqual(getUrl(), "https://www.aptekarska.pl/2021/01/21/nowa-platforma-szkoleniowa-aptekarska/"): Actual object 'https://www.aptekarska.pl/2021/01/21/nowa-platforma-szkoleniowa-aptekarska/' and expected object 'https://www.aptekarska.pl/2021/01/21/nowa-platforma-szkoleniowa-aptekarska/' are equal

2021-01-29 17:37:25 - [MESSAGE][PASSED] - Current window's url is: 'https://www.aptekarska.pl/2021/01/21/nowa-platforma-szkoleniowa-aptekarska/'

2021-01-29 17:37:25 - [MESSAGE][PASSED] - Actual object 'https://www.aptekarska.pl/2021/01/21/nowa-platforma-szkoleniowa-aptekarska/' and expected object 'https://www.aptekarska.pl/2021/01/21/nowa-platforma-szkoleniowa-aptekarska/' are equal

2021-01-29 17:37:25 - [TEST_STEP][PASSED] - back(): Navigate back successfully

2021-01-29 17:37:25 - [MESSAGE][PASSED] - Navigate back successfully

2021-01-29 17:37:25 - [TEST_STEP][PASSED] - getUrl(): Current window's url is: 'https://www.aptekarska.pl/aktualnosci/'

2021-01-29 17:37:25 - [MESSAGE][PASSED] - Current window's url is: 'https://www.aptekarska.pl/aktualnosci/'

2021-01-29 17:37:25 - [TEST_STEP][PASSED] - verifyEqual(getUrl(), "https://www.aptekarska.pl/aktualnosci/"): Actual object 'https://www.aptekarska.pl/aktualnosci/' and expected object 'https://www.aptekarska.pl/aktualnosci/' are equal

2021-01-29 17:37:25 - [MESSAGE][PASSED] - Current window's url is: 'https://www.aptekarska.pl/aktualnosci/'

2021-01-29 17:37:25 - [MESSAGE][PASSED] - Actual object 'https://www.aptekarska.pl/aktualnosci/' and expected object 'https://www.aptekarska.pl/aktualnosci/' are equal

2021-01-29 17:37:25 - [TEST_STEP][PASSED] - click(findTestObject("Object Repository/Podstrona Aktualności Przyciski/Page_Aktualnoci - Aptekarska Szkoa Zarzdzania/a_Nowy Rok, Nowa Platforma Szkoleniowa, Now_103745")): Object: 'Object Repository/Podstrona Aktualności Przyciski/Page_Aktualnoci - Aptekarska Szkoa Zarzdzania/a_Nowy Rok, Nowa Platforma Szkoleniowa, Now_103745' is clicked on

2021-01-29 17:37:29 - [MESSAGE][PASSED] - Object: 'Object Repository/Podstrona Aktualności Przyciski/Page_Aktualnoci - Aptekarska Szkoa Zarzdzania/a_Nowy Rok, Nowa Platforma Szkoleniowa, Now_103745' is clicked on

2021-01-29 17:37:29 - [TEST_STEP][PASSED] - getUrl(): Current window's url is: 'https://www.aptekarska.pl/2021/01/21/nowa-platforma-szkoleniowa-aptekarska/'

2021-01-29 17:37:29 - [MESSAGE][PASSED] - Current window's url is: 'https://www.aptekarska.pl/2021/01/21/nowa-platforma-szkoleniowa-aptekarska/'

2021-01-29 17:37:29 - [TEST_STEP][PASSED] - verifyEqual(getUrl(), "https://www.aptekarska.pl/2021/01/21/nowa-platforma-szkoleniowa-aptekarska/"): Actual object 'https://www.aptekarska.pl/2021/01/21/nowa-platforma-szkoleniowa-aptekarska/' and expected object 'https://www.aptekarska.pl/2021/01/21/nowa-platforma-szkoleniowa-aptekarska/' are equal

2021-01-29 17:37:29 - [MESSAGE][PASSED] - Current window's url is: 'https://www.aptekarska.pl/2021/01/21/nowa-platforma-szkoleniowa-aptekarska/'

2021-01-29 17:37:29 - [MESSAGE][PASSED] - Actual object 'https://www.aptekarska.pl/2021/01/21/nowa-platforma-szkoleniowa-aptekarska/' and expected object 'https://www.aptekarska.pl/2021/01/21/nowa-platforma-szkoleniowa-aptekarska/' are equal

2021-01-29 17:37:29 - [TEST_STEP][PASSED] - back(): Navigate back successfully

2021-01-29 17:37:29 - [MESSAGE][PASSED] - Navigate back successfully

2021-01-29 17:37:29 - [TEST_STEP][PASSED] - getUrl(): Current window's url is: 'https://www.aptekarska.pl/aktualnosci/'

2021-01-29 17:37:29 - [MESSAGE][PASSED] - Current window's url is: 'https://www.aptekarska.pl/aktualnosci/'

2021-01-29 17:37:29 - [TEST_STEP][PASSED] - verifyEqual(getUrl(), "https://www.aptekarska.pl/aktualnosci/"): Actual object 'https://www.aptekarska.pl/aktualnosci/' and expected object 'https://www.aptekarska.pl/aktualnosci/' are equal

2021-01-29 17:37:29 - [MESSAGE][PASSED] - Current window's url is: 'https://www.aptekarska.pl/aktualnosci/'

2021-01-29 17:37:29 - [MESSAGE][PASSED] - Actual object 'https://www.aptekarska.pl/aktualnosci/' and expected object 'https://www.aptekarska.pl/aktualnosci/' are equal

2021-01-29 17:37:29 - [TEST_STEP][PASSED] - click(findTestObject("Object Repository/Podstrona Aktualności Przyciski/Page_Aktualnoci - Aptekarska Szkoa Zarzdzania/a_Czytaj Wicej_1")): Object: 'Object Repository/Podstrona Aktualności Przyciski/Page_Aktualnoci - Aptekarska Szkoa Zarzdzania/a_Czytaj Wicej_1' is clicked on

2021-01-29 17:37:32 - [MESSAGE][PASSED] - Object: 'Object Repository/Podstrona Aktualności Przyciski/Page_Aktualnoci - Aptekarska Szkoa Zarzdzania/a_Czytaj Wicej_1' is clicked on

2021-01-29 17:37:32 - [TEST_STEP][PASSED] - getUrl(): Current window's url is: 'https://www.aptekarska.pl/2021/01/21/nowa-platforma-szkoleniowa-aptekarska/'

2021-01-29 17:37:32 - [MESSAGE][PASSED] - Current window's url is: 'https://www.aptekarska.pl/2021/01/21/nowa-platforma-szkoleniowa-aptekarska/'

2021-01-29 17:37:32 - [TEST_STEP][PASSED] - verifyEqual(getUrl(), "https://www.aptekarska.pl/2021/01/21/nowa-platforma-szkoleniowa-aptekarska/"): Actual object 'https://www.aptekarska.pl/2021/01/21/nowa-platforma-szkoleniowa-aptekarska/' and expected object 'https://www.aptekarska.pl/2021/01/21/nowa-platforma-szkoleniowa-aptekarska/' are equal

2021-01-29 17:37:32 - [MESSAGE][PASSED] - Current window's url is: 'https://www.aptekarska.pl/2021/01/21/nowa-platforma-szkoleniowa-aptekarska/'

2021-01-29 17:37:32 - [MESSAGE][PASSED] - Actual object 'https://www.aptekarska.pl/2021/01/21/nowa-platforma-szkoleniowa-aptekarska/' and expected object 'https://www.aptekarska.pl/2021/01/21/nowa-platforma-szkoleniowa-aptekarska/' are equal

2021-01-29 17:37:32 - [TEST_STEP][PASSED] - back(): Navigate back successfully

2021-01-29 17:37:33 - [MESSAGE][PASSED] - Navigate back successfully

2021-01-29 17:37:33 - [TEST_STEP][PASSED] - getUrl(): Current window's url is: 'https://www.aptekarska.pl/aktualnosci/'

2021-01-29 17:37:33 - [MESSAGE][PASSED] - Current window's url is: 'https://www.aptekarska.pl/aktualnosci/'

2021-01-29 17:37:33 - [TEST_STEP][PASSED] - verifyEqual(getUrl(), "https://www.aptekarska.pl/aktualnosci/"): Actual object 'https://www.aptekarska.pl/aktualnosci/' and expected object 'https://www.aptekarska.pl/aktualnosci/' are equal

2021-01-29 17:37:33 - [MESSAGE][PASSED] - Current window's url is: 'https://www.aptekarska.pl/aktualnosci/'

2021-01-29 17:37:33 - [MESSAGE][PASSED] - Actual object 'https://www.aptekarska.pl/aktualnosci/' and expected object 'https://www.aptekarska.pl/aktualnosci/' are equal

2021-01-29 17:37:33 - [TEST_STEP][PASSED] - click(findTestObject("Object Repository/Podstrona Aktualności Przyciski/Page_Aktualnoci - Aptekarska Szkoa Zarzdzania/a_Czytaj Wicej_post-thumbnail-rollover_1")): Object: 'Object Repository/Podstrona Aktualności Przyciski/Page_Aktualnoci - Aptekarska Szkoa Zarzdzania/a_Czytaj Wicej_post-thumbnail-rollover_1' is clicked on

2021-01-29 17:37:36 - [MESSAGE][PASSED] - Object: 'Object Repository/Podstrona Aktualności Przyciski/Page_Aktualnoci - Aptekarska Szkoa Zarzdzania/a_Czytaj Wicej_post-thumbnail-rollover_1' is clicked on

2021-01-29 17:37:36 - [TEST_STEP][PASSED] - getUrl(): Current window's url is: 'https://www.aptekarska.pl/2021/01/21/aktualnosci-webinar-21012021/'

2021-01-29 17:37:36 - [MESSAGE][PASSED] - Current window's url is: 'https://www.aptekarska.pl/2021/01/21/aktualnosci-webinar-21012021/'

2021-01-29 17:37:36 - [TEST_STEP][PASSED] - verifyEqual(getUrl(), "https://www.aptekarska.pl/2021/01/21/aktualnosci-webinar-21012021/"): Actual object 'https://www.aptekarska.pl/2021/01/21/aktualnosci-webinar-21012021/' and expected object 'https://www.aptekarska.pl/2021/01/21/aktualnosci-webinar-21012021/' are equal

2021-01-29 17:37:36 - [MESSAGE][PASSED] - Current window's url is: 'https://www.aptekarska.pl/2021/01/21/aktualnosci-webinar-21012021/'

2021-01-29 17:37:36 - [MESSAGE][PASSED] - Actual object 'https://www.aptekarska.pl/2021/01/21/aktualnosci-webinar-21012021/' and expected object 'https://www.aptekarska.pl/2021/01/21/aktualnosci-webinar-21012021/' are equal

2021-01-29 17:37:36 - [TEST_STEP][PASSED] - back(): Navigate back successfully

2021-01-29 17:37:36 - [MESSAGE][PASSED] - Navigate back successfully

2021-01-29 17:37:36 - [TEST_STEP][PASSED] - getUrl(): Current window's url is: 'https://www.aptekarska.pl/aktualnosci/'

2021-01-29 17:37:37 - [MESSAGE][PASSED] - Current window's url is: 'https://www.aptekarska.pl/aktualnosci/'

2021-01-29 17:37:37 - [TEST_STEP][PASSED] - verifyEqual(getUrl(), "https://www.aptekarska.pl/aktualnosci/"): Actual object 'https://www.aptekarska.pl/aktualnosci/' and expected object 'https://www.aptekarska.pl/aktualnosci/' are equal

2021-01-29 17:37:37 - [MESSAGE][PASSED] - Current window's url is: 'https://www.aptekarska.pl/aktualnosci/'

2021-01-29 17:37:37 - [MESSAGE][PASSED] - Actual object 'https://www.aptekarska.pl/aktualnosci/' and expected object 'https://www.aptekarska.pl/aktualnosci/' are equal

2021-01-29 17:37:37 - [TEST_STEP][PASSED] - click(findTestObject("Object Repository/Podstrona Aktualności Przyciski/Page_Aktualnoci - Aptekarska Szkoa Zarzdzania/a_WEBINAR nt. szczepie")): Object: 'Object Repository/Podstrona Aktualności Przyciski/Page_Aktualnoci - Aptekarska Szkoa Zarzdzania/a_WEBINAR nt. szczepie' is clicked on

2021-01-29 17:37:39 - [MESSAGE][PASSED] - Object: 'Object Repository/Podstrona Aktualności Przyciski/Page_Aktualnoci - Aptekarska Szkoa Zarzdzania/a_WEBINAR nt. szczepie' is clicked on

2021-01-29 17:37:39 - [TEST_STEP][PASSED] - getUrl(): Current window's url is: 'https://www.aptekarska.pl/2021/01/21/aktualnosci-webinar-21012021/'

2021-01-29 17:37:39 - [MESSAGE][PASSED] - Current window's url is: 'https://www.aptekarska.pl/2021/01/21/aktualnosci-webinar-21012021/'

2021-01-29 17:37:39 - [TEST_STEP][PASSED] - verifyEqual(getUrl(), "https://www.aptekarska.pl/2021/01/21/aktualnosci-webinar-21012021/"): Actual object 'https://www.aptekarska.pl/2021/01/21/aktualnosci-webinar-21012021/' and expected object 'https://www.aptekarska.pl/2021/01/21/aktualnosci-webinar-21012021/' are equal

2021-01-29 17:37:39 - [MESSAGE][PASSED] - Current window's url is: 'https://www.aptekarska.pl/2021/01/21/aktualnosci-webinar-21012021/'

2021-01-29 17:37:39 - [MESSAGE][PASSED] - Actual object 'https://www.aptekarska.pl/2021/01/21/aktualnosci-webinar-21012021/' and expected object 'https://www.aptekarska.pl/2021/01/21/aktualnosci-webinar-21012021/' are equal

2021-01-29 17:37:39 - [TEST_STEP][PASSED] - back(): Navigate back successfully

2021-01-29 17:37:40 - [MESSAGE][PASSED] - Navigate back successfully

2021-01-29 17:37:40 - [TEST_STEP][PASSED] - getUrl(): Current window's url is: 'https://www.aptekarska.pl/aktualnosci/'

2021-01-29 17:37:40 - [MESSAGE][PASSED] - Current window's url is: 'https://www.aptekarska.pl/aktualnosci/'

2021-01-29 17:37:40 - [TEST_STEP][PASSED] - verifyEqual(getUrl(), "https://www.aptekarska.pl/aktualnosci/"): Actual object 'https://www.aptekarska.pl/aktualnosci/' and expected object 'https://www.aptekarska.pl/aktualnosci/' are equal

2021-01-29 17:37:40 - [MESSAGE][PASSED] - Current window's url is: 'https://www.aptekarska.pl/aktualnosci/'

2021-01-29 17:37:40 - [MESSAGE][PASSED] - Actual object 'https://www.aptekarska.pl/aktualnosci/' and expected object 'https://www.aptekarska.pl/aktualnosci/' are equal

2021-01-29 17:37:40 - [TEST_STEP][PASSED] - click(findTestObject("Object Repository/Podstrona Aktualności Przyciski/Page_Aktualnoci - Aptekarska Szkoa Zarzdzania/a_Czytaj Wicej_1_2")): Object: 'Object Repository/Podstrona Aktualności Przyciski/Page_Aktualnoci - Aptekarska Szkoa Zarzdzania/a_Czytaj Wicej_1_2' is clicked on

2021-01-29 17:37:43 - [MESSAGE][PASSED] - Object: 'Object Repository/Podstrona Aktualności Przyciski/Page_Aktualnoci - Aptekarska Szkoa Zarzdzania/a_Czytaj Wicej_1_2' is clicked on

2021-01-29 17:37:43 - [TEST_STEP][PASSED] - getUrl(): Current window's url is: 'https://www.aptekarska.pl/2021/01/21/aktualnosci-webinar-21012021/'

2021-01-29 17:37:43 - [MESSAGE][PASSED] - Current window's url is: 'https://www.aptekarska.pl/2021/01/21/aktualnosci-webinar-21012021/'

2021-01-29 17:37:43 - [TEST_STEP][PASSED] - verifyEqual(getUrl(), "https://www.aptekarska.pl/2021/01/21/aktualnosci-webinar-21012021/"): Actual object 'https://www.aptekarska.pl/2021/01/21/aktualnosci-webinar-21012021/' and expected object 'https://www.aptekarska.pl/2021/01/21/aktualnosci-webinar-21012021/' are equal

2021-01-29 17:37:43 - [MESSAGE][PASSED] - Current window's url is: 'https://www.aptekarska.pl/2021/01/21/aktualnosci-webinar-21012021/'

2021-01-29 17:37:43 - [MESSAGE][PASSED] - Actual object 'https://www.aptekarska.pl/2021/01/21/aktualnosci-webinar-21012021/' and expected object 'https://www.aptekarska.pl/2021/01/21/aktualnosci-webinar-21012021/' are equal

2021-01-29 17:37:43 - [TEST_STEP][PASSED] - back(): Navigate back successfully

2021-01-29 17:37:43 - [MESSAGE][PASSED] - Navigate back successfully

2021-01-29 17:37:43 - [TEST_STEP][PASSED] - getUrl(): Current window's url is: 'https://www.aptekarska.pl/aktualnosci/'

2021-01-29 17:37:43 - [MESSAGE][PASSED] - Current window's url is: 'https://www.aptekarska.pl/aktualnosci/'

2021-01-29 17:37:43 - [TEST_STEP][PASSED] - verifyEqual(getUrl(), "https://www.aptekarska.pl/aktualnosci/"): Actual object 'https://www.aptekarska.pl/aktualnosci/' and expected object 'https://www.aptekarska.pl/aktualnosci/' are equal

2021-01-29 17:37:44 - [MESSAGE][PASSED] - Current window's url is: 'https://www.aptekarska.pl/aktualnosci/'

2021-01-29 17:37:44 - [MESSAGE][PASSED] - Actual object 'https://www.aptekarska.pl/aktualnosci/' and expected object 'https://www.aptekarska.pl/aktualnosci/' are equal

2021-01-29 17:37:44 - [TEST_STEP][PASSED] - click(findTestObject("Object Repository/Podstrona Aktualności Przyciski/Page_Aktualnoci - Aptekarska Szkoa Zarzdzania/a_Czytaj Wicej_post-thumbnail-rollover layz_84d020")): Object: 'Object Repository/Podstrona Aktualności Przyciski/Page_Aktualnoci - Aptekarska Szkoa Zarzdzania/a_Czytaj Wicej_post-thumbnail-rollover layz_84d020' is clicked on

2021-01-29 17:37:47 - [MESSAGE][PASSED] - Object: 'Object Repository/Podstrona Aktualności Przyciski/Page_Aktualnoci - Aptekarska Szkoa Zarzdzania/a_Czytaj Wicej_post-thumbnail-rollover layz_84d020' is clicked on

2021-01-29 17:37:47 - [TEST_STEP][PASSED] - getUrl(): Current window's url is: 'https://www.aptekarska.pl/2020/12/28/zyczenia-swiateczne/'

2021-01-29 17:37:47 - [MESSAGE][PASSED] - Current window's url is: 'https://www.aptekarska.pl/2020/12/28/zyczenia-swiateczne/'

2021-01-29 17:37:47 - [TEST_STEP][PASSED] - verifyEqual(getUrl(), "https://www.aptekarska.pl/2020/12/28/zyczenia-swiateczne/"): Actual object 'https://www.aptekarska.pl/2020/12/28/zyczenia-swiateczne/' and expected object 'https://www.aptekarska.pl/2020/12/28/zyczenia-swiateczne/' are equal

2021-01-29 17:37:48 - [MESSAGE][PASSED] - Current window's url is: 'https://www.aptekarska.pl/2020/12/28/zyczenia-swiateczne/'

2021-01-29 17:37:48 - [MESSAGE][PASSED] - Actual object 'https://www.aptekarska.pl/2020/12/28/zyczenia-swiateczne/' and expected object 'https://www.aptekarska.pl/2020/12/28/zyczenia-swiateczne/' are equal

2021-01-29 17:37:48 - [TEST_STEP][PASSED] - back(): Navigate back successfully

2021-01-29 17:37:48 - [MESSAGE][PASSED] - Navigate back successfully

2021-01-29 17:37:48 - [TEST_STEP][PASSED] - getUrl(): Current window's url is: 'https://www.aptekarska.pl/aktualnosci/'

2021-01-29 17:37:48 - [MESSAGE][PASSED] - Current window's url is: 'https://www.aptekarska.pl/aktualnosci/'

2021-01-29 17:37:48 - [TEST_STEP][PASSED] - verifyEqual(getUrl(), "https://www.aptekarska.pl/aktualnosci/"): Actual object 'https://www.aptekarska.pl/aktualnosci/' and expected object 'https://www.aptekarska.pl/aktualnosci/' are equal

2021-01-29 17:37:48 - [MESSAGE][PASSED] - Current window's url is: 'https://www.aptekarska.pl/aktualnosci/'

2021-01-29 17:37:48 - [MESSAGE][PASSED] - Actual object 'https://www.aptekarska.pl/aktualnosci/' and expected object 'https://www.aptekarska.pl/aktualnosci/' are equal

2021-01-29 17:37:48 - [TEST_STEP][PASSED] - click(findTestObject("Object Repository/Podstrona Aktualności Przyciski/Page_Aktualnoci - Aptekarska Szkoa Zarzdzania/a_yczenia witeczne")): Object: 'Object Repository/Podstrona Aktualności Przyciski/Page_Aktualnoci - Aptekarska Szkoa Zarzdzania/a_yczenia witeczne' is clicked on

2021-01-29 17:37:51 - [MESSAGE][PASSED] - Object: 'Object Repository/Podstrona Aktualności Przyciski/Page_Aktualnoci - Aptekarska Szkoa Zarzdzania/a_yczenia witeczne' is clicked on

2021-01-29 17:37:51 - [TEST_STEP][PASSED] - getUrl(): Current window's url is: 'https://www.aptekarska.pl/2020/12/28/zyczenia-swiateczne/'

2021-01-29 17:37:51 - [MESSAGE][PASSED] - Current window's url is: 'https://www.aptekarska.pl/2020/12/28/zyczenia-swiateczne/'

2021-01-29 17:37:51 - [TEST_STEP][PASSED] - verifyEqual(getUrl(), "https://www.aptekarska.pl/2020/12/28/zyczenia-swiateczne/"): Actual object 'https://www.aptekarska.pl/2020/12/28/zyczenia-swiateczne/' and expected object 'https://www.aptekarska.pl/2020/12/28/zyczenia-swiateczne/' are equal

2021-01-29 17:37:51 - [MESSAGE][PASSED] - Current window's url is: 'https://www.aptekarska.pl/2020/12/28/zyczenia-swiateczne/'

2021-01-29 17:37:51 - [MESSAGE][PASSED] - Actual object 'https://www.aptekarska.pl/2020/12/28/zyczenia-swiateczne/' and expected object 'https://www.aptekarska.pl/2020/12/28/zyczenia-swiateczne/' are equal

2021-01-29 17:37:51 - [TEST_STEP][PASSED] - back(): Navigate back successfully

2021-01-29 17:37:52 - [MESSAGE][PASSED] - Navigate back successfully

2021-01-29 17:37:52 - [TEST_STEP][PASSED] - getUrl(): Current window's url is: 'https://www.aptekarska.pl/aktualnosci/'

2021-01-29 17:37:52 - [MESSAGE][PASSED] - Current window's url is: 'https://www.aptekarska.pl/aktualnosci/'

2021-01-29 17:37:52 - [TEST_STEP][PASSED] - verifyEqual(getUrl(), "https://www.aptekarska.pl/aktualnosci/"): Actual object 'https://www.aptekarska.pl/aktualnosci/' and expected object 'https://www.aptekarska.pl/aktualnosci/' are equal

2021-01-29 17:37:52 - [MESSAGE][PASSED] - Current window's url is: 'https://www.aptekarska.pl/aktualnosci/'

2021-01-29 17:37:52 - [MESSAGE][PASSED] - Actual object 'https://www.aptekarska.pl/aktualnosci/' and expected object 'https://www.aptekarska.pl/aktualnosci/' are equal

2021-01-29 17:37:52 - [TEST_STEP][PASSED] - click(findTestObject("Object Repository/Podstrona Aktualności Przyciski/Page_Aktualnoci - Aptekarska Szkoa Zarzdzania/a_Czytaj Wicej_1_2_3")): Object: 'Object Repository/Podstrona Aktualności Przyciski/Page_Aktualnoci - Aptekarska Szkoa Zarzdzania/a_Czytaj Wicej_1_2_3' is clicked on

2021-01-29 17:37:55 - [MESSAGE][PASSED] - Object: 'Object Repository/Podstrona Aktualności Przyciski/Page_Aktualnoci - Aptekarska Szkoa Zarzdzania/a_Czytaj Wicej_1_2_3' is clicked on

2021-01-29 17:37:55 - [TEST_STEP][PASSED] - getUrl(): Current window's url is: 'https://www.aptekarska.pl/2020/12/28/zyczenia-swiateczne/'

2021-01-29 17:37:55 - [MESSAGE][PASSED] - Current window's url is: 'https://www.aptekarska.pl/2020/12/28/zyczenia-swiateczne/'

2021-01-29 17:37:55 - [TEST_STEP][PASSED] - verifyEqual(getUrl(), "https://www.aptekarska.pl/2020/12/28/zyczenia-swiateczne/"): Actual object 'https://www.aptekarska.pl/2020/12/28/zyczenia-swiateczne/' and expected object 'https://www.aptekarska.pl/2020/12/28/zyczenia-swiateczne/' are equal

2021-01-29 17:37:55 - [MESSAGE][PASSED] - Current window's url is: 'https://www.aptekarska.pl/2020/12/28/zyczenia-swiateczne/'

2021-01-29 17:37:55 - [MESSAGE][PASSED] - Actual object 'https://www.aptekarska.pl/2020/12/28/zyczenia-swiateczne/' and expected object 'https://www.aptekarska.pl/2020/12/28/zyczenia-swiateczne/' are equal

2021-01-29 17:37:55 - [TEST_STEP][PASSED] - back(): Navigate back successfully

2021-01-29 17:37:55 - [MESSAGE][PASSED] - Navigate back successfully

2021-01-29 17:37:55 - [TEST_STEP][PASSED] - getUrl(): Current window's url is: 'https://www.aptekarska.pl/aktualnosci/'

2021-01-29 17:37:56 - [MESSAGE][PASSED] - Current window's url is: 'https://www.aptekarska.pl/aktualnosci/'

2021-01-29 17:37:56 - [TEST_STEP][PASSED] - verifyEqual(getUrl(), "https://www.aptekarska.pl/aktualnosci/"): Actual object 'https://www.aptekarska.pl/aktualnosci/' and expected object 'https://www.aptekarska.pl/aktualnosci/' are equal

2021-01-29 17:37:56 - [MESSAGE][PASSED] - Current window's url is: 'https://www.aptekarska.pl/aktualnosci/'

2021-01-29 17:37:56 - [MESSAGE][PASSED] - Actual object 'https://www.aptekarska.pl/aktualnosci/' and expected object 'https://www.aptekarska.pl/aktualnosci/' are equal

2021-01-29 17:37:56 - [TEST_STEP][PASSED] - closeBrowser(): Browser is closed

2021-01-29 17:37:57 - [MESSAGE][PASSED] - Browser is closed]]></system-out>
         <system-err><![CDATA[]]></system-err>
      </testcase>
      <system-out><![CDATA[2021-01-29 17:35:31 - [TEST_SUITE][FAILED] - Aktualności: Test Cases/Aktualności/Test Nawigacji - Podstrona Aktualności FAILED.
Reason:
com.kms.katalon.core.exception.StepFailedException: Unable to click on object 'Object Repository/Strona Główna Nawigacja/Page_Aktualnoci - Aptekarska Szkoa Zarzdzania/span_Artykuy'
	at com.kms.katalon.core.webui.keyword.internal.WebUIKeywordMain.stepFailed(WebUIKeywordMain.groovy:64)
	at com.kms.katalon.core.webui.keyword.internal.WebUIKeywordMain.runKeyword(WebUIKeywordMain.groovy:26)
	at com.kms.katalon.core.webui.keyword.builtin.ClickKeyword.click(ClickKeyword.groovy:75)
	at com.kms.katalon.core.webui.keyword.builtin.ClickKeyword.execute(ClickKeyword.groovy:42)
	at com.kms.katalon.core.keyword.internal.KeywordExecutor.executeKeywordForPlatform(KeywordExecutor.groovy:73)
	at com.kms.katalon.core.webui.keyword.WebUiBuiltInKeywords.click(WebUiBuiltInKeywords.groovy:619)
	at com.kms.katalon.core.webui.keyword.WebUiBuiltInKeywords$click$2.call(Unknown Source)
	at Test Nawigacji - Podstrona Aktualności.run(Test Nawigacji - Podstrona Aktualności:35)
	at com.kms.katalon.core.main.ScriptEngine.run(ScriptEngine.java:194)
	at com.kms.katalon.core.main.ScriptEngine.runScriptAsRawText(ScriptEngine.java:119)
	at com.kms.katalon.core.main.TestCaseExecutor.runScript(TestCaseExecutor.java:398)
	at com.kms.katalon.core.main.TestCaseExecutor.doExecute(TestCaseExecutor.java:389)
	at com.kms.katalon.core.main.TestCaseExecutor.processExecutionPhase(TestCaseExecutor.java:368)
	at com.kms.katalon.core.main.TestCaseExecutor.accessMainPhase(TestCaseExecutor.java:360)
	at com.kms.katalon.core.main.TestCaseExecutor.execute(TestCaseExecutor.java:255)
	at com.kms.katalon.core.main.TestSuiteExecutor.accessTestCaseMainPhase(TestSuiteExecutor.java:203)
	at com.kms.katalon.core.main.TestSuiteExecutor.accessTestSuiteMainPhase(TestSuiteExecutor.java:152)
	at com.kms.katalon.core.main.TestSuiteExecutor.execute(TestSuiteExecutor.java:95)
	at com.kms.katalon.core.main.TestCaseMain.startTestSuite(TestCaseMain.java:157)
	at com.kms.katalon.core.main.TestCaseMain$startTestSuite$0.call(Unknown Source)
	at TempTestSuite1611937992699.run(TempTestSuite1611937992699.groovy:39)
Caused by: org.openqa.selenium.ElementClickInterceptedException: Element <span class="menu-text"> is not clickable at point (672,45) because another element <div class="load-wrap"> obscures it
Build info: version: '3.141.59', revision: 'e82be7d358', time: '2018-11-14T08:25:53'
System info: host: 'DESKTOP-HO0QCN7', ip: '192.168.50.1', os.name: 'Windows 10', os.arch: 'amd64', os.version: '10.0', java.version: '1.8.0_181'
Driver info: com.kms.katalon.core.webui.driver.firefox.CGeckoDriver
Capabilities {acceptInsecureCerts: true, browserName: firefox, browserVersion: 84.0.2, javascriptEnabled: true, moz:accessibilityChecks: false, moz:buildID: 20210105180113, moz:geckodriverVersion: 0.23.0, moz:headless: false, moz:processID: 20224, moz:profile: C:\Users\Staz Intersiec\App..., moz:shutdownTimeout: 60000, moz:useNonSpecCompliantPointerOrigin: false, moz:webdriverClick: true, pageLoadStrategy: normal, platform: WINDOWS, platformName: WINDOWS, platformVersion: 10.0, proxy: Proxy(direct), rotatable: false, setWindowRect: true, strictFileInteractability: false, timeouts: {implicit: 0, pageLoad: 300000, script: 30000}, unhandledPromptBehavior: dismiss and notify}
Session ID: 78d45b7a-80ce-4c9b-b5b2-9b3d2e49d220
	at org.openqa.selenium.remote.http.W3CHttpResponseCodec.createException(W3CHttpResponseCodec.java:187)
	at org.openqa.selenium.remote.http.W3CHttpResponseCodec.decode(W3CHttpResponseCodec.java:122)
	at org.openqa.selenium.remote.http.W3CHttpResponseCodec.decode(W3CHttpResponseCodec.java:49)
	at org.openqa.selenium.remote.HttpCommandExecutor.execute(HttpCommandExecutor.java:158)
	at org.openqa.selenium.remote.service.DriverCommandExecutor.execute(DriverCommandExecutor.java:83)
	at org.openqa.selenium.remote.RemoteWebDriver.execute(RemoteWebDriver.java:552)
	at com.kms.katalon.selenium.driver.CFirefoxDriver.execute(CFirefoxDriver.java:27)
	at org.openqa.selenium.remote.RemoteWebElement.execute(RemoteWebElement.java:285)
	at org.openqa.selenium.remote.RemoteWebElement.click(RemoteWebElement.java:84)
	at org.openqa.selenium.support.events.EventFiringWebDriver$EventFiringWebElement.lambda$new$0(EventFiringWebDriver.java:404)
	at com.sun.proxy.$Proxy11.click(Unknown Source)
	at org.openqa.selenium.support.events.EventFiringWebDriver$EventFiringWebElement.click(EventFiringWebDriver.java:417)
	at com.kms.katalon.core.webui.keyword.builtin.ClickKeyword$_click_closure1.doCall(ClickKeyword.groovy:68)
	at com.kms.katalon.core.webui.keyword.builtin.ClickKeyword$_click_closure1.call(ClickKeyword.groovy)
	at com.kms.katalon.core.webui.keyword.internal.WebUIKeywordMain.runKeyword(WebUIKeywordMain.groovy:20)
	... 19 more]]></system-out>
      <system-err><![CDATA[2021-01-29 17:35:31 - [TEST_SUITE][FAILED] - Aktualności: Test Cases/Aktualności/Test Nawigacji - Podstrona Aktualności FAILED.
Reason:
com.kms.katalon.core.exception.StepFailedException: Unable to click on object 'Object Repository/Strona Główna Nawigacja/Page_Aktualnoci - Aptekarska Szkoa Zarzdzania/span_Artykuy'
	at com.kms.katalon.core.webui.keyword.internal.WebUIKeywordMain.stepFailed(WebUIKeywordMain.groovy:64)
	at com.kms.katalon.core.webui.keyword.internal.WebUIKeywordMain.runKeyword(WebUIKeywordMain.groovy:26)
	at com.kms.katalon.core.webui.keyword.builtin.ClickKeyword.click(ClickKeyword.groovy:75)
	at com.kms.katalon.core.webui.keyword.builtin.ClickKeyword.execute(ClickKeyword.groovy:42)
	at com.kms.katalon.core.keyword.internal.KeywordExecutor.executeKeywordForPlatform(KeywordExecutor.groovy:73)
	at com.kms.katalon.core.webui.keyword.WebUiBuiltInKeywords.click(WebUiBuiltInKeywords.groovy:619)
	at com.kms.katalon.core.webui.keyword.WebUiBuiltInKeywords$click$2.call(Unknown Source)
	at Test Nawigacji - Podstrona Aktualności.run(Test Nawigacji - Podstrona Aktualności:35)
	at com.kms.katalon.core.main.ScriptEngine.run(ScriptEngine.java:194)
	at com.kms.katalon.core.main.ScriptEngine.runScriptAsRawText(ScriptEngine.java:119)
	at com.kms.katalon.core.main.TestCaseExecutor.runScript(TestCaseExecutor.java:398)
	at com.kms.katalon.core.main.TestCaseExecutor.doExecute(TestCaseExecutor.java:389)
	at com.kms.katalon.core.main.TestCaseExecutor.processExecutionPhase(TestCaseExecutor.java:368)
	at com.kms.katalon.core.main.TestCaseExecutor.accessMainPhase(TestCaseExecutor.java:360)
	at com.kms.katalon.core.main.TestCaseExecutor.execute(TestCaseExecutor.java:255)
	at com.kms.katalon.core.main.TestSuiteExecutor.accessTestCaseMainPhase(TestSuiteExecutor.java:203)
	at com.kms.katalon.core.main.TestSuiteExecutor.accessTestSuiteMainPhase(TestSuiteExecutor.java:152)
	at com.kms.katalon.core.main.TestSuiteExecutor.execute(TestSuiteExecutor.java:95)
	at com.kms.katalon.core.main.TestCaseMain.startTestSuite(TestCaseMain.java:157)
	at com.kms.katalon.core.main.TestCaseMain$startTestSuite$0.call(Unknown Source)
	at TempTestSuite1611937992699.run(TempTestSuite1611937992699.groovy:39)
Caused by: org.openqa.selenium.ElementClickInterceptedException: Element <span class="menu-text"> is not clickable at point (672,45) because another element <div class="load-wrap"> obscures it
Build info: version: '3.141.59', revision: 'e82be7d358', time: '2018-11-14T08:25:53'
System info: host: 'DESKTOP-HO0QCN7', ip: '192.168.50.1', os.name: 'Windows 10', os.arch: 'amd64', os.version: '10.0', java.version: '1.8.0_181'
Driver info: com.kms.katalon.core.webui.driver.firefox.CGeckoDriver
Capabilities {acceptInsecureCerts: true, browserName: firefox, browserVersion: 84.0.2, javascriptEnabled: true, moz:accessibilityChecks: false, moz:buildID: 20210105180113, moz:geckodriverVersion: 0.23.0, moz:headless: false, moz:processID: 20224, moz:profile: C:\Users\Staz Intersiec\App..., moz:shutdownTimeout: 60000, moz:useNonSpecCompliantPointerOrigin: false, moz:webdriverClick: true, pageLoadStrategy: normal, platform: WINDOWS, platformName: WINDOWS, platformVersion: 10.0, proxy: Proxy(direct), rotatable: false, setWindowRect: true, strictFileInteractability: false, timeouts: {implicit: 0, pageLoad: 300000, script: 30000}, unhandledPromptBehavior: dismiss and notify}
Session ID: 78d45b7a-80ce-4c9b-b5b2-9b3d2e49d220
	at org.openqa.selenium.remote.http.W3CHttpResponseCodec.createException(W3CHttpResponseCodec.java:187)
	at org.openqa.selenium.remote.http.W3CHttpResponseCodec.decode(W3CHttpResponseCodec.java:122)
	at org.openqa.selenium.remote.http.W3CHttpResponseCodec.decode(W3CHttpResponseCodec.java:49)
	at org.openqa.selenium.remote.HttpCommandExecutor.execute(HttpCommandExecutor.java:158)
	at org.openqa.selenium.remote.service.DriverCommandExecutor.execute(DriverCommandExecutor.java:83)
	at org.openqa.selenium.remote.RemoteWebDriver.execute(RemoteWebDriver.java:552)
	at com.kms.katalon.selenium.driver.CFirefoxDriver.execute(CFirefoxDriver.java:27)
	at org.openqa.selenium.remote.RemoteWebElement.execute(RemoteWebElement.java:285)
	at org.openqa.selenium.remote.RemoteWebElement.click(RemoteWebElement.java:84)
	at org.openqa.selenium.support.events.EventFiringWebDriver$EventFiringWebElement.lambda$new$0(EventFiringWebDriver.java:404)
	at com.sun.proxy.$Proxy11.click(Unknown Source)
	at org.openqa.selenium.support.events.EventFiringWebDriver$EventFiringWebElement.click(EventFiringWebDriver.java:417)
	at com.kms.katalon.core.webui.keyword.builtin.ClickKeyword$_click_closure1.doCall(ClickKeyword.groovy:68)
	at com.kms.katalon.core.webui.keyword.builtin.ClickKeyword$_click_closure1.call(ClickKeyword.groovy)
	at com.kms.katalon.core.webui.keyword.internal.WebUIKeywordMain.runKeyword(WebUIKeywordMain.groovy:20)
	... 19 more]]></system-err>
   </testsuite>
</testsuites>
