<?xml version="1.0" encoding="UTF-8"?>
<testsuites name="Strona Główna" time="171.483" tests="3" failures="0" skips="0" errors="0">
   <testsuite name="Strona Główna" tests="3" failures="0" errors="0" time="171.483" skips="0" timestamp="2021-01-27 14:18:33" hostname="Staz Intersiec - DESKTOP-HO0QCN7" id="Test Suites/Strona Główna">
      <properties>
         <property name="deviceName" value=""/>
         <property name="devicePlatform" value=""/>
         <property name="logFolder" value="C:\\Users\\Staz Intersiec\\git\\Aptekarska.pl_UI_Tests\\Reports\\20210127_141617\\Strona G\u0142\u00F3wna\\20210127_141631"/>
         <property name="logFiles" value="C:\\Users\\Staz Intersiec\\git\\Aptekarska.pl_UI_Tests\\Reports\\20210127_141617\\Strona G\u0142\u00F3wna\\20210127_141631\\execution0.log"/>
         <property name="attachments" value=""/>
         <property name="hostName" value="Staz Intersiec - DESKTOP-HO0QCN7"/>
         <property name="os" value="Windows 10 64bit"/>
         <property name="katalonVersion" value="7.9.0.208"/>
         <property name="browser" value="Firefox 84.0"/>
         <property name="hostAddress" value="192.168.50.1"/>
         <property name="sessionId" value="85c0906e-b36c-4f84-9b7b-20e7509629cd"/>
         <property name="seleniumVersion" value="3.141.59"/>
         <property name="proxyInformation" value="ProxyInformation { proxyOption=NO_PROXY, proxyServerType=HTTP, username=, password=********, proxyServerAddress=, proxyServerPort=0, executionList=&quot;&quot;, isApplyToDesiredCapabilities=true }"/>
         <property name="platform" value="Windows 10"/>
      </properties>
      <testcase name="Test Cases/Strona Główna/Test Nawigacji" time="49.764" classname="Test Cases/Strona Główna/Test Nawigacji" status="PASSED">
         <system-out><![CDATA[2021-01-27 14:18:36 - [TEST_CASE][PASSED] - Test Cases/Strona Główna/Test Nawigacji: Test Cases/Strona Główna/Test Nawigacji

2021-01-27 14:18:37 - [TEST_STEP][PASSED] - openBrowser(""): Browser is opened with url: ''

2021-01-27 14:18:38 - [MESSAGE][INFO] - Starting 'Firefox' driver

2021-01-27 14:18:38 - [MESSAGE][INFO] - Action delay is set to 0 milliseconds

2021-01-27 14:18:49 - [MESSAGE][PASSED] - Browser is opened with url: ''

2021-01-27 14:18:49 - [TEST_STEP][PASSED] - navigateToUrl("https://www.aptekarska.pl/"): Navigate to 'https://www.aptekarska.pl/' successfully

2021-01-27 14:18:55 - [MESSAGE][PASSED] - Navigate to 'https://www.aptekarska.pl/' successfully

2021-01-27 14:18:55 - [TEST_STEP][PASSED] - click(findTestObject("Object Repository/Strona Główna Nawigacja/Page_Aptekarska Szkoa Zarzdzania Szkolenia _8ea30e/button_Nie zgadzam si")): Object: 'Object Repository/Strona Główna Nawigacja/Page_Aptekarska Szkoa Zarzdzania Szkolenia _8ea30e/button_Nie zgadzam si' is clicked on

2021-01-27 14:19:01 - [MESSAGE][PASSED] - Object: 'Object Repository/Strona Główna Nawigacja/Page_Aptekarska Szkoa Zarzdzania Szkolenia _8ea30e/button_Nie zgadzam si' is clicked on

2021-01-27 14:19:01 - [TEST_STEP][PASSED] - click(findTestObject("Object Repository/Strona Główna Nawigacja/Page_Aptekarska Szkoa Zarzdzania Szkolenia _8ea30e/span_Aktualnoci")): Object: 'Object Repository/Strona Główna Nawigacja/Page_Aptekarska Szkoa Zarzdzania Szkolenia _8ea30e/span_Aktualnoci' is clicked on

2021-01-27 14:19:04 - [MESSAGE][PASSED] - Object: 'Object Repository/Strona Główna Nawigacja/Page_Aptekarska Szkoa Zarzdzania Szkolenia _8ea30e/span_Aktualnoci' is clicked on

2021-01-27 14:19:04 - [TEST_STEP][PASSED] - verifyElementText(findTestObject("Spy - Podstrona Aktualności/Page_Aktualnoci - Aptekarska Szkoa Zarzdzania/h1_Aktualnoci"), "Aktualności"): Actual text and expected text of test object 'Object Repository/Spy - Podstrona Aktualności/Page_Aktualnoci - Aptekarska Szkoa Zarzdzania/h1_Aktualnoci' are matched.

2021-01-27 14:19:06 - [MESSAGE][PASSED] - Actual text and expected text of test object 'Object Repository/Spy - Podstrona Aktualności/Page_Aktualnoci - Aptekarska Szkoa Zarzdzania/h1_Aktualnoci' are matched.

2021-01-27 14:19:06 - [TEST_STEP][PASSED] - click(findTestObject("Object Repository/Strona Główna Nawigacja/Page_Aktualnoci - Aptekarska Szkoa Zarzdzania/span_Artykuy")): Object: 'Object Repository/Strona Główna Nawigacja/Page_Aktualnoci - Aptekarska Szkoa Zarzdzania/span_Artykuy' is clicked on

2021-01-27 14:19:10 - [MESSAGE][PASSED] - Object: 'Object Repository/Strona Główna Nawigacja/Page_Aktualnoci - Aptekarska Szkoa Zarzdzania/span_Artykuy' is clicked on

2021-01-27 14:19:10 - [TEST_STEP][PASSED] - verifyElementText(findTestObject("Spy - Nagłówki Podstron/Page_Artykuy - Aptekarska Szkoa Zarzdzania/h1_Artykuy"), "Artykuły"): Actual text and expected text of test object 'Object Repository/Spy - Nagłówki Podstron/Page_Artykuy - Aptekarska Szkoa Zarzdzania/h1_Artykuy' are matched.

2021-01-27 14:19:12 - [MESSAGE][PASSED] - Actual text and expected text of test object 'Object Repository/Spy - Nagłówki Podstron/Page_Artykuy - Aptekarska Szkoa Zarzdzania/h1_Artykuy' are matched.

2021-01-27 14:19:12 - [TEST_STEP][PASSED] - click(findTestObject("Object Repository/Strona Główna Nawigacja/Page_Artykuy - Aptekarska Szkoa Zarzdzania/span_O nas")): Object: 'Object Repository/Strona Główna Nawigacja/Page_Artykuy - Aptekarska Szkoa Zarzdzania/span_O nas' is clicked on

2021-01-27 14:19:15 - [MESSAGE][PASSED] - Object: 'Object Repository/Strona Główna Nawigacja/Page_Artykuy - Aptekarska Szkoa Zarzdzania/span_O nas' is clicked on

2021-01-27 14:19:15 - [TEST_STEP][PASSED] - verifyElementText(findTestObject("Spy - Nagłówki Podstron/Page_O nas - Aptekarska Szkoa Zarzdzania/h1_O nas"), "O nas"): Actual text and expected text of test object 'Object Repository/Spy - Nagłówki Podstron/Page_O nas - Aptekarska Szkoa Zarzdzania/h1_O nas' are matched.

2021-01-27 14:19:17 - [MESSAGE][PASSED] - Actual text and expected text of test object 'Object Repository/Spy - Nagłówki Podstron/Page_O nas - Aptekarska Szkoa Zarzdzania/h1_O nas' are matched.

2021-01-27 14:19:17 - [TEST_STEP][PASSED] - click(findTestObject("Object Repository/Strona Główna Nawigacja/Page_O nas - Aptekarska Szkoa Zarzdzania/span_Kontakt")): Object: 'Object Repository/Strona Główna Nawigacja/Page_O nas - Aptekarska Szkoa Zarzdzania/span_Kontakt' is clicked on

2021-01-27 14:19:20 - [MESSAGE][PASSED] - Object: 'Object Repository/Strona Główna Nawigacja/Page_O nas - Aptekarska Szkoa Zarzdzania/span_Kontakt' is clicked on

2021-01-27 14:19:20 - [TEST_STEP][PASSED] - verifyElementText(findTestObject("Spy - Nagłówki Podstron/Page_Kontakt - Aptekarska Szkoa Zarzdzania/h1_Kontakt"), "Kontakt"): Actual text and expected text of test object 'Object Repository/Spy - Nagłówki Podstron/Page_Kontakt - Aptekarska Szkoa Zarzdzania/h1_Kontakt' are matched.

2021-01-27 14:19:21 - [MESSAGE][PASSED] - Actual text and expected text of test object 'Object Repository/Spy - Nagłówki Podstron/Page_Kontakt - Aptekarska Szkoa Zarzdzania/h1_Kontakt' are matched.

2021-01-27 14:19:21 - [TEST_STEP][PASSED] - click(findTestObject("Object Repository/Strona Główna Nawigacja/Page_Aptekarska Szkoa Zarzdzania Szkolenia _8ea30e/span_Oferta")): Object: 'Object Repository/Strona Główna Nawigacja/Page_Aptekarska Szkoa Zarzdzania Szkolenia _8ea30e/span_Oferta' is clicked on

2021-01-27 14:19:24 - [MESSAGE][PASSED] - Object: 'Object Repository/Strona Główna Nawigacja/Page_Aptekarska Szkoa Zarzdzania Szkolenia _8ea30e/span_Oferta' is clicked on

2021-01-27 14:19:24 - [TEST_STEP][PASSED] - getUrl(): Current window's url is: 'https://www.aptekarska.pl/oferta/'

2021-01-27 14:19:24 - [MESSAGE][PASSED] - Current window's url is: 'https://www.aptekarska.pl/oferta/'

2021-01-27 14:19:24 - [TEST_STEP][PASSED] - verifyEqual(getUrl(), "https://www.aptekarska.pl/oferta/"): Actual object 'https://www.aptekarska.pl/oferta/' and expected object 'https://www.aptekarska.pl/oferta/' are equal

2021-01-27 14:19:24 - [MESSAGE][PASSED] - Current window's url is: 'https://www.aptekarska.pl/oferta/'

2021-01-27 14:19:24 - [MESSAGE][PASSED] - Actual object 'https://www.aptekarska.pl/oferta/' and expected object 'https://www.aptekarska.pl/oferta/' are equal

2021-01-27 14:19:24 - [TEST_STEP][PASSED] - closeBrowser(): Browser is closed

2021-01-27 14:19:26 - [MESSAGE][PASSED] - Browser is closed]]></system-out>
         <system-err><![CDATA[]]></system-err>
      </testcase>
      <testcase name="Test Cases/Strona Główna/Test Przewijania Strony" time="22.67" classname="Test Cases/Strona Główna/Test Przewijania Strony" status="PASSED">
         <system-out><![CDATA[2021-01-27 14:19:26 - [TEST_CASE][PASSED] - Test Cases/Strona Główna/Test Przewijania Strony: Test Cases/Strona Główna/Test Przewijania Strony

2021-01-27 14:19:27 - [TEST_STEP][PASSED] - openBrowser(""): Browser is opened with url: ''

2021-01-27 14:19:27 - [MESSAGE][INFO] - Starting 'Firefox' driver

2021-01-27 14:19:27 - [MESSAGE][INFO] - Action delay is set to 0 milliseconds

2021-01-27 14:19:33 - [MESSAGE][PASSED] - Browser is opened with url: ''

2021-01-27 14:19:33 - [TEST_STEP][PASSED] - navigateToUrl("https://www.aptekarska.pl/"): Navigate to 'https://www.aptekarska.pl/' successfully

2021-01-27 14:19:40 - [MESSAGE][PASSED] - Navigate to 'https://www.aptekarska.pl/' successfully

2021-01-27 14:19:40 - [TEST_STEP][PASSED] - click(findTestObject("Object Repository/Strona Główna Przewijanie/Page_Aptekarska Szkoa Zarzdzania Szkolenia _8ea30e/button_Akceptuj wszystko")): Object: 'Object Repository/Strona Główna Przewijanie/Page_Aptekarska Szkoa Zarzdzania Szkolenia _8ea30e/button_Akceptuj wszystko' is clicked on

2021-01-27 14:19:45 - [MESSAGE][PASSED] - Object: 'Object Repository/Strona Główna Przewijanie/Page_Aptekarska Szkoa Zarzdzania Szkolenia _8ea30e/button_Akceptuj wszystko' is clicked on

2021-01-27 14:19:45 - [TEST_STEP][PASSED] - scrollToElement(findTestObject("Object Repository/Strona Główna Przewijanie/Page_Aptekarska Szkoa Zarzdzania Szkolenia dla Farmacji/img_Uczestniczka webinaru_preload-me"), 0): Scroll to object 'Object Repository/Strona Główna Przewijanie/Page_Aptekarska Szkoa Zarzdzania Szkolenia dla Farmacji/img_Uczestniczka webinaru_preload-me' successfully

2021-01-27 14:19:45 - [MESSAGE][WARNING] - Timeout '0' is invalid. Using default page load timeout: '30'

2021-01-27 14:19:45 - [MESSAGE][PASSED] - Scroll to object 'Object Repository/Strona Główna Przewijanie/Page_Aptekarska Szkoa Zarzdzania Szkolenia dla Farmacji/img_Uczestniczka webinaru_preload-me' successfully

2021-01-27 14:19:45 - [TEST_STEP][PASSED] - click(findTestObject("Object Repository/Strona Główna Przewijanie/Page_Aptekarska Szkoa Zarzdzania Szkolenia _8ea30e/a_Do gry")): Object: 'Object Repository/Strona Główna Przewijanie/Page_Aptekarska Szkoa Zarzdzania Szkolenia _8ea30e/a_Do gry' is clicked on

2021-01-27 14:19:47 - [MESSAGE][PASSED] - Object: 'Object Repository/Strona Główna Przewijanie/Page_Aptekarska Szkoa Zarzdzania Szkolenia _8ea30e/a_Do gry' is clicked on

2021-01-27 14:19:47 - [TEST_STEP][PASSED] - closeBrowser(): Browser is closed

2021-01-27 14:19:49 - [MESSAGE][PASSED] - Browser is closed]]></system-out>
         <system-err><![CDATA[]]></system-err>
      </testcase>
      <testcase name="Test Cases/Strona Główna/Test Przycisków" time="95.514" classname="Test Cases/Strona Główna/Test Przycisków" status="PASSED">
         <system-out><![CDATA[2021-01-27 14:19:49 - [TEST_CASE][PASSED] - Test Cases/Strona Główna/Test Przycisków: Test Cases/Strona Główna/Test Przycisków

2021-01-27 14:19:49 - [TEST_STEP][PASSED] - openBrowser(""): Browser is opened with url: ''

2021-01-27 14:19:49 - [MESSAGE][INFO] - Starting 'Firefox' driver

2021-01-27 14:19:49 - [MESSAGE][INFO] - Action delay is set to 0 milliseconds

2021-01-27 14:19:56 - [MESSAGE][PASSED] - Browser is opened with url: ''

2021-01-27 14:19:56 - [TEST_STEP][PASSED] - navigateToUrl("https://www.aptekarska.pl/"): Navigate to 'https://www.aptekarska.pl/' successfully

2021-01-27 14:20:01 - [MESSAGE][PASSED] - Navigate to 'https://www.aptekarska.pl/' successfully

2021-01-27 14:20:01 - [TEST_STEP][PASSED] - click(findTestObject("Object Repository/Strona Główna Nawigacja/Page_Aptekarska Szkoa Zarzdzania Szkolenia _8ea30e/button_Nie zgadzam si")): Object: 'Object Repository/Strona Główna Nawigacja/Page_Aptekarska Szkoa Zarzdzania Szkolenia _8ea30e/button_Nie zgadzam si' is clicked on

2021-01-27 14:20:07 - [MESSAGE][PASSED] - Object: 'Object Repository/Strona Główna Nawigacja/Page_Aptekarska Szkoa Zarzdzania Szkolenia _8ea30e/button_Nie zgadzam si' is clicked on

2021-01-27 14:20:07 - [TEST_STEP][PASSED] - click(findTestObject("Object Repository/Strona Główna Przyciski/Page_Aptekarska Szkoa Zarzdzania Szkolenia _8ea30e/a_Wicej o nas")): Object: 'Object Repository/Strona Główna Przyciski/Page_Aptekarska Szkoa Zarzdzania Szkolenia _8ea30e/a_Wicej o nas' is clicked on

2021-01-27 14:20:11 - [MESSAGE][PASSED] - Object: 'Object Repository/Strona Główna Przyciski/Page_Aptekarska Szkoa Zarzdzania Szkolenia _8ea30e/a_Wicej o nas' is clicked on

2021-01-27 14:20:11 - [TEST_STEP][PASSED] - getUrl(): Current window's url is: 'https://www.aptekarska.pl/o-nas/'

2021-01-27 14:20:11 - [MESSAGE][PASSED] - Current window's url is: 'https://www.aptekarska.pl/o-nas/'

2021-01-27 14:20:11 - [TEST_STEP][PASSED] - verifyEqual(getUrl(), "https://www.aptekarska.pl/o-nas/"): Actual object 'https://www.aptekarska.pl/o-nas/' and expected object 'https://www.aptekarska.pl/o-nas/' are equal

2021-01-27 14:20:11 - [MESSAGE][PASSED] - Current window's url is: 'https://www.aptekarska.pl/o-nas/'

2021-01-27 14:20:11 - [MESSAGE][PASSED] - Actual object 'https://www.aptekarska.pl/o-nas/' and expected object 'https://www.aptekarska.pl/o-nas/' are equal

2021-01-27 14:20:11 - [TEST_STEP][PASSED] - click(findTestObject("Object Repository/Strona Główna Przyciski/Page_O nas - Aptekarska Szkoa Zarzdzania/span_Strona gwna")): Object: 'Object Repository/Strona Główna Przyciski/Page_O nas - Aptekarska Szkoa Zarzdzania/span_Strona gwna' is clicked on

2021-01-27 14:20:18 - [MESSAGE][PASSED] - Object: 'Object Repository/Strona Główna Przyciski/Page_O nas - Aptekarska Szkoa Zarzdzania/span_Strona gwna' is clicked on

2021-01-27 14:20:18 - [TEST_STEP][PASSED] - click(findTestObject("Object Repository/Strona Główna Przyciski/Page_Aptekarska Szkoa Zarzdzania Szkolenia _8ea30e/a_Wszystkie aktualnoci")): Object: 'Object Repository/Strona Główna Przyciski/Page_Aptekarska Szkoa Zarzdzania Szkolenia _8ea30e/a_Wszystkie aktualnoci' is clicked on

2021-01-27 14:20:27 - [MESSAGE][PASSED] - Object: 'Object Repository/Strona Główna Przyciski/Page_Aptekarska Szkoa Zarzdzania Szkolenia _8ea30e/a_Wszystkie aktualnoci' is clicked on

2021-01-27 14:20:27 - [TEST_STEP][PASSED] - getUrl(): Current window's url is: 'https://www.aptekarska.pl/aktualnosci/'

2021-01-27 14:20:27 - [MESSAGE][PASSED] - Current window's url is: 'https://www.aptekarska.pl/aktualnosci/'

2021-01-27 14:20:27 - [TEST_STEP][PASSED] - verifyEqual(getUrl(), "https://www.aptekarska.pl/aktualnosci/"): Actual object 'https://www.aptekarska.pl/aktualnosci/' and expected object 'https://www.aptekarska.pl/aktualnosci/' are equal

2021-01-27 14:20:27 - [MESSAGE][PASSED] - Current window's url is: 'https://www.aptekarska.pl/aktualnosci/'

2021-01-27 14:20:27 - [MESSAGE][PASSED] - Actual object 'https://www.aptekarska.pl/aktualnosci/' and expected object 'https://www.aptekarska.pl/aktualnosci/' are equal

2021-01-27 14:20:27 - [TEST_STEP][PASSED] - click(findTestObject("Object Repository/Strona Główna Przyciski/Page_Aktualnoci - Aptekarska Szkoa Zarzdzania/span_Strona gwna")): Object: 'Object Repository/Strona Główna Przyciski/Page_Aktualnoci - Aptekarska Szkoa Zarzdzania/span_Strona gwna' is clicked on

2021-01-27 14:20:31 - [MESSAGE][PASSED] - Object: 'Object Repository/Strona Główna Przyciski/Page_Aktualnoci - Aptekarska Szkoa Zarzdzania/span_Strona gwna' is clicked on

2021-01-27 14:20:31 - [TEST_STEP][PASSED] - click(findTestObject("Object Repository/Strona Główna Przyciski/Page_Aptekarska Szkoa Zarzdzania Szkolenia _8ea30e/a_Wszystkie artykuy")): Object: 'Object Repository/Strona Główna Przyciski/Page_Aptekarska Szkoa Zarzdzania Szkolenia _8ea30e/a_Wszystkie artykuy' is clicked on

2021-01-27 14:20:40 - [MESSAGE][PASSED] - Object: 'Object Repository/Strona Główna Przyciski/Page_Aptekarska Szkoa Zarzdzania Szkolenia _8ea30e/a_Wszystkie artykuy' is clicked on

2021-01-27 14:20:40 - [TEST_STEP][PASSED] - getUrl(): Current window's url is: 'https://www.aptekarska.pl/artykuly/'

2021-01-27 14:20:40 - [MESSAGE][PASSED] - Current window's url is: 'https://www.aptekarska.pl/artykuly/'

2021-01-27 14:20:40 - [TEST_STEP][PASSED] - verifyEqual(getUrl(), "https://www.aptekarska.pl/artykuly/"): Actual object 'https://www.aptekarska.pl/artykuly/' and expected object 'https://www.aptekarska.pl/artykuly/' are equal

2021-01-27 14:20:40 - [MESSAGE][PASSED] - Current window's url is: 'https://www.aptekarska.pl/artykuly/'

2021-01-27 14:20:40 - [MESSAGE][PASSED] - Actual object 'https://www.aptekarska.pl/artykuly/' and expected object 'https://www.aptekarska.pl/artykuly/' are equal

2021-01-27 14:20:40 - [TEST_STEP][PASSED] - click(findTestObject("Object Repository/Strona Główna Przyciski/Page_Artykuy - Aptekarska Szkoa Zarzdzania/span_Strona gwna")): Object: 'Object Repository/Strona Główna Przyciski/Page_Artykuy - Aptekarska Szkoa Zarzdzania/span_Strona gwna' is clicked on

2021-01-27 14:20:44 - [MESSAGE][PASSED] - Object: 'Object Repository/Strona Główna Przyciski/Page_Artykuy - Aptekarska Szkoa Zarzdzania/span_Strona gwna' is clicked on

2021-01-27 14:20:44 - [TEST_STEP][PASSED] - click(findTestObject("Object Repository/Strona Główna Przyciski/Page_Aptekarska Szkoa Zarzdzania Szkolenia _8ea30e/div_Jak odzyska kontrol nad swoim czasem w _1cb63d_1")): Object: 'Object Repository/Strona Główna Przyciski/Page_Aptekarska Szkoa Zarzdzania Szkolenia _8ea30e/div_Jak odzyska kontrol nad swoim czasem w _1cb63d_1' is clicked on

2021-01-27 14:20:48 - [MESSAGE][PASSED] - Object: 'Object Repository/Strona Główna Przyciski/Page_Aptekarska Szkoa Zarzdzania Szkolenia _8ea30e/div_Jak odzyska kontrol nad swoim czasem w _1cb63d_1' is clicked on

2021-01-27 14:20:48 - [TEST_STEP][PASSED] - getUrl(): Current window's url is: 'https://www.aptekarska.pl/2021/01/24/jak-odzyskac-kontrole-nad-swoim-czasem-w-6-krokach/'

2021-01-27 14:20:48 - [MESSAGE][PASSED] - Current window's url is: 'https://www.aptekarska.pl/2021/01/24/jak-odzyskac-kontrole-nad-swoim-czasem-w-6-krokach/'

2021-01-27 14:20:48 - [TEST_STEP][PASSED] - verifyEqual(getUrl(), "https://www.aptekarska.pl/2021/01/24/jak-odzyskac-kontrole-nad-swoim-czasem-w-6-krokach/"): Actual object 'https://www.aptekarska.pl/2021/01/24/jak-odzyskac-kontrole-nad-swoim-czasem-w-6-krokach/' and expected object 'https://www.aptekarska.pl/2021/01/24/jak-odzyskac-kontrole-nad-swoim-czasem-w-6-krokach/' are equal

2021-01-27 14:20:48 - [MESSAGE][PASSED] - Current window's url is: 'https://www.aptekarska.pl/2021/01/24/jak-odzyskac-kontrole-nad-swoim-czasem-w-6-krokach/'

2021-01-27 14:20:48 - [MESSAGE][PASSED] - Actual object 'https://www.aptekarska.pl/2021/01/24/jak-odzyskac-kontrole-nad-swoim-czasem-w-6-krokach/' and expected object 'https://www.aptekarska.pl/2021/01/24/jak-odzyskac-kontrole-nad-swoim-czasem-w-6-krokach/' are equal

2021-01-27 14:20:48 - [TEST_STEP][PASSED] - click(findTestObject("Object Repository/Strona Główna Przyciski/Page_Jak odzyska kontrol nad swoim czasem w_66149d/span_Strona gwna")): Object: 'Object Repository/Strona Główna Przyciski/Page_Jak odzyska kontrol nad swoim czasem w_66149d/span_Strona gwna' is clicked on

2021-01-27 14:20:52 - [MESSAGE][PASSED] - Object: 'Object Repository/Strona Główna Przyciski/Page_Jak odzyska kontrol nad swoim czasem w_66149d/span_Strona gwna' is clicked on

2021-01-27 14:20:52 - [TEST_STEP][PASSED] - click(findTestObject("Object Repository/Strona Główna Przyciski/Page_Aptekarska Szkoa Zarzdzania Szkolenia _8ea30e/div_Jak zwikszy przychody w aptece")): Object: 'Object Repository/Strona Główna Przyciski/Page_Aptekarska Szkoa Zarzdzania Szkolenia _8ea30e/div_Jak zwikszy przychody w aptece' is clicked on

2021-01-27 14:21:01 - [MESSAGE][PASSED] - Object: 'Object Repository/Strona Główna Przyciski/Page_Aptekarska Szkoa Zarzdzania Szkolenia _8ea30e/div_Jak zwikszy przychody w aptece' is clicked on

2021-01-27 14:21:01 - [TEST_STEP][PASSED] - getUrl(): Current window's url is: 'https://www.aptekarska.pl/2020/12/10/jak-zwiekszyc-przychody-w-aptece/'

2021-01-27 14:21:01 - [MESSAGE][PASSED] - Current window's url is: 'https://www.aptekarska.pl/2020/12/10/jak-zwiekszyc-przychody-w-aptece/'

2021-01-27 14:21:01 - [TEST_STEP][PASSED] - verifyEqual(getUrl(), "https://www.aptekarska.pl/2020/12/10/jak-zwiekszyc-przychody-w-aptece/"): Actual object 'https://www.aptekarska.pl/2020/12/10/jak-zwiekszyc-przychody-w-aptece/' and expected object 'https://www.aptekarska.pl/2020/12/10/jak-zwiekszyc-przychody-w-aptece/' are equal

2021-01-27 14:21:01 - [MESSAGE][PASSED] - Current window's url is: 'https://www.aptekarska.pl/2020/12/10/jak-zwiekszyc-przychody-w-aptece/'

2021-01-27 14:21:01 - [MESSAGE][PASSED] - Actual object 'https://www.aptekarska.pl/2020/12/10/jak-zwiekszyc-przychody-w-aptece/' and expected object 'https://www.aptekarska.pl/2020/12/10/jak-zwiekszyc-przychody-w-aptece/' are equal

2021-01-27 14:21:01 - [TEST_STEP][PASSED] - click(findTestObject("Object Repository/Strona Główna Przyciski/Page_Jak zwikszy przychody w aptece - Aptek_bf68d0/span_Strona gwna")): Object: 'Object Repository/Strona Główna Przyciski/Page_Jak zwikszy przychody w aptece - Aptek_bf68d0/span_Strona gwna' is clicked on

2021-01-27 14:21:04 - [MESSAGE][PASSED] - Object: 'Object Repository/Strona Główna Przyciski/Page_Jak zwikszy przychody w aptece - Aptek_bf68d0/span_Strona gwna' is clicked on

2021-01-27 14:21:04 - [TEST_STEP][PASSED] - click(findTestObject("Object Repository/Strona Główna Przyciski/Page_Aptekarska Szkoa Zarzdzania Szkolenia _8ea30e/div_Maa zmiana, ktra daje due efekty w pole_91eb46")): Object: 'Object Repository/Strona Główna Przyciski/Page_Aptekarska Szkoa Zarzdzania Szkolenia _8ea30e/div_Maa zmiana, ktra daje due efekty w pole_91eb46' is clicked on

2021-01-27 14:21:11 - [MESSAGE][PASSED] - Object: 'Object Repository/Strona Główna Przyciski/Page_Aptekarska Szkoa Zarzdzania Szkolenia _8ea30e/div_Maa zmiana, ktra daje due efekty w pole_91eb46' is clicked on

2021-01-27 14:21:11 - [TEST_STEP][PASSED] - getUrl(): Current window's url is: 'https://www.aptekarska.pl/2020/12/04/mala-zmiana-ktora-daje-duze-efekty-w-polepszeniu-jakosci-obslugi-pacjenta-w-aptece/'

2021-01-27 14:21:11 - [MESSAGE][PASSED] - Current window's url is: 'https://www.aptekarska.pl/2020/12/04/mala-zmiana-ktora-daje-duze-efekty-w-polepszeniu-jakosci-obslugi-pacjenta-w-aptece/'

2021-01-27 14:21:11 - [TEST_STEP][PASSED] - verifyEqual(getUrl(), "https://www.aptekarska.pl/2020/12/04/mala-zmiana-ktora-daje-duze-efekty-w-polepszeniu-jakosci-obslugi-pacjenta-w-aptece/"): Actual object 'https://www.aptekarska.pl/2020/12/04/mala-zmiana-ktora-daje-duze-efekty-w-polepszeniu-jakosci-obslugi-pacjenta-w-aptece/' and expected object 'https://www.aptekarska.pl/2020/12/04/mala-zmiana-ktora-daje-duze-efekty-w-polepszeniu-jakosci-obslugi-pacjenta-w-aptece/' are equal

2021-01-27 14:21:11 - [MESSAGE][PASSED] - Current window's url is: 'https://www.aptekarska.pl/2020/12/04/mala-zmiana-ktora-daje-duze-efekty-w-polepszeniu-jakosci-obslugi-pacjenta-w-aptece/'

2021-01-27 14:21:11 - [MESSAGE][PASSED] - Actual object 'https://www.aptekarska.pl/2020/12/04/mala-zmiana-ktora-daje-duze-efekty-w-polepszeniu-jakosci-obslugi-pacjenta-w-aptece/' and expected object 'https://www.aptekarska.pl/2020/12/04/mala-zmiana-ktora-daje-duze-efekty-w-polepszeniu-jakosci-obslugi-pacjenta-w-aptece/' are equal

2021-01-27 14:21:11 - [TEST_STEP][PASSED] - click(findTestObject("Object Repository/Strona Główna Przyciski/Page_Maa zmiana, ktra daje due efekty w pol_a2020f/span_Strona gwna")): Object: 'Object Repository/Strona Główna Przyciski/Page_Maa zmiana, ktra daje due efekty w pol_a2020f/span_Strona gwna' is clicked on

2021-01-27 14:21:15 - [MESSAGE][PASSED] - Object: 'Object Repository/Strona Główna Przyciski/Page_Maa zmiana, ktra daje due efekty w pol_a2020f/span_Strona gwna' is clicked on

2021-01-27 14:21:15 - [TEST_STEP][PASSED] - click(findTestObject("Object Repository/Strona Główna Przyciski/Page_Aptekarska Szkoa Zarzdzania Szkolenia _8ea30e/a_ofert")): Object: 'Object Repository/Strona Główna Przyciski/Page_Aptekarska Szkoa Zarzdzania Szkolenia _8ea30e/a_ofert' is clicked on

2021-01-27 14:21:22 - [MESSAGE][PASSED] - Object: 'Object Repository/Strona Główna Przyciski/Page_Aptekarska Szkoa Zarzdzania Szkolenia _8ea30e/a_ofert' is clicked on

2021-01-27 14:21:22 - [TEST_STEP][PASSED] - getUrl(): Current window's url is: 'https://www.aptekarska.pl/oferta/'

2021-01-27 14:21:22 - [MESSAGE][PASSED] - Current window's url is: 'https://www.aptekarska.pl/oferta/'

2021-01-27 14:21:22 - [TEST_STEP][PASSED] - verifyEqual(getUrl(), "https://www.aptekarska.pl/oferta/"): Actual object 'https://www.aptekarska.pl/oferta/' and expected object 'https://www.aptekarska.pl/oferta/' are equal

2021-01-27 14:21:22 - [MESSAGE][PASSED] - Current window's url is: 'https://www.aptekarska.pl/oferta/'

2021-01-27 14:21:22 - [MESSAGE][PASSED] - Actual object 'https://www.aptekarska.pl/oferta/' and expected object 'https://www.aptekarska.pl/oferta/' are equal

2021-01-27 14:21:22 - [TEST_STEP][PASSED] - closeBrowser(): Browser is closed

2021-01-27 14:21:24 - [MESSAGE][PASSED] - Browser is closed]]></system-out>
         <system-err><![CDATA[]]></system-err>
      </testcase>
      <system-out><![CDATA[2021-01-27 14:18:33 - [TEST_SUITE][PASSED] - Strona Główna: Test Cases/Strona Główna/Test Przycisków]]></system-out>
      <system-err><![CDATA[]]></system-err>
   </testsuite>
</testsuites>
