<?xml version="1.0" encoding="UTF-8"?>
<testsuites name="Strona Główna" time="138.278" tests="3" failures="0" skips="0" errors="0">
   <testsuite name="Strona Główna" tests="3" failures="0" errors="0" time="138.278" skips="0" timestamp="2021-01-27 15:45:58" hostname="Staz Intersiec - DESKTOP-HO0QCN7" id="Test Suites/Strona Główna">
      <properties>
         <property name="deviceName" value=""/>
         <property name="devicePlatform" value=""/>
         <property name="logFolder" value="C:\\Users\\Staz Intersiec\\Documents\\Aptekarska.pl_UI_Tests\\Reports\\20210127_154317\\Strona G\u0142\u00F3wna\\20210127_154329"/>
         <property name="logFiles" value="C:\\Users\\Staz Intersiec\\Documents\\Aptekarska.pl_UI_Tests\\Reports\\20210127_154317\\Strona G\u0142\u00F3wna\\20210127_154329\\execution0.log"/>
         <property name="attachments" value=""/>
         <property name="hostName" value="Staz Intersiec - DESKTOP-HO0QCN7"/>
         <property name="os" value="Windows 10 64bit"/>
         <property name="katalonVersion" value="7.9.0.208"/>
         <property name="browser" value="Firefox 84.0"/>
         <property name="hostAddress" value="192.168.50.1"/>
         <property name="sessionId" value="56c8ede1-e779-45b3-b429-d01e2f01baac"/>
         <property name="seleniumVersion" value="3.141.59"/>
         <property name="proxyInformation" value="ProxyInformation { proxyOption=NO_PROXY, proxyServerType=HTTP, username=, password=********, proxyServerAddress=, proxyServerPort=0, executionList=&quot;&quot;, isApplyToDesiredCapabilities=true }"/>
         <property name="platform" value="Windows 10"/>
      </properties>
      <testcase name="Test Cases/Strona Główna/Test Nawigacji" time="36.266" classname="Test Cases/Strona Główna/Test Nawigacji" status="PASSED">
         <system-out><![CDATA[2021-01-27 15:46:00 - [TEST_CASE][PASSED] - Test Cases/Strona Główna/Test Nawigacji: Test Cases/Strona Główna/Test Nawigacji

2021-01-27 15:46:01 - [TEST_STEP][PASSED] - openBrowser(""): Browser is opened with url: ''

2021-01-27 15:46:01 - [MESSAGE][INFO] - Starting 'Firefox' driver

2021-01-27 15:46:01 - [MESSAGE][INFO] - Action delay is set to 0 milliseconds

2021-01-27 15:46:07 - [MESSAGE][PASSED] - Browser is opened with url: ''

2021-01-27 15:46:07 - [TEST_STEP][PASSED] - maximizeWindow(): Current window maximized

2021-01-27 15:46:07 - [MESSAGE][PASSED] - Current window maximized

2021-01-27 15:46:07 - [TEST_STEP][PASSED] - navigateToUrl("https://www.aptekarska.pl/"): Navigate to 'https://www.aptekarska.pl/' successfully

2021-01-27 15:46:12 - [MESSAGE][PASSED] - Navigate to 'https://www.aptekarska.pl/' successfully

2021-01-27 15:46:12 - [TEST_STEP][PASSED] - click(findTestObject("Object Repository/Strona Główna Nawigacja/Page_Aptekarska Szkoa Zarzdzania Szkolenia _8ea30e/button_Nie zgadzam si")): Object: 'Object Repository/Strona Główna Nawigacja/Page_Aptekarska Szkoa Zarzdzania Szkolenia _8ea30e/button_Nie zgadzam si' is clicked on

2021-01-27 15:46:16 - [MESSAGE][PASSED] - Object: 'Object Repository/Strona Główna Nawigacja/Page_Aptekarska Szkoa Zarzdzania Szkolenia _8ea30e/button_Nie zgadzam si' is clicked on

2021-01-27 15:46:16 - [TEST_STEP][PASSED] - click(findTestObject("Object Repository/Strona Główna Nawigacja/Page_Aptekarska Szkoa Zarzdzania Szkolenia _8ea30e/span_Aktualnoci")): Object: 'Object Repository/Strona Główna Nawigacja/Page_Aptekarska Szkoa Zarzdzania Szkolenia _8ea30e/span_Aktualnoci' is clicked on

2021-01-27 15:46:19 - [MESSAGE][PASSED] - Object: 'Object Repository/Strona Główna Nawigacja/Page_Aptekarska Szkoa Zarzdzania Szkolenia _8ea30e/span_Aktualnoci' is clicked on

2021-01-27 15:46:19 - [TEST_STEP][PASSED] - getUrl(): Current window's url is: 'https://www.aptekarska.pl/aktualnosci/'

2021-01-27 15:46:19 - [MESSAGE][PASSED] - Current window's url is: 'https://www.aptekarska.pl/aktualnosci/'

2021-01-27 15:46:19 - [TEST_STEP][PASSED] - verifyEqual(getUrl(), "https://www.aptekarska.pl/aktualnosci/"): Actual object 'https://www.aptekarska.pl/aktualnosci/' and expected object 'https://www.aptekarska.pl/aktualnosci/' are equal

2021-01-27 15:46:19 - [MESSAGE][PASSED] - Current window's url is: 'https://www.aptekarska.pl/aktualnosci/'

2021-01-27 15:46:19 - [MESSAGE][PASSED] - Actual object 'https://www.aptekarska.pl/aktualnosci/' and expected object 'https://www.aptekarska.pl/aktualnosci/' are equal

2021-01-27 15:46:19 - [TEST_STEP][PASSED] - click(findTestObject("Object Repository/Strona Główna Nawigacja/Page_Aktualnoci - Aptekarska Szkoa Zarzdzania/span_Artykuy")): Object: 'Object Repository/Strona Główna Nawigacja/Page_Aktualnoci - Aptekarska Szkoa Zarzdzania/span_Artykuy' is clicked on

2021-01-27 15:46:24 - [MESSAGE][PASSED] - Object: 'Object Repository/Strona Główna Nawigacja/Page_Aktualnoci - Aptekarska Szkoa Zarzdzania/span_Artykuy' is clicked on

2021-01-27 15:46:24 - [TEST_STEP][PASSED] - getUrl(): Current window's url is: 'https://www.aptekarska.pl/artykuly/'

2021-01-27 15:46:25 - [MESSAGE][PASSED] - Current window's url is: 'https://www.aptekarska.pl/artykuly/'

2021-01-27 15:46:25 - [TEST_STEP][PASSED] - verifyEqual(getUrl(), "https://www.aptekarska.pl/artykuly/"): Actual object 'https://www.aptekarska.pl/artykuly/' and expected object 'https://www.aptekarska.pl/artykuly/' are equal

2021-01-27 15:46:25 - [MESSAGE][PASSED] - Current window's url is: 'https://www.aptekarska.pl/artykuly/'

2021-01-27 15:46:25 - [MESSAGE][PASSED] - Actual object 'https://www.aptekarska.pl/artykuly/' and expected object 'https://www.aptekarska.pl/artykuly/' are equal

2021-01-27 15:46:25 - [TEST_STEP][PASSED] - click(findTestObject("Object Repository/Strona Główna Nawigacja/Page_Artykuy - Aptekarska Szkoa Zarzdzania/span_O nas")): Object: 'Object Repository/Strona Główna Nawigacja/Page_Artykuy - Aptekarska Szkoa Zarzdzania/span_O nas' is clicked on

2021-01-27 15:46:28 - [MESSAGE][PASSED] - Object: 'Object Repository/Strona Główna Nawigacja/Page_Artykuy - Aptekarska Szkoa Zarzdzania/span_O nas' is clicked on

2021-01-27 15:46:28 - [TEST_STEP][PASSED] - getUrl(): Current window's url is: 'https://www.aptekarska.pl/o-nas/'

2021-01-27 15:46:28 - [MESSAGE][PASSED] - Current window's url is: 'https://www.aptekarska.pl/o-nas/'

2021-01-27 15:46:28 - [TEST_STEP][PASSED] - verifyEqual(getUrl(), "https://www.aptekarska.pl/o-nas/"): Actual object 'https://www.aptekarska.pl/o-nas/' and expected object 'https://www.aptekarska.pl/o-nas/' are equal

2021-01-27 15:46:28 - [MESSAGE][PASSED] - Current window's url is: 'https://www.aptekarska.pl/o-nas/'

2021-01-27 15:46:28 - [MESSAGE][PASSED] - Actual object 'https://www.aptekarska.pl/o-nas/' and expected object 'https://www.aptekarska.pl/o-nas/' are equal

2021-01-27 15:46:28 - [TEST_STEP][PASSED] - click(findTestObject("Object Repository/Strona Główna Nawigacja/Page_O nas - Aptekarska Szkoa Zarzdzania/span_Kontakt")): Object: 'Object Repository/Strona Główna Nawigacja/Page_O nas - Aptekarska Szkoa Zarzdzania/span_Kontakt' is clicked on

2021-01-27 15:46:32 - [MESSAGE][PASSED] - Object: 'Object Repository/Strona Główna Nawigacja/Page_O nas - Aptekarska Szkoa Zarzdzania/span_Kontakt' is clicked on

2021-01-27 15:46:32 - [TEST_STEP][PASSED] - getUrl(): Current window's url is: 'https://www.aptekarska.pl/kontakt/'

2021-01-27 15:46:32 - [MESSAGE][PASSED] - Current window's url is: 'https://www.aptekarska.pl/kontakt/'

2021-01-27 15:46:32 - [TEST_STEP][PASSED] - verifyEqual(getUrl(), "https://www.aptekarska.pl/kontakt/"): Actual object 'https://www.aptekarska.pl/kontakt/' and expected object 'https://www.aptekarska.pl/kontakt/' are equal

2021-01-27 15:46:32 - [MESSAGE][PASSED] - Current window's url is: 'https://www.aptekarska.pl/kontakt/'

2021-01-27 15:46:32 - [MESSAGE][PASSED] - Actual object 'https://www.aptekarska.pl/kontakt/' and expected object 'https://www.aptekarska.pl/kontakt/' are equal

2021-01-27 15:46:32 - [TEST_STEP][PASSED] - click(findTestObject("Object Repository/Strona Główna Nawigacja/Page_Aptekarska Szkoa Zarzdzania Szkolenia _8ea30e/span_Oferta")): Object: 'Object Repository/Strona Główna Nawigacja/Page_Aptekarska Szkoa Zarzdzania Szkolenia _8ea30e/span_Oferta' is clicked on

2021-01-27 15:46:35 - [MESSAGE][PASSED] - Object: 'Object Repository/Strona Główna Nawigacja/Page_Aptekarska Szkoa Zarzdzania Szkolenia _8ea30e/span_Oferta' is clicked on

2021-01-27 15:46:35 - [TEST_STEP][PASSED] - getUrl(): Current window's url is: 'https://www.aptekarska.pl/oferta/'

2021-01-27 15:46:35 - [MESSAGE][PASSED] - Current window's url is: 'https://www.aptekarska.pl/oferta/'

2021-01-27 15:46:35 - [TEST_STEP][PASSED] - verifyEqual(getUrl(), "https://www.aptekarska.pl/oferta/"): Actual object 'https://www.aptekarska.pl/oferta/' and expected object 'https://www.aptekarska.pl/oferta/' are equal

2021-01-27 15:46:35 - [MESSAGE][PASSED] - Current window's url is: 'https://www.aptekarska.pl/oferta/'

2021-01-27 15:46:35 - [MESSAGE][PASSED] - Actual object 'https://www.aptekarska.pl/oferta/' and expected object 'https://www.aptekarska.pl/oferta/' are equal

2021-01-27 15:46:35 - [TEST_STEP][PASSED] - closeBrowser(): Browser is closed

2021-01-27 15:46:36 - [MESSAGE][PASSED] - Browser is closed]]></system-out>
         <system-err><![CDATA[]]></system-err>
      </testcase>
      <testcase name="Test Cases/Strona Główna/Test Przewijania Strony" time="17.856" classname="Test Cases/Strona Główna/Test Przewijania Strony" status="PASSED">
         <system-out><![CDATA[2021-01-27 15:46:36 - [TEST_CASE][PASSED] - Test Cases/Strona Główna/Test Przewijania Strony: Test Cases/Strona Główna/Test Przewijania Strony

2021-01-27 15:46:36 - [TEST_STEP][PASSED] - openBrowser(""): Browser is opened with url: ''

2021-01-27 15:46:36 - [MESSAGE][INFO] - Starting 'Firefox' driver

2021-01-27 15:46:36 - [MESSAGE][INFO] - Action delay is set to 0 milliseconds

2021-01-27 15:46:42 - [MESSAGE][PASSED] - Browser is opened with url: ''

2021-01-27 15:46:42 - [TEST_STEP][PASSED] - navigateToUrl("https://www.aptekarska.pl/"): Navigate to 'https://www.aptekarska.pl/' successfully

2021-01-27 15:46:45 - [MESSAGE][PASSED] - Navigate to 'https://www.aptekarska.pl/' successfully

2021-01-27 15:46:45 - [TEST_STEP][PASSED] - click(findTestObject("Object Repository/Strona Główna Przewijanie/Page_Aptekarska Szkoa Zarzdzania Szkolenia _8ea30e/button_Akceptuj wszystko")): Object: 'Object Repository/Strona Główna Przewijanie/Page_Aptekarska Szkoa Zarzdzania Szkolenia _8ea30e/button_Akceptuj wszystko' is clicked on

2021-01-27 15:46:50 - [MESSAGE][PASSED] - Object: 'Object Repository/Strona Główna Przewijanie/Page_Aptekarska Szkoa Zarzdzania Szkolenia _8ea30e/button_Akceptuj wszystko' is clicked on

2021-01-27 15:46:50 - [TEST_STEP][PASSED] - scrollToElement(findTestObject("Object Repository/Strona Główna Przewijanie/Page_Aptekarska Szkoa Zarzdzania Szkolenia dla Farmacji/img_Uczestniczka webinaru_preload-me"), 0): Scroll to object 'Object Repository/Strona Główna Przewijanie/Page_Aptekarska Szkoa Zarzdzania Szkolenia dla Farmacji/img_Uczestniczka webinaru_preload-me' successfully

2021-01-27 15:46:50 - [MESSAGE][WARNING] - Timeout '0' is invalid. Using default page load timeout: '30'

2021-01-27 15:46:51 - [MESSAGE][PASSED] - Scroll to object 'Object Repository/Strona Główna Przewijanie/Page_Aptekarska Szkoa Zarzdzania Szkolenia dla Farmacji/img_Uczestniczka webinaru_preload-me' successfully

2021-01-27 15:46:51 - [TEST_STEP][PASSED] - click(findTestObject("Object Repository/Strona Główna Przewijanie/Page_Aptekarska Szkoa Zarzdzania Szkolenia _8ea30e/a_Do gry")): Object: 'Object Repository/Strona Główna Przewijanie/Page_Aptekarska Szkoa Zarzdzania Szkolenia _8ea30e/a_Do gry' is clicked on

2021-01-27 15:46:53 - [MESSAGE][PASSED] - Object: 'Object Repository/Strona Główna Przewijanie/Page_Aptekarska Szkoa Zarzdzania Szkolenia _8ea30e/a_Do gry' is clicked on

2021-01-27 15:46:53 - [TEST_STEP][PASSED] - closeBrowser(): Browser is closed

2021-01-27 15:46:54 - [MESSAGE][PASSED] - Browser is closed]]></system-out>
         <system-err><![CDATA[]]></system-err>
      </testcase>
      <testcase name="Test Cases/Strona Główna/Test Przycisków" time="81.858" classname="Test Cases/Strona Główna/Test Przycisków" status="PASSED">
         <system-out><![CDATA[2021-01-27 15:46:54 - [TEST_CASE][PASSED] - Test Cases/Strona Główna/Test Przycisków: Test Cases/Strona Główna/Test Przycisków

2021-01-27 15:46:54 - [TEST_STEP][PASSED] - openBrowser(""): Browser is opened with url: ''

2021-01-27 15:46:54 - [MESSAGE][INFO] - Starting 'Firefox' driver

2021-01-27 15:46:54 - [MESSAGE][INFO] - Action delay is set to 0 milliseconds

2021-01-27 15:47:00 - [MESSAGE][PASSED] - Browser is opened with url: ''

2021-01-27 15:47:00 - [TEST_STEP][PASSED] - maximizeWindow(): Current window maximized

2021-01-27 15:47:00 - [MESSAGE][PASSED] - Current window maximized

2021-01-27 15:47:00 - [TEST_STEP][PASSED] - navigateToUrl("https://www.aptekarska.pl/"): Navigate to 'https://www.aptekarska.pl/' successfully

2021-01-27 15:47:04 - [MESSAGE][PASSED] - Navigate to 'https://www.aptekarska.pl/' successfully

2021-01-27 15:47:04 - [TEST_STEP][PASSED] - click(findTestObject("Object Repository/Strona Główna Nawigacja/Page_Aptekarska Szkoa Zarzdzania Szkolenia _8ea30e/button_Nie zgadzam si")): Object: 'Object Repository/Strona Główna Nawigacja/Page_Aptekarska Szkoa Zarzdzania Szkolenia _8ea30e/button_Nie zgadzam si' is clicked on

2021-01-27 15:47:08 - [MESSAGE][PASSED] - Object: 'Object Repository/Strona Główna Nawigacja/Page_Aptekarska Szkoa Zarzdzania Szkolenia _8ea30e/button_Nie zgadzam si' is clicked on

2021-01-27 15:47:08 - [TEST_STEP][PASSED] - click(findTestObject("Object Repository/Strona Główna Przyciski/Page_Aptekarska Szkoa Zarzdzania Szkolenia _8ea30e/a_Wicej o nas")): Object: 'Object Repository/Strona Główna Przyciski/Page_Aptekarska Szkoa Zarzdzania Szkolenia _8ea30e/a_Wicej o nas' is clicked on

2021-01-27 15:47:12 - [MESSAGE][PASSED] - Object: 'Object Repository/Strona Główna Przyciski/Page_Aptekarska Szkoa Zarzdzania Szkolenia _8ea30e/a_Wicej o nas' is clicked on

2021-01-27 15:47:12 - [TEST_STEP][PASSED] - getUrl(): Current window's url is: 'https://www.aptekarska.pl/o-nas/'

2021-01-27 15:47:12 - [MESSAGE][PASSED] - Current window's url is: 'https://www.aptekarska.pl/o-nas/'

2021-01-27 15:47:12 - [TEST_STEP][PASSED] - verifyEqual(getUrl(), "https://www.aptekarska.pl/o-nas/"): Actual object 'https://www.aptekarska.pl/o-nas/' and expected object 'https://www.aptekarska.pl/o-nas/' are equal

2021-01-27 15:47:12 - [MESSAGE][PASSED] - Current window's url is: 'https://www.aptekarska.pl/o-nas/'

2021-01-27 15:47:12 - [MESSAGE][PASSED] - Actual object 'https://www.aptekarska.pl/o-nas/' and expected object 'https://www.aptekarska.pl/o-nas/' are equal

2021-01-27 15:47:12 - [TEST_STEP][PASSED] - click(findTestObject("Object Repository/Strona Główna Przyciski/Page_O nas - Aptekarska Szkoa Zarzdzania/span_Strona gwna")): Object: 'Object Repository/Strona Główna Przyciski/Page_O nas - Aptekarska Szkoa Zarzdzania/span_Strona gwna' is clicked on

2021-01-27 15:47:16 - [MESSAGE][PASSED] - Object: 'Object Repository/Strona Główna Przyciski/Page_O nas - Aptekarska Szkoa Zarzdzania/span_Strona gwna' is clicked on

2021-01-27 15:47:16 - [TEST_STEP][PASSED] - click(findTestObject("Object Repository/Strona Główna Przyciski/Page_Aptekarska Szkoa Zarzdzania Szkolenia _8ea30e/a_Wszystkie aktualnoci")): Object: 'Object Repository/Strona Główna Przyciski/Page_Aptekarska Szkoa Zarzdzania Szkolenia _8ea30e/a_Wszystkie aktualnoci' is clicked on

2021-01-27 15:47:23 - [MESSAGE][PASSED] - Object: 'Object Repository/Strona Główna Przyciski/Page_Aptekarska Szkoa Zarzdzania Szkolenia _8ea30e/a_Wszystkie aktualnoci' is clicked on

2021-01-27 15:47:23 - [TEST_STEP][PASSED] - getUrl(): Current window's url is: 'https://www.aptekarska.pl/aktualnosci/'

2021-01-27 15:47:24 - [MESSAGE][PASSED] - Current window's url is: 'https://www.aptekarska.pl/aktualnosci/'

2021-01-27 15:47:24 - [TEST_STEP][PASSED] - verifyEqual(getUrl(), "https://www.aptekarska.pl/aktualnosci/"): Actual object 'https://www.aptekarska.pl/aktualnosci/' and expected object 'https://www.aptekarska.pl/aktualnosci/' are equal

2021-01-27 15:47:24 - [MESSAGE][PASSED] - Current window's url is: 'https://www.aptekarska.pl/aktualnosci/'

2021-01-27 15:47:24 - [MESSAGE][PASSED] - Actual object 'https://www.aptekarska.pl/aktualnosci/' and expected object 'https://www.aptekarska.pl/aktualnosci/' are equal

2021-01-27 15:47:24 - [TEST_STEP][PASSED] - click(findTestObject("Object Repository/Strona Główna Przyciski/Page_Aktualnoci - Aptekarska Szkoa Zarzdzania/span_Strona gwna")): Object: 'Object Repository/Strona Główna Przyciski/Page_Aktualnoci - Aptekarska Szkoa Zarzdzania/span_Strona gwna' is clicked on

2021-01-27 15:47:28 - [MESSAGE][PASSED] - Object: 'Object Repository/Strona Główna Przyciski/Page_Aktualnoci - Aptekarska Szkoa Zarzdzania/span_Strona gwna' is clicked on

2021-01-27 15:47:28 - [TEST_STEP][PASSED] - click(findTestObject("Object Repository/Strona Główna Przyciski/Page_Aptekarska Szkoa Zarzdzania Szkolenia _8ea30e/a_Wszystkie artykuy")): Object: 'Object Repository/Strona Główna Przyciski/Page_Aptekarska Szkoa Zarzdzania Szkolenia _8ea30e/a_Wszystkie artykuy' is clicked on

2021-01-27 15:47:35 - [MESSAGE][PASSED] - Object: 'Object Repository/Strona Główna Przyciski/Page_Aptekarska Szkoa Zarzdzania Szkolenia _8ea30e/a_Wszystkie artykuy' is clicked on

2021-01-27 15:47:35 - [TEST_STEP][PASSED] - getUrl(): Current window's url is: 'https://www.aptekarska.pl/artykuly/'

2021-01-27 15:47:35 - [MESSAGE][PASSED] - Current window's url is: 'https://www.aptekarska.pl/artykuly/'

2021-01-27 15:47:35 - [TEST_STEP][PASSED] - verifyEqual(getUrl(), "https://www.aptekarska.pl/artykuly/"): Actual object 'https://www.aptekarska.pl/artykuly/' and expected object 'https://www.aptekarska.pl/artykuly/' are equal

2021-01-27 15:47:35 - [MESSAGE][PASSED] - Current window's url is: 'https://www.aptekarska.pl/artykuly/'

2021-01-27 15:47:35 - [MESSAGE][PASSED] - Actual object 'https://www.aptekarska.pl/artykuly/' and expected object 'https://www.aptekarska.pl/artykuly/' are equal

2021-01-27 15:47:35 - [TEST_STEP][PASSED] - click(findTestObject("Object Repository/Strona Główna Przyciski/Page_Artykuy - Aptekarska Szkoa Zarzdzania/span_Strona gwna")): Object: 'Object Repository/Strona Główna Przyciski/Page_Artykuy - Aptekarska Szkoa Zarzdzania/span_Strona gwna' is clicked on

2021-01-27 15:47:39 - [MESSAGE][PASSED] - Object: 'Object Repository/Strona Główna Przyciski/Page_Artykuy - Aptekarska Szkoa Zarzdzania/span_Strona gwna' is clicked on

2021-01-27 15:47:39 - [TEST_STEP][PASSED] - click(findTestObject("Object Repository/Strona Główna Przyciski/Page_Aptekarska Szkoa Zarzdzania Szkolenia _8ea30e/div_Jak odzyska kontrol nad swoim czasem w _1cb63d_1")): Object: 'Object Repository/Strona Główna Przyciski/Page_Aptekarska Szkoa Zarzdzania Szkolenia _8ea30e/div_Jak odzyska kontrol nad swoim czasem w _1cb63d_1' is clicked on

2021-01-27 15:47:45 - [MESSAGE][PASSED] - Object: 'Object Repository/Strona Główna Przyciski/Page_Aptekarska Szkoa Zarzdzania Szkolenia _8ea30e/div_Jak odzyska kontrol nad swoim czasem w _1cb63d_1' is clicked on

2021-01-27 15:47:45 - [TEST_STEP][PASSED] - getUrl(): Current window's url is: 'https://www.aptekarska.pl/2021/01/24/jak-odzyskac-kontrole-nad-swoim-czasem-w-6-krokach/'

2021-01-27 15:47:45 - [MESSAGE][PASSED] - Current window's url is: 'https://www.aptekarska.pl/2021/01/24/jak-odzyskac-kontrole-nad-swoim-czasem-w-6-krokach/'

2021-01-27 15:47:45 - [TEST_STEP][PASSED] - verifyEqual(getUrl(), "https://www.aptekarska.pl/2021/01/24/jak-odzyskac-kontrole-nad-swoim-czasem-w-6-krokach/"): Actual object 'https://www.aptekarska.pl/2021/01/24/jak-odzyskac-kontrole-nad-swoim-czasem-w-6-krokach/' and expected object 'https://www.aptekarska.pl/2021/01/24/jak-odzyskac-kontrole-nad-swoim-czasem-w-6-krokach/' are equal

2021-01-27 15:47:45 - [MESSAGE][PASSED] - Current window's url is: 'https://www.aptekarska.pl/2021/01/24/jak-odzyskac-kontrole-nad-swoim-czasem-w-6-krokach/'

2021-01-27 15:47:45 - [MESSAGE][PASSED] - Actual object 'https://www.aptekarska.pl/2021/01/24/jak-odzyskac-kontrole-nad-swoim-czasem-w-6-krokach/' and expected object 'https://www.aptekarska.pl/2021/01/24/jak-odzyskac-kontrole-nad-swoim-czasem-w-6-krokach/' are equal

2021-01-27 15:47:45 - [TEST_STEP][PASSED] - click(findTestObject("Object Repository/Strona Główna Przyciski/Page_Jak odzyska kontrol nad swoim czasem w_66149d/span_Strona gwna")): Object: 'Object Repository/Strona Główna Przyciski/Page_Jak odzyska kontrol nad swoim czasem w_66149d/span_Strona gwna' is clicked on

2021-01-27 15:47:48 - [MESSAGE][PASSED] - Object: 'Object Repository/Strona Główna Przyciski/Page_Jak odzyska kontrol nad swoim czasem w_66149d/span_Strona gwna' is clicked on

2021-01-27 15:47:48 - [TEST_STEP][PASSED] - click(findTestObject("Object Repository/Strona Główna Przyciski/Page_Aptekarska Szkoa Zarzdzania Szkolenia _8ea30e/div_Jak zwikszy przychody w aptece")): Object: 'Object Repository/Strona Główna Przyciski/Page_Aptekarska Szkoa Zarzdzania Szkolenia _8ea30e/div_Jak zwikszy przychody w aptece' is clicked on

2021-01-27 15:47:54 - [MESSAGE][PASSED] - Object: 'Object Repository/Strona Główna Przyciski/Page_Aptekarska Szkoa Zarzdzania Szkolenia _8ea30e/div_Jak zwikszy przychody w aptece' is clicked on

2021-01-27 15:47:54 - [TEST_STEP][PASSED] - getUrl(): Current window's url is: 'https://www.aptekarska.pl/2020/12/10/jak-zwiekszyc-przychody-w-aptece/'

2021-01-27 15:47:54 - [MESSAGE][PASSED] - Current window's url is: 'https://www.aptekarska.pl/2020/12/10/jak-zwiekszyc-przychody-w-aptece/'

2021-01-27 15:47:54 - [TEST_STEP][PASSED] - verifyEqual(getUrl(), "https://www.aptekarska.pl/2020/12/10/jak-zwiekszyc-przychody-w-aptece/"): Actual object 'https://www.aptekarska.pl/2020/12/10/jak-zwiekszyc-przychody-w-aptece/' and expected object 'https://www.aptekarska.pl/2020/12/10/jak-zwiekszyc-przychody-w-aptece/' are equal

2021-01-27 15:47:54 - [MESSAGE][PASSED] - Current window's url is: 'https://www.aptekarska.pl/2020/12/10/jak-zwiekszyc-przychody-w-aptece/'

2021-01-27 15:47:54 - [MESSAGE][PASSED] - Actual object 'https://www.aptekarska.pl/2020/12/10/jak-zwiekszyc-przychody-w-aptece/' and expected object 'https://www.aptekarska.pl/2020/12/10/jak-zwiekszyc-przychody-w-aptece/' are equal

2021-01-27 15:47:54 - [TEST_STEP][PASSED] - click(findTestObject("Object Repository/Strona Główna Przyciski/Page_Jak zwikszy przychody w aptece - Aptek_bf68d0/span_Strona gwna")): Object: 'Object Repository/Strona Główna Przyciski/Page_Jak zwikszy przychody w aptece - Aptek_bf68d0/span_Strona gwna' is clicked on

2021-01-27 15:47:58 - [MESSAGE][PASSED] - Object: 'Object Repository/Strona Główna Przyciski/Page_Jak zwikszy przychody w aptece - Aptek_bf68d0/span_Strona gwna' is clicked on

2021-01-27 15:47:58 - [TEST_STEP][PASSED] - click(findTestObject("Object Repository/Strona Główna Przyciski/Page_Aptekarska Szkoa Zarzdzania Szkolenia _8ea30e/div_Maa zmiana, ktra daje due efekty w pole_91eb46")): Object: 'Object Repository/Strona Główna Przyciski/Page_Aptekarska Szkoa Zarzdzania Szkolenia _8ea30e/div_Maa zmiana, ktra daje due efekty w pole_91eb46' is clicked on

2021-01-27 15:48:05 - [MESSAGE][PASSED] - Object: 'Object Repository/Strona Główna Przyciski/Page_Aptekarska Szkoa Zarzdzania Szkolenia _8ea30e/div_Maa zmiana, ktra daje due efekty w pole_91eb46' is clicked on

2021-01-27 15:48:05 - [TEST_STEP][PASSED] - getUrl(): Current window's url is: 'https://www.aptekarska.pl/2020/12/04/mala-zmiana-ktora-daje-duze-efekty-w-polepszeniu-jakosci-obslugi-pacjenta-w-aptece/'

2021-01-27 15:48:05 - [MESSAGE][PASSED] - Current window's url is: 'https://www.aptekarska.pl/2020/12/04/mala-zmiana-ktora-daje-duze-efekty-w-polepszeniu-jakosci-obslugi-pacjenta-w-aptece/'

2021-01-27 15:48:05 - [TEST_STEP][PASSED] - verifyEqual(getUrl(), "https://www.aptekarska.pl/2020/12/04/mala-zmiana-ktora-daje-duze-efekty-w-polepszeniu-jakosci-obslugi-pacjenta-w-aptece/"): Actual object 'https://www.aptekarska.pl/2020/12/04/mala-zmiana-ktora-daje-duze-efekty-w-polepszeniu-jakosci-obslugi-pacjenta-w-aptece/' and expected object 'https://www.aptekarska.pl/2020/12/04/mala-zmiana-ktora-daje-duze-efekty-w-polepszeniu-jakosci-obslugi-pacjenta-w-aptece/' are equal

2021-01-27 15:48:05 - [MESSAGE][PASSED] - Current window's url is: 'https://www.aptekarska.pl/2020/12/04/mala-zmiana-ktora-daje-duze-efekty-w-polepszeniu-jakosci-obslugi-pacjenta-w-aptece/'

2021-01-27 15:48:05 - [MESSAGE][PASSED] - Actual object 'https://www.aptekarska.pl/2020/12/04/mala-zmiana-ktora-daje-duze-efekty-w-polepszeniu-jakosci-obslugi-pacjenta-w-aptece/' and expected object 'https://www.aptekarska.pl/2020/12/04/mala-zmiana-ktora-daje-duze-efekty-w-polepszeniu-jakosci-obslugi-pacjenta-w-aptece/' are equal

2021-01-27 15:48:05 - [TEST_STEP][PASSED] - click(findTestObject("Object Repository/Strona Główna Przyciski/Page_Maa zmiana, ktra daje due efekty w pol_a2020f/span_Strona gwna")): Object: 'Object Repository/Strona Główna Przyciski/Page_Maa zmiana, ktra daje due efekty w pol_a2020f/span_Strona gwna' is clicked on

2021-01-27 15:48:08 - [MESSAGE][PASSED] - Object: 'Object Repository/Strona Główna Przyciski/Page_Maa zmiana, ktra daje due efekty w pol_a2020f/span_Strona gwna' is clicked on

2021-01-27 15:48:08 - [TEST_STEP][PASSED] - click(findTestObject("Object Repository/Strona Główna Przyciski/Page_Aptekarska Szkoa Zarzdzania Szkolenia _8ea30e/a_ofert")): Object: 'Object Repository/Strona Główna Przyciski/Page_Aptekarska Szkoa Zarzdzania Szkolenia _8ea30e/a_ofert' is clicked on

2021-01-27 15:48:14 - [MESSAGE][PASSED] - Object: 'Object Repository/Strona Główna Przyciski/Page_Aptekarska Szkoa Zarzdzania Szkolenia _8ea30e/a_ofert' is clicked on

2021-01-27 15:48:14 - [TEST_STEP][PASSED] - getUrl(): Current window's url is: 'https://www.aptekarska.pl/oferta/'

2021-01-27 15:48:14 - [MESSAGE][PASSED] - Current window's url is: 'https://www.aptekarska.pl/oferta/'

2021-01-27 15:48:14 - [TEST_STEP][PASSED] - verifyEqual(getUrl(), "https://www.aptekarska.pl/oferta/"): Actual object 'https://www.aptekarska.pl/oferta/' and expected object 'https://www.aptekarska.pl/oferta/' are equal

2021-01-27 15:48:14 - [MESSAGE][PASSED] - Current window's url is: 'https://www.aptekarska.pl/oferta/'

2021-01-27 15:48:14 - [MESSAGE][PASSED] - Actual object 'https://www.aptekarska.pl/oferta/' and expected object 'https://www.aptekarska.pl/oferta/' are equal

2021-01-27 15:48:14 - [TEST_STEP][PASSED] - closeBrowser(): Browser is closed

2021-01-27 15:48:16 - [MESSAGE][PASSED] - Browser is closed]]></system-out>
         <system-err><![CDATA[]]></system-err>
      </testcase>
      <system-out><![CDATA[2021-01-27 15:45:58 - [TEST_SUITE][PASSED] - Strona Główna: Test Cases/Strona Główna/Test Przycisków]]></system-out>
      <system-err><![CDATA[]]></system-err>
   </testsuite>
</testsuites>
