<?xml version="1.0" encoding="UTF-8"?>
<testsuites name="O nas" time="260.185" tests="7" failures="3" skips="0" errors="0">
   <testsuite name="O nas" tests="7" failures="3" errors="0" time="260.185" skips="0" timestamp="2021-01-28 15:59:44" hostname="Staz Intersiec - DESKTOP-HO0QCN7" id="Test Suites/O nas">
      <properties>
         <property name="deviceName" value=""/>
         <property name="devicePlatform" value=""/>
         <property name="logFolder" value="C:\\Users\\Staz Intersiec\\Documents\\Aptekarska.pl_UI_Tests\\Reports\\20210128_155538\\O nas\\20210128_155554"/>
         <property name="logFiles" value="C:\\Users\\Staz Intersiec\\Documents\\Aptekarska.pl_UI_Tests\\Reports\\20210128_155538\\O nas\\20210128_155554\\execution0.log"/>
         <property name="attachments" value=""/>
         <property name="hostName" value="Staz Intersiec - DESKTOP-HO0QCN7"/>
         <property name="os" value="Windows 10 64bit"/>
         <property name="katalonVersion" value="7.9.0.208"/>
         <property name="browser" value="Firefox 84.0"/>
         <property name="hostAddress" value="192.168.50.1"/>
         <property name="sessionId" value="23ee3492-942f-4ae0-9127-f480d785f240"/>
         <property name="seleniumVersion" value="3.141.59"/>
         <property name="proxyInformation" value="ProxyInformation { proxyOption=NO_PROXY, proxyServerType=HTTP, username=, password=********, proxyServerAddress=, proxyServerPort=0, executionList=&quot;&quot;, isApplyToDesiredCapabilities=true }"/>
         <property name="platform" value="Windows 10"/>
      </properties>
      <testcase name="Test Cases/O nas/TEMP" time="51.61" classname="Test Cases/O nas/TEMP" status="PASSED">
         <system-out><![CDATA[2021-01-28 15:59:46 - [TEST_CASE][PASSED] - Test Cases/O nas/TEMP: Test Cases/O nas/TEMP

2021-01-28 15:59:47 - [TEST_STEP][PASSED] - openBrowser(""): Browser is opened with url: ''

2021-01-28 15:59:47 - [MESSAGE][INFO] - Starting 'Firefox' driver

2021-01-28 15:59:48 - [MESSAGE][INFO] - Action delay is set to 0 milliseconds

2021-01-28 15:59:53 - [MESSAGE][PASSED] - Browser is opened with url: ''

2021-01-28 15:59:53 - [TEST_STEP][PASSED] - navigateToUrl("https://www.aptekarska.pl/o-nas/marta-balazinska/"): Navigate to 'https://www.aptekarska.pl/o-nas/marta-balazinska/' successfully

2021-01-28 15:59:58 - [MESSAGE][PASSED] - Navigate to 'https://www.aptekarska.pl/o-nas/marta-balazinska/' successfully

2021-01-28 15:59:58 - [TEST_STEP][PASSED] - click(findTestObject("Object Repository/TEMP/Page_Marta Baaziska - Aptekarska Szkoa Zarzdzania/button_Nie zgadzam si")): Object: 'Object Repository/TEMP/Page_Marta Baaziska - Aptekarska Szkoa Zarzdzania/button_Nie zgadzam si' is clicked on

2021-01-28 15:59:59 - [MESSAGE][PASSED] - Object: 'Object Repository/TEMP/Page_Marta Baaziska - Aptekarska Szkoa Zarzdzania/button_Nie zgadzam si' is clicked on

2021-01-28 15:59:59 - [TEST_STEP][PASSED] - click(findTestObject("Object Repository/TEMP/Page_Marta Baaziska - Aptekarska Szkoa Zarzdzania/i")): Object: 'Object Repository/TEMP/Page_Marta Baaziska - Aptekarska Szkoa Zarzdzania/i' is clicked on

2021-01-28 16:00:04 - [MESSAGE][PASSED] - Object: 'Object Repository/TEMP/Page_Marta Baaziska - Aptekarska Szkoa Zarzdzania/i' is clicked on

2021-01-28 16:00:04 - [TEST_STEP][PASSED] - closeBrowser(): Browser is closed

2021-01-28 16:00:06 - [MESSAGE][PASSED] - Browser is closed

2021-01-28 16:00:06 - [TEST_STEP][PASSED] - openBrowser(""): Browser is opened with url: ''

2021-01-28 16:00:06 - [MESSAGE][INFO] - Starting 'Firefox' driver

2021-01-28 16:00:06 - [MESSAGE][INFO] - Action delay is set to 0 milliseconds

2021-01-28 16:00:11 - [MESSAGE][PASSED] - Browser is opened with url: ''

2021-01-28 16:00:11 - [TEST_STEP][PASSED] - navigateToUrl("https://www.aptekarska.pl/o-nas/marta-balazinska/"): Navigate to 'https://www.aptekarska.pl/o-nas/marta-balazinska/' successfully

2021-01-28 16:00:17 - [MESSAGE][PASSED] - Navigate to 'https://www.aptekarska.pl/o-nas/marta-balazinska/' successfully

2021-01-28 16:00:17 - [TEST_STEP][PASSED] - click(findTestObject("Object Repository/TEMP/Page_Marta Baaziska - Aptekarska Szkoa Zarzdzania/button_Nie zgadzam si")): Object: 'Object Repository/TEMP/Page_Marta Baaziska - Aptekarska Szkoa Zarzdzania/button_Nie zgadzam si' is clicked on

2021-01-28 16:00:18 - [MESSAGE][PASSED] - Object: 'Object Repository/TEMP/Page_Marta Baaziska - Aptekarska Szkoa Zarzdzania/button_Nie zgadzam si' is clicked on

2021-01-28 16:00:18 - [TEST_STEP][PASSED] - click(findTestObject("Object Repository/TEMP/Page_Marta Baaziska - Aptekarska Szkoa Zarzdzania/i")): Object: 'Object Repository/TEMP/Page_Marta Baaziska - Aptekarska Szkoa Zarzdzania/i' is clicked on

2021-01-28 16:00:21 - [MESSAGE][PASSED] - Object: 'Object Repository/TEMP/Page_Marta Baaziska - Aptekarska Szkoa Zarzdzania/i' is clicked on

2021-01-28 16:00:21 - [TEST_STEP][PASSED] - closeBrowser(): Browser is closed

2021-01-28 16:00:23 - [MESSAGE][PASSED] - Browser is closed

2021-01-28 16:00:23 - [TEST_STEP][PASSED] - openBrowser(""): Browser is opened with url: ''

2021-01-28 16:00:23 - [MESSAGE][INFO] - Starting 'Firefox' driver

2021-01-28 16:00:23 - [MESSAGE][INFO] - Action delay is set to 0 milliseconds

2021-01-28 16:00:28 - [MESSAGE][PASSED] - Browser is opened with url: ''

2021-01-28 16:00:28 - [TEST_STEP][PASSED] - navigateToUrl("https://www.aptekarska.pl/o-nas/marta-balazinska/"): Navigate to 'https://www.aptekarska.pl/o-nas/marta-balazinska/' successfully

2021-01-28 16:00:32 - [MESSAGE][PASSED] - Navigate to 'https://www.aptekarska.pl/o-nas/marta-balazinska/' successfully

2021-01-28 16:00:32 - [TEST_STEP][PASSED] - click(findTestObject("Object Repository/TEMP/Page_Marta Baaziska - Aptekarska Szkoa Zarzdzania/button_Nie zgadzam si")): Object: 'Object Repository/TEMP/Page_Marta Baaziska - Aptekarska Szkoa Zarzdzania/button_Nie zgadzam si' is clicked on

2021-01-28 16:00:33 - [MESSAGE][PASSED] - Object: 'Object Repository/TEMP/Page_Marta Baaziska - Aptekarska Szkoa Zarzdzania/button_Nie zgadzam si' is clicked on

2021-01-28 16:00:33 - [TEST_STEP][PASSED] - click(findTestObject("Object Repository/TEMP/Page_Marta Baaziska - Aptekarska Szkoa Zarzdzania/i")): Object: 'Object Repository/TEMP/Page_Marta Baaziska - Aptekarska Szkoa Zarzdzania/i' is clicked on

2021-01-28 16:00:37 - [MESSAGE][PASSED] - Object: 'Object Repository/TEMP/Page_Marta Baaziska - Aptekarska Szkoa Zarzdzania/i' is clicked on

2021-01-28 16:00:37 - [TEST_STEP][PASSED] - closeBrowser(): Browser is closed

2021-01-28 16:00:38 - [MESSAGE][PASSED] - Browser is closed]]></system-out>
         <system-err><![CDATA[]]></system-err>
      </testcase>
      <testcase name="Test Cases/O nas/Test Nawigacji - Podstrona O nas" time="36.295" classname="Test Cases/O nas/Test Nawigacji - Podstrona O nas" status="PASSED">
         <system-out><![CDATA[2021-01-28 16:00:38 - [TEST_CASE][PASSED] - Test Cases/O nas/Test Nawigacji - Podstrona O nas: Test Cases/O nas/Test Nawigacji - Podstrona O nas

2021-01-28 16:00:38 - [TEST_STEP][PASSED] - openBrowser(""): Browser is opened with url: ''

2021-01-28 16:00:38 - [MESSAGE][INFO] - Starting 'Firefox' driver

2021-01-28 16:00:38 - [MESSAGE][INFO] - Action delay is set to 0 milliseconds

2021-01-28 16:00:43 - [MESSAGE][PASSED] - Browser is opened with url: ''

2021-01-28 16:00:43 - [TEST_STEP][PASSED] - maximizeWindow(): Current window maximized

2021-01-28 16:00:43 - [MESSAGE][PASSED] - Current window maximized

2021-01-28 16:00:44 - [TEST_STEP][PASSED] - navigateToUrl("https://www.aptekarska.pl/o-nas/"): Navigate to 'https://www.aptekarska.pl/o-nas/' successfully

2021-01-28 16:00:48 - [MESSAGE][PASSED] - Navigate to 'https://www.aptekarska.pl/o-nas/' successfully

2021-01-28 16:00:48 - [TEST_STEP][PASSED] - click(findTestObject("Object Repository/Strona Główna Nawigacja/Page_Aptekarska Szkoa Zarzdzania Szkolenia _8ea30e/button_Nie zgadzam si")): Object: 'Object Repository/Strona Główna Nawigacja/Page_Aptekarska Szkoa Zarzdzania Szkolenia _8ea30e/button_Nie zgadzam si' is clicked on

2021-01-28 16:00:49 - [MESSAGE][PASSED] - Object: 'Object Repository/Strona Główna Nawigacja/Page_Aptekarska Szkoa Zarzdzania Szkolenia _8ea30e/button_Nie zgadzam si' is clicked on

2021-01-28 16:00:49 - [TEST_STEP][PASSED] - click(findTestObject("Object Repository/Strona Główna Nawigacja/Page_Aptekarska Szkoa Zarzdzania Szkolenia _8ea30e/span_Aktualnoci")): Object: 'Object Repository/Strona Główna Nawigacja/Page_Aptekarska Szkoa Zarzdzania Szkolenia _8ea30e/span_Aktualnoci' is clicked on

2021-01-28 16:00:52 - [MESSAGE][PASSED] - Object: 'Object Repository/Strona Główna Nawigacja/Page_Aptekarska Szkoa Zarzdzania Szkolenia _8ea30e/span_Aktualnoci' is clicked on

2021-01-28 16:00:52 - [TEST_STEP][PASSED] - getUrl(): Current window's url is: 'https://www.aptekarska.pl/aktualnosci/'

2021-01-28 16:00:53 - [MESSAGE][PASSED] - Current window's url is: 'https://www.aptekarska.pl/aktualnosci/'

2021-01-28 16:00:53 - [TEST_STEP][PASSED] - verifyEqual(getUrl(), "https://www.aptekarska.pl/aktualnosci/"): Actual object 'https://www.aptekarska.pl/aktualnosci/' and expected object 'https://www.aptekarska.pl/aktualnosci/' are equal

2021-01-28 16:00:53 - [MESSAGE][PASSED] - Current window's url is: 'https://www.aptekarska.pl/aktualnosci/'

2021-01-28 16:00:53 - [MESSAGE][PASSED] - Actual object 'https://www.aptekarska.pl/aktualnosci/' and expected object 'https://www.aptekarska.pl/aktualnosci/' are equal

2021-01-28 16:00:53 - [TEST_STEP][PASSED] - click(findTestObject("Object Repository/Strona Główna Nawigacja/Page_Aktualnoci - Aptekarska Szkoa Zarzdzania/span_Artykuy")): Object: 'Object Repository/Strona Główna Nawigacja/Page_Aktualnoci - Aptekarska Szkoa Zarzdzania/span_Artykuy' is clicked on

2021-01-28 16:00:57 - [MESSAGE][PASSED] - Object: 'Object Repository/Strona Główna Nawigacja/Page_Aktualnoci - Aptekarska Szkoa Zarzdzania/span_Artykuy' is clicked on

2021-01-28 16:00:57 - [TEST_STEP][PASSED] - getUrl(): Current window's url is: 'https://www.aptekarska.pl/artykuly/'

2021-01-28 16:00:57 - [MESSAGE][PASSED] - Current window's url is: 'https://www.aptekarska.pl/artykuly/'

2021-01-28 16:00:57 - [TEST_STEP][PASSED] - verifyEqual(getUrl(), "https://www.aptekarska.pl/artykuly/"): Actual object 'https://www.aptekarska.pl/artykuly/' and expected object 'https://www.aptekarska.pl/artykuly/' are equal

2021-01-28 16:00:57 - [MESSAGE][PASSED] - Current window's url is: 'https://www.aptekarska.pl/artykuly/'

2021-01-28 16:00:57 - [MESSAGE][PASSED] - Actual object 'https://www.aptekarska.pl/artykuly/' and expected object 'https://www.aptekarska.pl/artykuly/' are equal

2021-01-28 16:00:57 - [TEST_STEP][PASSED] - click(findTestObject("SPY - NAWIGACJA STRONA GŁOWNA BUTTON/Page_Aktualnoci - Aptekarska Szkoa Zarzdzania/img_Szkolenia cige dla farmaceutw, farmacji, farmaceutyczne  Aptekarska.pl_preload-me")): Object: 'Object Repository/SPY - NAWIGACJA STRONA GŁOWNA BUTTON/Page_Aktualnoci - Aptekarska Szkoa Zarzdzania/img_Szkolenia cige dla farmaceutw, farmacji, farmaceutyczne  Aptekarska.pl_preload-me' is clicked on

2021-01-28 16:01:02 - [MESSAGE][PASSED] - Object: 'Object Repository/SPY - NAWIGACJA STRONA GŁOWNA BUTTON/Page_Aktualnoci - Aptekarska Szkoa Zarzdzania/img_Szkolenia cige dla farmaceutw, farmacji, farmaceutyczne  Aptekarska.pl_preload-me' is clicked on

2021-01-28 16:01:02 - [TEST_STEP][PASSED] - getUrl(): Current window's url is: 'https://www.aptekarska.pl/'

2021-01-28 16:01:02 - [MESSAGE][PASSED] - Current window's url is: 'https://www.aptekarska.pl/'

2021-01-28 16:01:02 - [TEST_STEP][PASSED] - verifyEqual(getUrl(), "https://www.aptekarska.pl/"): Actual object 'https://www.aptekarska.pl/' and expected object 'https://www.aptekarska.pl/' are equal

2021-01-28 16:01:02 - [MESSAGE][PASSED] - Current window's url is: 'https://www.aptekarska.pl/'

2021-01-28 16:01:02 - [MESSAGE][PASSED] - Actual object 'https://www.aptekarska.pl/' and expected object 'https://www.aptekarska.pl/' are equal

2021-01-28 16:01:02 - [TEST_STEP][PASSED] - click(findTestObject("Object Repository/Strona Główna Nawigacja/Page_O nas - Aptekarska Szkoa Zarzdzania/span_Kontakt")): Object: 'Object Repository/Strona Główna Nawigacja/Page_O nas - Aptekarska Szkoa Zarzdzania/span_Kontakt' is clicked on

2021-01-28 16:01:10 - [MESSAGE][PASSED] - Object: 'Object Repository/Strona Główna Nawigacja/Page_O nas - Aptekarska Szkoa Zarzdzania/span_Kontakt' is clicked on

2021-01-28 16:01:10 - [TEST_STEP][PASSED] - getUrl(): Current window's url is: 'https://www.aptekarska.pl/kontakt/'

2021-01-28 16:01:10 - [MESSAGE][PASSED] - Current window's url is: 'https://www.aptekarska.pl/kontakt/'

2021-01-28 16:01:10 - [TEST_STEP][PASSED] - verifyEqual(getUrl(), "https://www.aptekarska.pl/kontakt/"): Actual object 'https://www.aptekarska.pl/kontakt/' and expected object 'https://www.aptekarska.pl/kontakt/' are equal

2021-01-28 16:01:10 - [MESSAGE][PASSED] - Current window's url is: 'https://www.aptekarska.pl/kontakt/'

2021-01-28 16:01:10 - [MESSAGE][PASSED] - Actual object 'https://www.aptekarska.pl/kontakt/' and expected object 'https://www.aptekarska.pl/kontakt/' are equal

2021-01-28 16:01:10 - [TEST_STEP][PASSED] - click(findTestObject("Object Repository/Strona Główna Nawigacja/Page_Aptekarska Szkoa Zarzdzania Szkolenia _8ea30e/span_Oferta")): Object: 'Object Repository/Strona Główna Nawigacja/Page_Aptekarska Szkoa Zarzdzania Szkolenia _8ea30e/span_Oferta' is clicked on

2021-01-28 16:01:13 - [MESSAGE][PASSED] - Object: 'Object Repository/Strona Główna Nawigacja/Page_Aptekarska Szkoa Zarzdzania Szkolenia _8ea30e/span_Oferta' is clicked on

2021-01-28 16:01:13 - [TEST_STEP][PASSED] - getUrl(): Current window's url is: 'https://www.aptekarska.pl/oferta/'

2021-01-28 16:01:13 - [MESSAGE][PASSED] - Current window's url is: 'https://www.aptekarska.pl/oferta/'

2021-01-28 16:01:13 - [TEST_STEP][PASSED] - verifyEqual(getUrl(), "https://www.aptekarska.pl/oferta/"): Actual object 'https://www.aptekarska.pl/oferta/' and expected object 'https://www.aptekarska.pl/oferta/' are equal

2021-01-28 16:01:13 - [MESSAGE][PASSED] - Current window's url is: 'https://www.aptekarska.pl/oferta/'

2021-01-28 16:01:13 - [MESSAGE][PASSED] - Actual object 'https://www.aptekarska.pl/oferta/' and expected object 'https://www.aptekarska.pl/oferta/' are equal

2021-01-28 16:01:13 - [TEST_STEP][PASSED] - closeBrowser(): Browser is closed

2021-01-28 16:01:14 - [MESSAGE][PASSED] - Browser is closed]]></system-out>
         <system-err><![CDATA[]]></system-err>
      </testcase>
      <testcase name="Test Cases/O nas/Test Przewijania Strony - Podstrona O nas" time="15.17" classname="Test Cases/O nas/Test Przewijania Strony - Podstrona O nas" status="PASSED">
         <system-out><![CDATA[2021-01-28 16:01:14 - [TEST_CASE][PASSED] - Test Cases/O nas/Test Przewijania Strony - Podstrona O nas: Test Cases/O nas/Test Przewijania Strony - Podstrona O nas

2021-01-28 16:01:14 - [TEST_STEP][PASSED] - openBrowser(""): Browser is opened with url: ''

2021-01-28 16:01:14 - [MESSAGE][INFO] - Starting 'Firefox' driver

2021-01-28 16:01:14 - [MESSAGE][INFO] - Action delay is set to 0 milliseconds

2021-01-28 16:01:20 - [MESSAGE][PASSED] - Browser is opened with url: ''

2021-01-28 16:01:20 - [TEST_STEP][PASSED] - navigateToUrl("https://www.aptekarska.pl/o-nas/"): Navigate to 'https://www.aptekarska.pl/o-nas/' successfully

2021-01-28 16:01:25 - [MESSAGE][PASSED] - Navigate to 'https://www.aptekarska.pl/o-nas/' successfully

2021-01-28 16:01:25 - [TEST_STEP][PASSED] - click(findTestObject("Object Repository/Strona Główna Przewijanie/Page_Aptekarska Szkoa Zarzdzania Szkolenia _8ea30e/button_Akceptuj wszystko")): Object: 'Object Repository/Strona Główna Przewijanie/Page_Aptekarska Szkoa Zarzdzania Szkolenia _8ea30e/button_Akceptuj wszystko' is clicked on

2021-01-28 16:01:26 - [MESSAGE][PASSED] - Object: 'Object Repository/Strona Główna Przewijanie/Page_Aptekarska Szkoa Zarzdzania Szkolenia _8ea30e/button_Akceptuj wszystko' is clicked on

2021-01-28 16:01:26 - [TEST_STEP][PASSED] - scrollToElement(findTestObject("Object Repository/Strona Główna Przewijanie/Page_Aptekarska Szkoa Zarzdzania Szkolenia dla Farmacji/img_Uczestniczka webinaru_preload-me"), 0): Scroll to object 'Object Repository/Strona Główna Przewijanie/Page_Aptekarska Szkoa Zarzdzania Szkolenia dla Farmacji/img_Uczestniczka webinaru_preload-me' successfully

2021-01-28 16:01:26 - [MESSAGE][WARNING] - Timeout '0' is invalid. Using default page load timeout: '30'

2021-01-28 16:01:26 - [MESSAGE][PASSED] - Scroll to object 'Object Repository/Strona Główna Przewijanie/Page_Aptekarska Szkoa Zarzdzania Szkolenia dla Farmacji/img_Uczestniczka webinaru_preload-me' successfully

2021-01-28 16:01:26 - [TEST_STEP][PASSED] - click(findTestObject("Object Repository/Strona Główna Przewijanie/Page_Aptekarska Szkoa Zarzdzania Szkolenia _8ea30e/a_Do gry")): Object: 'Object Repository/Strona Główna Przewijanie/Page_Aptekarska Szkoa Zarzdzania Szkolenia _8ea30e/a_Do gry' is clicked on

2021-01-28 16:01:28 - [MESSAGE][PASSED] - Object: 'Object Repository/Strona Główna Przewijanie/Page_Aptekarska Szkoa Zarzdzania Szkolenia _8ea30e/a_Do gry' is clicked on

2021-01-28 16:01:28 - [TEST_STEP][PASSED] - closeBrowser(): Browser is closed

2021-01-28 16:01:29 - [MESSAGE][PASSED] - Browser is closed]]></system-out>
         <system-err><![CDATA[]]></system-err>
      </testcase>
      <testcase name="Test Cases/O nas/Test przycisków - Podstrona O nas - Beata" time="41.778" classname="Test Cases/O nas/Test przycisków - Podstrona O nas - Beata" status="PASSED">
         <system-out><![CDATA[2021-01-28 16:01:29 - [TEST_CASE][PASSED] - Test Cases/O nas/Test przycisków - Podstrona O nas - Beata: Test Cases/O nas/Test przycisków - Podstrona O nas - Beata

2021-01-28 16:01:30 - [TEST_STEP][PASSED] - openBrowser(""): Browser is opened with url: ''

2021-01-28 16:01:30 - [MESSAGE][INFO] - Starting 'Firefox' driver

2021-01-28 16:01:30 - [MESSAGE][INFO] - Action delay is set to 0 milliseconds

2021-01-28 16:01:35 - [MESSAGE][PASSED] - Browser is opened with url: ''

2021-01-28 16:01:35 - [TEST_STEP][PASSED] - maximizeWindow(): Current window maximized

2021-01-28 16:01:35 - [MESSAGE][PASSED] - Current window maximized

2021-01-28 16:01:35 - [TEST_STEP][PASSED] - navigateToUrl("https://www.aptekarska.pl/o-nas/"): Navigate to 'https://www.aptekarska.pl/o-nas/' successfully

2021-01-28 16:01:41 - [MESSAGE][PASSED] - Navigate to 'https://www.aptekarska.pl/o-nas/' successfully

2021-01-28 16:01:41 - [TEST_STEP][PASSED] - click(findTestObject("Object Repository/Podstrona O nas Przyciski/Page_O nas - Aptekarska Szkoa Zarzdzania/button_Nie zgadzam si")): Object: 'Object Repository/Podstrona O nas Przyciski/Page_O nas - Aptekarska Szkoa Zarzdzania/button_Nie zgadzam si' is clicked on

2021-01-28 16:01:42 - [MESSAGE][PASSED] - Object: 'Object Repository/Podstrona O nas Przyciski/Page_O nas - Aptekarska Szkoa Zarzdzania/button_Nie zgadzam si' is clicked on

2021-01-28 16:01:42 - [TEST_STEP][PASSED] - click(findTestObject("Object Repository/Podstrona O nas Przyciski/Page_O nas - Aptekarska Szkoa Zarzdzania/i")): Object: 'Object Repository/Podstrona O nas Przyciski/Page_O nas - Aptekarska Szkoa Zarzdzania/i' is clicked on

2021-01-28 16:01:46 - [MESSAGE][PASSED] - Object: 'Object Repository/Podstrona O nas Przyciski/Page_O nas - Aptekarska Szkoa Zarzdzania/i' is clicked on

2021-01-28 16:01:46 - [TEST_STEP][PASSED] - getUrl(): Current window's url is: 'https://www.aptekarska.pl/o-nas/beata-tyszkiewicz-kmiecik/'

2021-01-28 16:01:46 - [MESSAGE][PASSED] - Current window's url is: 'https://www.aptekarska.pl/o-nas/beata-tyszkiewicz-kmiecik/'

2021-01-28 16:01:46 - [TEST_STEP][PASSED] - verifyEqual(getUrl(), "https://www.aptekarska.pl/o-nas/beata-tyszkiewicz-kmiecik/"): Actual object 'https://www.aptekarska.pl/o-nas/beata-tyszkiewicz-kmiecik/' and expected object 'https://www.aptekarska.pl/o-nas/beata-tyszkiewicz-kmiecik/' are equal

2021-01-28 16:01:46 - [MESSAGE][PASSED] - Current window's url is: 'https://www.aptekarska.pl/o-nas/beata-tyszkiewicz-kmiecik/'

2021-01-28 16:01:46 - [MESSAGE][PASSED] - Actual object 'https://www.aptekarska.pl/o-nas/beata-tyszkiewicz-kmiecik/' and expected object 'https://www.aptekarska.pl/o-nas/beata-tyszkiewicz-kmiecik/' are equal

2021-01-28 16:01:46 - [TEST_STEP][PASSED] - click(findTestObject("Object Repository/Podstrona O nas Przyciski/Page_Beata Tyszkiewicz-Kmiecik - Aptekarska_133aa7/span_O nas")): Object: 'Object Repository/Podstrona O nas Przyciski/Page_Beata Tyszkiewicz-Kmiecik - Aptekarska_133aa7/span_O nas' is clicked on

2021-01-28 16:01:50 - [MESSAGE][PASSED] - Object: 'Object Repository/Podstrona O nas Przyciski/Page_Beata Tyszkiewicz-Kmiecik - Aptekarska_133aa7/span_O nas' is clicked on

2021-01-28 16:01:50 - [TEST_STEP][PASSED] - getUrl(): Current window's url is: 'https://www.aptekarska.pl/o-nas/'

2021-01-28 16:01:50 - [MESSAGE][PASSED] - Current window's url is: 'https://www.aptekarska.pl/o-nas/'

2021-01-28 16:01:50 - [TEST_STEP][PASSED] - verifyEqual(getUrl(), "https://www.aptekarska.pl/o-nas/"): Actual object 'https://www.aptekarska.pl/o-nas/' and expected object 'https://www.aptekarska.pl/o-nas/' are equal

2021-01-28 16:01:50 - [MESSAGE][PASSED] - Current window's url is: 'https://www.aptekarska.pl/o-nas/'

2021-01-28 16:01:50 - [MESSAGE][PASSED] - Actual object 'https://www.aptekarska.pl/o-nas/' and expected object 'https://www.aptekarska.pl/o-nas/' are equal

2021-01-28 16:01:50 - [TEST_STEP][PASSED] - click(findTestObject("Object Repository/Podstrona O nas Przyciski/Page_O nas - Aptekarska Szkoa Zarzdzania/a_Wicej")): Object: 'Object Repository/Podstrona O nas Przyciski/Page_O nas - Aptekarska Szkoa Zarzdzania/a_Wicej' is clicked on

2021-01-28 16:01:53 - [MESSAGE][PASSED] - Object: 'Object Repository/Podstrona O nas Przyciski/Page_O nas - Aptekarska Szkoa Zarzdzania/a_Wicej' is clicked on

2021-01-28 16:01:53 - [TEST_STEP][PASSED] - getUrl(): Current window's url is: 'https://www.aptekarska.pl/o-nas/beata-tyszkiewicz-kmiecik/'

2021-01-28 16:01:53 - [MESSAGE][PASSED] - Current window's url is: 'https://www.aptekarska.pl/o-nas/beata-tyszkiewicz-kmiecik/'

2021-01-28 16:01:53 - [TEST_STEP][PASSED] - verifyEqual(getUrl(), "https://www.aptekarska.pl/o-nas/beata-tyszkiewicz-kmiecik/"): Actual object 'https://www.aptekarska.pl/o-nas/beata-tyszkiewicz-kmiecik/' and expected object 'https://www.aptekarska.pl/o-nas/beata-tyszkiewicz-kmiecik/' are equal

2021-01-28 16:01:53 - [MESSAGE][PASSED] - Current window's url is: 'https://www.aptekarska.pl/o-nas/beata-tyszkiewicz-kmiecik/'

2021-01-28 16:01:53 - [MESSAGE][PASSED] - Actual object 'https://www.aptekarska.pl/o-nas/beata-tyszkiewicz-kmiecik/' and expected object 'https://www.aptekarska.pl/o-nas/beata-tyszkiewicz-kmiecik/' are equal

2021-01-28 16:01:53 - [TEST_STEP][PASSED] - click(findTestObject("Object Repository/Podstrona O nas Przyciski/Page_Beata Tyszkiewicz-Kmiecik - Aptekarska_133aa7/a_Wszystkie artykuy Beaty Tyszkiewicz-Kmiecik")): Object: 'Object Repository/Podstrona O nas Przyciski/Page_Beata Tyszkiewicz-Kmiecik - Aptekarska_133aa7/a_Wszystkie artykuy Beaty Tyszkiewicz-Kmiecik' is clicked on

2021-01-28 16:01:57 - [MESSAGE][PASSED] - Object: 'Object Repository/Podstrona O nas Przyciski/Page_Beata Tyszkiewicz-Kmiecik - Aptekarska_133aa7/a_Wszystkie artykuy Beaty Tyszkiewicz-Kmiecik' is clicked on

2021-01-28 16:01:57 - [TEST_STEP][PASSED] - getUrl(): Current window's url is: 'https://www.aptekarska.pl/category/artykuly/beata-tyszkiewicz-kmiecik/'

2021-01-28 16:01:57 - [MESSAGE][PASSED] - Current window's url is: 'https://www.aptekarska.pl/category/artykuly/beata-tyszkiewicz-kmiecik/'

2021-01-28 16:01:57 - [TEST_STEP][PASSED] - verifyEqual(getUrl(), "https://www.aptekarska.pl/category/artykuly/beata-tyszkiewicz-kmiecik/"): Actual object 'https://www.aptekarska.pl/category/artykuly/beata-tyszkiewicz-kmiecik/' and expected object 'https://www.aptekarska.pl/category/artykuly/beata-tyszkiewicz-kmiecik/' are equal

2021-01-28 16:01:57 - [MESSAGE][PASSED] - Current window's url is: 'https://www.aptekarska.pl/category/artykuly/beata-tyszkiewicz-kmiecik/'

2021-01-28 16:01:57 - [MESSAGE][PASSED] - Actual object 'https://www.aptekarska.pl/category/artykuly/beata-tyszkiewicz-kmiecik/' and expected object 'https://www.aptekarska.pl/category/artykuly/beata-tyszkiewicz-kmiecik/' are equal

2021-01-28 16:01:57 - [TEST_STEP][PASSED] - back(): Navigate back successfully

2021-01-28 16:01:58 - [MESSAGE][PASSED] - Navigate back successfully

2021-01-28 16:01:58 - [TEST_STEP][PASSED] - getUrl(): Current window's url is: 'https://www.aptekarska.pl/o-nas/beata-tyszkiewicz-kmiecik/'

2021-01-28 16:01:58 - [MESSAGE][PASSED] - Current window's url is: 'https://www.aptekarska.pl/o-nas/beata-tyszkiewicz-kmiecik/'

2021-01-28 16:01:58 - [TEST_STEP][PASSED] - verifyEqual(getUrl(), "https://www.aptekarska.pl/o-nas/beata-tyszkiewicz-kmiecik/"): Actual object 'https://www.aptekarska.pl/o-nas/beata-tyszkiewicz-kmiecik/' and expected object 'https://www.aptekarska.pl/o-nas/beata-tyszkiewicz-kmiecik/' are equal

2021-01-28 16:01:58 - [MESSAGE][PASSED] - Current window's url is: 'https://www.aptekarska.pl/o-nas/beata-tyszkiewicz-kmiecik/'

2021-01-28 16:01:58 - [MESSAGE][PASSED] - Actual object 'https://www.aptekarska.pl/o-nas/beata-tyszkiewicz-kmiecik/' and expected object 'https://www.aptekarska.pl/o-nas/beata-tyszkiewicz-kmiecik/' are equal

2021-01-28 16:01:58 - [TEST_STEP][PASSED] - click(findTestObject("Object Repository/Podstrona O nas Przyciski/Page_Beata Tyszkiewicz-Kmiecik - Aptekarska_133aa7/i")): Object: 'Object Repository/Podstrona O nas Przyciski/Page_Beata Tyszkiewicz-Kmiecik - Aptekarska_133aa7/i' is clicked on

2021-01-28 16:02:01 - [MESSAGE][PASSED] - Object: 'Object Repository/Podstrona O nas Przyciski/Page_Beata Tyszkiewicz-Kmiecik - Aptekarska_133aa7/i' is clicked on

2021-01-28 16:02:01 - [TEST_STEP][PASSED] - getUrl(): Current window's url is: 'https://www.aptekarska.pl/2020/12/04/mala-zmiana-ktora-daje-duze-efekty-w-polepszeniu-jakosci-obslugi-pacjenta-w-aptece/'

2021-01-28 16:02:01 - [MESSAGE][PASSED] - Current window's url is: 'https://www.aptekarska.pl/2020/12/04/mala-zmiana-ktora-daje-duze-efekty-w-polepszeniu-jakosci-obslugi-pacjenta-w-aptece/'

2021-01-28 16:02:01 - [TEST_STEP][PASSED] - verifyEqual(getUrl(), "https://www.aptekarska.pl/2020/12/04/mala-zmiana-ktora-daje-duze-efekty-w-polepszeniu-jakosci-obslugi-pacjenta-w-aptece/"): Actual object 'https://www.aptekarska.pl/2020/12/04/mala-zmiana-ktora-daje-duze-efekty-w-polepszeniu-jakosci-obslugi-pacjenta-w-aptece/' and expected object 'https://www.aptekarska.pl/2020/12/04/mala-zmiana-ktora-daje-duze-efekty-w-polepszeniu-jakosci-obslugi-pacjenta-w-aptece/' are equal

2021-01-28 16:02:01 - [MESSAGE][PASSED] - Current window's url is: 'https://www.aptekarska.pl/2020/12/04/mala-zmiana-ktora-daje-duze-efekty-w-polepszeniu-jakosci-obslugi-pacjenta-w-aptece/'

2021-01-28 16:02:01 - [MESSAGE][PASSED] - Actual object 'https://www.aptekarska.pl/2020/12/04/mala-zmiana-ktora-daje-duze-efekty-w-polepszeniu-jakosci-obslugi-pacjenta-w-aptece/' and expected object 'https://www.aptekarska.pl/2020/12/04/mala-zmiana-ktora-daje-duze-efekty-w-polepszeniu-jakosci-obslugi-pacjenta-w-aptece/' are equal

2021-01-28 16:02:01 - [TEST_STEP][PASSED] - back(): Navigate back successfully

2021-01-28 16:02:02 - [MESSAGE][PASSED] - Navigate back successfully

2021-01-28 16:02:02 - [TEST_STEP][PASSED] - getUrl(): Current window's url is: 'https://www.aptekarska.pl/o-nas/beata-tyszkiewicz-kmiecik/'

2021-01-28 16:02:02 - [MESSAGE][PASSED] - Current window's url is: 'https://www.aptekarska.pl/o-nas/beata-tyszkiewicz-kmiecik/'

2021-01-28 16:02:02 - [TEST_STEP][PASSED] - verifyEqual(getUrl(), "https://www.aptekarska.pl/o-nas/beata-tyszkiewicz-kmiecik/"): Actual object 'https://www.aptekarska.pl/o-nas/beata-tyszkiewicz-kmiecik/' and expected object 'https://www.aptekarska.pl/o-nas/beata-tyszkiewicz-kmiecik/' are equal

2021-01-28 16:02:02 - [MESSAGE][PASSED] - Current window's url is: 'https://www.aptekarska.pl/o-nas/beata-tyszkiewicz-kmiecik/'

2021-01-28 16:02:02 - [MESSAGE][PASSED] - Actual object 'https://www.aptekarska.pl/o-nas/beata-tyszkiewicz-kmiecik/' and expected object 'https://www.aptekarska.pl/o-nas/beata-tyszkiewicz-kmiecik/' are equal

2021-01-28 16:02:02 - [TEST_STEP][PASSED] - click(findTestObject("Object Repository/Podstrona O nas Przyciski/Page_Beata Tyszkiewicz-Kmiecik - Aptekarska_133aa7/span_O nas")): Object: 'Object Repository/Podstrona O nas Przyciski/Page_Beata Tyszkiewicz-Kmiecik - Aptekarska_133aa7/span_O nas' is clicked on

2021-01-28 16:02:05 - [MESSAGE][PASSED] - Object: 'Object Repository/Podstrona O nas Przyciski/Page_Beata Tyszkiewicz-Kmiecik - Aptekarska_133aa7/span_O nas' is clicked on

2021-01-28 16:02:05 - [TEST_STEP][PASSED] - getUrl(): Current window's url is: 'https://www.aptekarska.pl/o-nas/'

2021-01-28 16:02:05 - [MESSAGE][PASSED] - Current window's url is: 'https://www.aptekarska.pl/o-nas/'

2021-01-28 16:02:05 - [TEST_STEP][PASSED] - verifyEqual(getUrl(), "https://www.aptekarska.pl/o-nas/"): Actual object 'https://www.aptekarska.pl/o-nas/' and expected object 'https://www.aptekarska.pl/o-nas/' are equal

2021-01-28 16:02:05 - [MESSAGE][PASSED] - Current window's url is: 'https://www.aptekarska.pl/o-nas/'

2021-01-28 16:02:05 - [MESSAGE][PASSED] - Actual object 'https://www.aptekarska.pl/o-nas/' and expected object 'https://www.aptekarska.pl/o-nas/' are equal

2021-01-28 16:02:05 - [TEST_STEP][PASSED] - click(findTestObject("Object Repository/Podstrona O nas Przyciski/Page_Marta Baaziska - Aptekarska Szkoa Zarzdzania/span_Strona gwna")): Object: 'Object Repository/Podstrona O nas Przyciski/Page_Marta Baaziska - Aptekarska Szkoa Zarzdzania/span_Strona gwna' is clicked on

2021-01-28 16:02:10 - [MESSAGE][PASSED] - Object: 'Object Repository/Podstrona O nas Przyciski/Page_Marta Baaziska - Aptekarska Szkoa Zarzdzania/span_Strona gwna' is clicked on

2021-01-28 16:02:10 - [TEST_STEP][PASSED] - getUrl(): Current window's url is: 'https://www.aptekarska.pl/'

2021-01-28 16:02:10 - [MESSAGE][PASSED] - Current window's url is: 'https://www.aptekarska.pl/'

2021-01-28 16:02:10 - [TEST_STEP][PASSED] - verifyEqual(getUrl(), "https://www.aptekarska.pl/"): Actual object 'https://www.aptekarska.pl/' and expected object 'https://www.aptekarska.pl/' are equal

2021-01-28 16:02:10 - [MESSAGE][PASSED] - Current window's url is: 'https://www.aptekarska.pl/'

2021-01-28 16:02:10 - [MESSAGE][PASSED] - Actual object 'https://www.aptekarska.pl/' and expected object 'https://www.aptekarska.pl/' are equal

2021-01-28 16:02:10 - [TEST_STEP][PASSED] - closeBrowser(): Browser is closed

2021-01-28 16:02:11 - [MESSAGE][PASSED] - Browser is closed]]></system-out>
         <system-err><![CDATA[]]></system-err>
      </testcase>
      <testcase name="Test Cases/O nas/Test przycisków - Podstrona O nas - Dominika" time="46.22" classname="Test Cases/O nas/Test przycisków - Podstrona O nas - Dominika" status="FAILED">
         <failure type="FAILED" message="Test Cases/O nas/Test przycisków - Podstrona O nas - Dominika FAILED.
Reason:
com.kms.katalon.core.exception.StepFailedException: Actual object 'https://www.aptekarska.pl/o-nas/' and expected object 'https://www.aptekarska.pl/' are not equal
	at com.kms.katalon.core.keyword.builtin.VerifyEqualKeyword$_verifyEqual_closure1.doCall(VerifyEqualKeyword.groovy:58)
	at com.kms.katalon.core.keyword.builtin.VerifyEqualKeyword$_verifyEqual_closure1.call(VerifyEqualKeyword.groovy)
	at com.kms.katalon.core.keyword.internal.KeywordMain.runKeyword(KeywordMain.groovy:68)
	at com.kms.katalon.core.keyword.builtin.VerifyEqualKeyword.verifyEqual(VerifyEqualKeyword.groovy:63)
	at com.kms.katalon.core.keyword.builtin.VerifyEqualKeyword.execute(VerifyEqualKeyword.groovy:44)
	at com.kms.katalon.core.keyword.internal.KeywordExecutor.executeKeywordForPlatform(KeywordExecutor.groovy:73)
	at com.kms.katalon.core.keyword.BuiltinKeywords.verifyEqual(BuiltinKeywords.groovy:141)
	at Test przycisków - Podstrona O nas - Dominika.run(Test przycisków - Podstrona O nas - Dominika:110)
	at com.kms.katalon.core.main.ScriptEngine.run(ScriptEngine.java:194)
	at com.kms.katalon.core.main.ScriptEngine.runScriptAsRawText(ScriptEngine.java:119)
	at com.kms.katalon.core.main.TestCaseExecutor.runScript(TestCaseExecutor.java:398)
	at com.kms.katalon.core.main.TestCaseExecutor.doExecute(TestCaseExecutor.java:389)
	at com.kms.katalon.core.main.TestCaseExecutor.processExecutionPhase(TestCaseExecutor.java:368)
	at com.kms.katalon.core.main.TestCaseExecutor.accessMainPhase(TestCaseExecutor.java:360)
	at com.kms.katalon.core.main.TestCaseExecutor.execute(TestCaseExecutor.java:255)
	at com.kms.katalon.core.main.TestSuiteExecutor.accessTestCaseMainPhase(TestSuiteExecutor.java:203)
	at com.kms.katalon.core.main.TestSuiteExecutor.accessTestSuiteMainPhase(TestSuiteExecutor.java:152)
	at com.kms.katalon.core.main.TestSuiteExecutor.execute(TestSuiteExecutor.java:95)
	at com.kms.katalon.core.main.TestCaseMain.startTestSuite(TestCaseMain.java:157)
	at com.kms.katalon.core.main.TestCaseMain$startTestSuite$0.call(Unknown Source)
	at TempTestSuite1611845754372.run(TempTestSuite1611845754372.groovy:39)
"/>
         <system-out><![CDATA[2021-01-28 16:02:11 - [TEST_CASE][FAILED] - Test Cases/O nas/Test przycisków - Podstrona O nas - Dominika: Test Cases/O nas/Test przycisków - Podstrona O nas - Dominika FAILED.
Reason:
com.kms.katalon.core.exception.StepFailedException: Actual object 'https://www.aptekarska.pl/o-nas/' and expected object 'https://www.aptekarska.pl/' are not equal
	at com.kms.katalon.core.keyword.builtin.VerifyEqualKeyword$_verifyEqual_closure1.doCall(VerifyEqualKeyword.groovy:58)
	at com.kms.katalon.core.keyword.builtin.VerifyEqualKeyword$_verifyEqual_closure1.call(VerifyEqualKeyword.groovy)
	at com.kms.katalon.core.keyword.internal.KeywordMain.runKeyword(KeywordMain.groovy:68)
	at com.kms.katalon.core.keyword.builtin.VerifyEqualKeyword.verifyEqual(VerifyEqualKeyword.groovy:63)
	at com.kms.katalon.core.keyword.builtin.VerifyEqualKeyword.execute(VerifyEqualKeyword.groovy:44)
	at com.kms.katalon.core.keyword.internal.KeywordExecutor.executeKeywordForPlatform(KeywordExecutor.groovy:73)
	at com.kms.katalon.core.keyword.BuiltinKeywords.verifyEqual(BuiltinKeywords.groovy:141)
	at Test przycisków - Podstrona O nas - Dominika.run(Test przycisków - Podstrona O nas - Dominika:110)
	at com.kms.katalon.core.main.ScriptEngine.run(ScriptEngine.java:194)
	at com.kms.katalon.core.main.ScriptEngine.runScriptAsRawText(ScriptEngine.java:119)
	at com.kms.katalon.core.main.TestCaseExecutor.runScript(TestCaseExecutor.java:398)
	at com.kms.katalon.core.main.TestCaseExecutor.doExecute(TestCaseExecutor.java:389)
	at com.kms.katalon.core.main.TestCaseExecutor.processExecutionPhase(TestCaseExecutor.java:368)
	at com.kms.katalon.core.main.TestCaseExecutor.accessMainPhase(TestCaseExecutor.java:360)
	at com.kms.katalon.core.main.TestCaseExecutor.execute(TestCaseExecutor.java:255)
	at com.kms.katalon.core.main.TestSuiteExecutor.accessTestCaseMainPhase(TestSuiteExecutor.java:203)
	at com.kms.katalon.core.main.TestSuiteExecutor.accessTestSuiteMainPhase(TestSuiteExecutor.java:152)
	at com.kms.katalon.core.main.TestSuiteExecutor.execute(TestSuiteExecutor.java:95)
	at com.kms.katalon.core.main.TestCaseMain.startTestSuite(TestCaseMain.java:157)
	at com.kms.katalon.core.main.TestCaseMain$startTestSuite$0.call(Unknown Source)
	at TempTestSuite1611845754372.run(TempTestSuite1611845754372.groovy:39)


2021-01-28 16:02:11 - [TEST_STEP][PASSED] - openBrowser(""): Browser is opened with url: ''

2021-01-28 16:02:11 - [MESSAGE][INFO] - Starting 'Firefox' driver

2021-01-28 16:02:11 - [MESSAGE][INFO] - Action delay is set to 0 milliseconds

2021-01-28 16:02:17 - [MESSAGE][PASSED] - Browser is opened with url: ''

2021-01-28 16:02:17 - [TEST_STEP][PASSED] - maximizeWindow(): Current window maximized

2021-01-28 16:02:17 - [MESSAGE][PASSED] - Current window maximized

2021-01-28 16:02:17 - [TEST_STEP][PASSED] - navigateToUrl("https://www.aptekarska.pl/o-nas/"): Navigate to 'https://www.aptekarska.pl/o-nas/' successfully

2021-01-28 16:02:21 - [MESSAGE][PASSED] - Navigate to 'https://www.aptekarska.pl/o-nas/' successfully

2021-01-28 16:02:21 - [TEST_STEP][PASSED] - click(findTestObject("Object Repository/Podstrona O nas Przyciski/Page_O nas - Aptekarska Szkoa Zarzdzania/button_Nie zgadzam si")): Object: 'Object Repository/Podstrona O nas Przyciski/Page_O nas - Aptekarska Szkoa Zarzdzania/button_Nie zgadzam si' is clicked on

2021-01-28 16:02:23 - [MESSAGE][PASSED] - Object: 'Object Repository/Podstrona O nas Przyciski/Page_O nas - Aptekarska Szkoa Zarzdzania/button_Nie zgadzam si' is clicked on

2021-01-28 16:02:23 - [TEST_STEP][PASSED] - click(findTestObject("Object Repository/Podstrona O nas Przyciski/Page_O nas - Aptekarska Szkoa Zarzdzania/i_1")): Object: 'Object Repository/Podstrona O nas Przyciski/Page_O nas - Aptekarska Szkoa Zarzdzania/i_1' is clicked on

2021-01-28 16:02:26 - [MESSAGE][PASSED] - Object: 'Object Repository/Podstrona O nas Przyciski/Page_O nas - Aptekarska Szkoa Zarzdzania/i_1' is clicked on

2021-01-28 16:02:26 - [TEST_STEP][PASSED] - waitForPageLoad(3): Wait for page load successfully

2021-01-28 16:02:27 - [MESSAGE][PASSED] - Wait for page load successfully

2021-01-28 16:02:27 - [TEST_STEP][PASSED] - getUrl(): Current window's url is: 'https://www.aptekarska.pl/o-nas/dominika-nawrocka-romanik/'

2021-01-28 16:02:27 - [MESSAGE][PASSED] - Current window's url is: 'https://www.aptekarska.pl/o-nas/dominika-nawrocka-romanik/'

2021-01-28 16:02:27 - [TEST_STEP][PASSED] - verifyEqual(getUrl(), "https://www.aptekarska.pl/o-nas/dominika-nawrocka-romanik/"): Actual object 'https://www.aptekarska.pl/o-nas/dominika-nawrocka-romanik/' and expected object 'https://www.aptekarska.pl/o-nas/dominika-nawrocka-romanik/' are equal

2021-01-28 16:02:27 - [MESSAGE][PASSED] - Current window's url is: 'https://www.aptekarska.pl/o-nas/dominika-nawrocka-romanik/'

2021-01-28 16:02:27 - [MESSAGE][PASSED] - Actual object 'https://www.aptekarska.pl/o-nas/dominika-nawrocka-romanik/' and expected object 'https://www.aptekarska.pl/o-nas/dominika-nawrocka-romanik/' are equal

2021-01-28 16:02:27 - [TEST_STEP][PASSED] - click(findTestObject("Object Repository/Podstrona O nas Przyciski/Page_Dominika Nawrocka-Romanik - Aptekarska_aaad20/span_O nas")): Object: 'Object Repository/Podstrona O nas Przyciski/Page_Dominika Nawrocka-Romanik - Aptekarska_aaad20/span_O nas' is clicked on

2021-01-28 16:02:31 - [MESSAGE][PASSED] - Object: 'Object Repository/Podstrona O nas Przyciski/Page_Dominika Nawrocka-Romanik - Aptekarska_aaad20/span_O nas' is clicked on

2021-01-28 16:02:31 - [TEST_STEP][PASSED] - waitForPageLoad(3): Wait for page load successfully

2021-01-28 16:02:31 - [MESSAGE][PASSED] - Wait for page load successfully

2021-01-28 16:02:31 - [TEST_STEP][PASSED] - getUrl(): Current window's url is: 'https://www.aptekarska.pl/o-nas/'

2021-01-28 16:02:31 - [MESSAGE][PASSED] - Current window's url is: 'https://www.aptekarska.pl/o-nas/'

2021-01-28 16:02:31 - [TEST_STEP][PASSED] - verifyEqual(getUrl(), "https://www.aptekarska.pl/o-nas/"): Actual object 'https://www.aptekarska.pl/o-nas/' and expected object 'https://www.aptekarska.pl/o-nas/' are equal

2021-01-28 16:02:32 - [MESSAGE][PASSED] - Current window's url is: 'https://www.aptekarska.pl/o-nas/'

2021-01-28 16:02:32 - [MESSAGE][PASSED] - Actual object 'https://www.aptekarska.pl/o-nas/' and expected object 'https://www.aptekarska.pl/o-nas/' are equal

2021-01-28 16:02:32 - [TEST_STEP][PASSED] - click(findTestObject("Object Repository/Podstrona O nas Przyciski/Page_O nas - Aptekarska Szkoa Zarzdzania/a_Wicej_1")): Object: 'Object Repository/Podstrona O nas Przyciski/Page_O nas - Aptekarska Szkoa Zarzdzania/a_Wicej_1' is clicked on

2021-01-28 16:02:36 - [MESSAGE][PASSED] - Object: 'Object Repository/Podstrona O nas Przyciski/Page_O nas - Aptekarska Szkoa Zarzdzania/a_Wicej_1' is clicked on

2021-01-28 16:02:36 - [TEST_STEP][PASSED] - waitForPageLoad(3): Wait for page load successfully

2021-01-28 16:02:36 - [MESSAGE][PASSED] - Wait for page load successfully

2021-01-28 16:02:36 - [TEST_STEP][PASSED] - getUrl(): Current window's url is: 'https://www.aptekarska.pl/o-nas/dominika-nawrocka-romanik/'

2021-01-28 16:02:36 - [MESSAGE][PASSED] - Current window's url is: 'https://www.aptekarska.pl/o-nas/dominika-nawrocka-romanik/'

2021-01-28 16:02:36 - [TEST_STEP][PASSED] - verifyEqual(getUrl(), "https://www.aptekarska.pl/o-nas/dominika-nawrocka-romanik/"): Actual object 'https://www.aptekarska.pl/o-nas/dominika-nawrocka-romanik/' and expected object 'https://www.aptekarska.pl/o-nas/dominika-nawrocka-romanik/' are equal

2021-01-28 16:02:36 - [MESSAGE][PASSED] - Current window's url is: 'https://www.aptekarska.pl/o-nas/dominika-nawrocka-romanik/'

2021-01-28 16:02:36 - [MESSAGE][PASSED] - Actual object 'https://www.aptekarska.pl/o-nas/dominika-nawrocka-romanik/' and expected object 'https://www.aptekarska.pl/o-nas/dominika-nawrocka-romanik/' are equal

2021-01-28 16:02:36 - [TEST_STEP][PASSED] - click(findTestObject("Object Repository/Podstrona O nas Przyciski/Page_Dominika Nawrocka-Romanik - Aptekarska_aaad20/a_Wszystkie artykuy Dominiki Nawrockiej-Romanik")): Object: 'Object Repository/Podstrona O nas Przyciski/Page_Dominika Nawrocka-Romanik - Aptekarska_aaad20/a_Wszystkie artykuy Dominiki Nawrockiej-Romanik' is clicked on

2021-01-28 16:02:40 - [MESSAGE][PASSED] - Object: 'Object Repository/Podstrona O nas Przyciski/Page_Dominika Nawrocka-Romanik - Aptekarska_aaad20/a_Wszystkie artykuy Dominiki Nawrockiej-Romanik' is clicked on

2021-01-28 16:02:40 - [TEST_STEP][PASSED] - waitForPageLoad(3): Wait for page load successfully

2021-01-28 16:02:40 - [MESSAGE][PASSED] - Wait for page load successfully

2021-01-28 16:02:40 - [TEST_STEP][PASSED] - getUrl(): Current window's url is: 'https://www.aptekarska.pl/category/artykuly/dominika-nawrocka-romanik/'

2021-01-28 16:02:40 - [MESSAGE][PASSED] - Current window's url is: 'https://www.aptekarska.pl/category/artykuly/dominika-nawrocka-romanik/'

2021-01-28 16:02:40 - [TEST_STEP][PASSED] - verifyEqual(getUrl(), "https://www.aptekarska.pl/category/artykuly/dominika-nawrocka-romanik/"): Actual object 'https://www.aptekarska.pl/category/artykuly/dominika-nawrocka-romanik/' and expected object 'https://www.aptekarska.pl/category/artykuly/dominika-nawrocka-romanik/' are equal

2021-01-28 16:02:40 - [MESSAGE][PASSED] - Current window's url is: 'https://www.aptekarska.pl/category/artykuly/dominika-nawrocka-romanik/'

2021-01-28 16:02:40 - [MESSAGE][PASSED] - Actual object 'https://www.aptekarska.pl/category/artykuly/dominika-nawrocka-romanik/' and expected object 'https://www.aptekarska.pl/category/artykuly/dominika-nawrocka-romanik/' are equal

2021-01-28 16:02:40 - [TEST_STEP][PASSED] - back(): Navigate back successfully

2021-01-28 16:02:40 - [MESSAGE][PASSED] - Navigate back successfully

2021-01-28 16:02:40 - [TEST_STEP][PASSED] - waitForPageLoad(3): Wait for page load successfully

2021-01-28 16:02:40 - [MESSAGE][PASSED] - Wait for page load successfully

2021-01-28 16:02:40 - [TEST_STEP][PASSED] - getUrl(): Current window's url is: 'https://www.aptekarska.pl/o-nas/dominika-nawrocka-romanik/'

2021-01-28 16:02:40 - [MESSAGE][PASSED] - Current window's url is: 'https://www.aptekarska.pl/o-nas/dominika-nawrocka-romanik/'

2021-01-28 16:02:40 - [TEST_STEP][PASSED] - verifyEqual(getUrl(), "https://www.aptekarska.pl/o-nas/dominika-nawrocka-romanik/"): Actual object 'https://www.aptekarska.pl/o-nas/dominika-nawrocka-romanik/' and expected object 'https://www.aptekarska.pl/o-nas/dominika-nawrocka-romanik/' are equal

2021-01-28 16:02:41 - [MESSAGE][PASSED] - Current window's url is: 'https://www.aptekarska.pl/o-nas/dominika-nawrocka-romanik/'

2021-01-28 16:02:41 - [MESSAGE][PASSED] - Actual object 'https://www.aptekarska.pl/o-nas/dominika-nawrocka-romanik/' and expected object 'https://www.aptekarska.pl/o-nas/dominika-nawrocka-romanik/' are equal

2021-01-28 16:02:41 - [TEST_STEP][PASSED] - click(findTestObject("Object Repository/Podstrona O nas Przyciski/Page_Dominika Nawrocka-Romanik - Aptekarska_aaad20/i")): Object: 'Object Repository/Podstrona O nas Przyciski/Page_Dominika Nawrocka-Romanik - Aptekarska_aaad20/i' is clicked on

2021-01-28 16:02:45 - [MESSAGE][PASSED] - Object: 'Object Repository/Podstrona O nas Przyciski/Page_Dominika Nawrocka-Romanik - Aptekarska_aaad20/i' is clicked on

2021-01-28 16:02:45 - [TEST_STEP][PASSED] - waitForPageLoad(3): Wait for page load successfully

2021-01-28 16:02:45 - [MESSAGE][PASSED] - Wait for page load successfully

2021-01-28 16:02:45 - [TEST_STEP][PASSED] - getUrl(): Current window's url is: 'https://www.aptekarska.pl/2021/01/24/jak-odzyskac-kontrole-nad-swoim-czasem-w-6-krokach/'

2021-01-28 16:02:45 - [MESSAGE][PASSED] - Current window's url is: 'https://www.aptekarska.pl/2021/01/24/jak-odzyskac-kontrole-nad-swoim-czasem-w-6-krokach/'

2021-01-28 16:02:45 - [TEST_STEP][PASSED] - verifyEqual(getUrl(), "https://www.aptekarska.pl/2021/01/24/jak-odzyskac-kontrole-nad-swoim-czasem-w-6-krokach/"): Actual object 'https://www.aptekarska.pl/2021/01/24/jak-odzyskac-kontrole-nad-swoim-czasem-w-6-krokach/' and expected object 'https://www.aptekarska.pl/2021/01/24/jak-odzyskac-kontrole-nad-swoim-czasem-w-6-krokach/' are equal

2021-01-28 16:02:45 - [MESSAGE][PASSED] - Current window's url is: 'https://www.aptekarska.pl/2021/01/24/jak-odzyskac-kontrole-nad-swoim-czasem-w-6-krokach/'

2021-01-28 16:02:45 - [MESSAGE][PASSED] - Actual object 'https://www.aptekarska.pl/2021/01/24/jak-odzyskac-kontrole-nad-swoim-czasem-w-6-krokach/' and expected object 'https://www.aptekarska.pl/2021/01/24/jak-odzyskac-kontrole-nad-swoim-czasem-w-6-krokach/' are equal

2021-01-28 16:02:45 - [TEST_STEP][PASSED] - back(): Navigate back successfully

2021-01-28 16:02:45 - [MESSAGE][PASSED] - Navigate back successfully

2021-01-28 16:02:45 - [TEST_STEP][PASSED] - waitForPageLoad(3): Wait for page load successfully

2021-01-28 16:02:45 - [MESSAGE][PASSED] - Wait for page load successfully

2021-01-28 16:02:45 - [TEST_STEP][PASSED] - getUrl(): Current window's url is: 'https://www.aptekarska.pl/o-nas/dominika-nawrocka-romanik/'

2021-01-28 16:02:45 - [MESSAGE][PASSED] - Current window's url is: 'https://www.aptekarska.pl/o-nas/dominika-nawrocka-romanik/'

2021-01-28 16:02:45 - [TEST_STEP][PASSED] - verifyEqual(getUrl(), "https://www.aptekarska.pl/o-nas/dominika-nawrocka-romanik/"): Actual object 'https://www.aptekarska.pl/o-nas/dominika-nawrocka-romanik/' and expected object 'https://www.aptekarska.pl/o-nas/dominika-nawrocka-romanik/' are equal

2021-01-28 16:02:45 - [MESSAGE][PASSED] - Current window's url is: 'https://www.aptekarska.pl/o-nas/dominika-nawrocka-romanik/'

2021-01-28 16:02:45 - [MESSAGE][PASSED] - Actual object 'https://www.aptekarska.pl/o-nas/dominika-nawrocka-romanik/' and expected object 'https://www.aptekarska.pl/o-nas/dominika-nawrocka-romanik/' are equal

2021-01-28 16:02:45 - [TEST_STEP][PASSED] - click(findTestObject("Object Repository/Podstrona O nas Przyciski/Page_Dominika Nawrocka-Romanik - Aptekarska_aaad20/span_O nas")): Object: 'Object Repository/Podstrona O nas Przyciski/Page_Dominika Nawrocka-Romanik - Aptekarska_aaad20/span_O nas' is clicked on

2021-01-28 16:02:51 - [MESSAGE][PASSED] - Object: 'Object Repository/Podstrona O nas Przyciski/Page_Dominika Nawrocka-Romanik - Aptekarska_aaad20/span_O nas' is clicked on

2021-01-28 16:02:51 - [TEST_STEP][PASSED] - waitForPageLoad(3): Wait for page load successfully

2021-01-28 16:02:51 - [MESSAGE][PASSED] - Wait for page load successfully

2021-01-28 16:02:51 - [TEST_STEP][PASSED] - getUrl(): Current window's url is: 'https://www.aptekarska.pl/o-nas/'

2021-01-28 16:02:51 - [MESSAGE][PASSED] - Current window's url is: 'https://www.aptekarska.pl/o-nas/'

2021-01-28 16:02:51 - [TEST_STEP][PASSED] - verifyEqual(getUrl(), "https://www.aptekarska.pl/o-nas/"): Actual object 'https://www.aptekarska.pl/o-nas/' and expected object 'https://www.aptekarska.pl/o-nas/' are equal

2021-01-28 16:02:51 - [MESSAGE][PASSED] - Current window's url is: 'https://www.aptekarska.pl/o-nas/'

2021-01-28 16:02:51 - [MESSAGE][PASSED] - Actual object 'https://www.aptekarska.pl/o-nas/' and expected object 'https://www.aptekarska.pl/o-nas/' are equal

2021-01-28 16:02:51 - [TEST_STEP][PASSED] - click(findTestObject("Object Repository/Podstrona O nas Przyciski/Page_Marta Baaziska - Aptekarska Szkoa Zarzdzania/span_Strona gwna")): Object: 'Object Repository/Podstrona O nas Przyciski/Page_Marta Baaziska - Aptekarska Szkoa Zarzdzania/span_Strona gwna' is clicked on

2021-01-28 16:02:57 - [MESSAGE][PASSED] - Object: 'Object Repository/Podstrona O nas Przyciski/Page_Marta Baaziska - Aptekarska Szkoa Zarzdzania/span_Strona gwna' is clicked on

2021-01-28 16:02:57 - [TEST_STEP][PASSED] - waitForPageLoad(3): Wait for page load successfully

2021-01-28 16:02:57 - [MESSAGE][PASSED] - Wait for page load successfully

2021-01-28 16:02:57 - [TEST_STEP][PASSED] - getUrl(): Current window's url is: 'https://www.aptekarska.pl/o-nas/'

2021-01-28 16:02:57 - [MESSAGE][PASSED] - Current window's url is: 'https://www.aptekarska.pl/o-nas/'

2021-01-28 16:02:57 - [TEST_STEP][FAILED] - verifyEqual(getUrl(), "https://www.aptekarska.pl/"): Unable to verify equal between actual object 'https://www.aptekarska.pl/o-nas/' and expected object 'https://www.aptekarska.pl/' (Root cause: com.kms.katalon.core.exception.StepFailedException: Actual object 'https://www.aptekarska.pl/o-nas/' and expected object 'https://www.aptekarska.pl/' are not equal
	at com.kms.katalon.core.keyword.builtin.VerifyEqualKeyword$_verifyEqual_closure1.doCall(VerifyEqualKeyword.groovy:58)
	at com.kms.katalon.core.keyword.builtin.VerifyEqualKeyword$_verifyEqual_closure1.call(VerifyEqualKeyword.groovy)
	at com.kms.katalon.core.keyword.internal.KeywordMain.runKeyword(KeywordMain.groovy:68)
	at com.kms.katalon.core.keyword.builtin.VerifyEqualKeyword.verifyEqual(VerifyEqualKeyword.groovy:63)
	at com.kms.katalon.core.keyword.builtin.VerifyEqualKeyword.execute(VerifyEqualKeyword.groovy:44)
	at com.kms.katalon.core.keyword.internal.KeywordExecutor.executeKeywordForPlatform(KeywordExecutor.groovy:73)
	at com.kms.katalon.core.keyword.BuiltinKeywords.verifyEqual(BuiltinKeywords.groovy:141)
	at Test przycisków - Podstrona O nas - Dominika.run(Test przycisków - Podstrona O nas - Dominika:110)
	at com.kms.katalon.core.main.ScriptEngine.run(ScriptEngine.java:194)
	at com.kms.katalon.core.main.ScriptEngine.runScriptAsRawText(ScriptEngine.java:119)
	at com.kms.katalon.core.main.TestCaseExecutor.runScript(TestCaseExecutor.java:398)
	at com.kms.katalon.core.main.TestCaseExecutor.doExecute(TestCaseExecutor.java:389)
	at com.kms.katalon.core.main.TestCaseExecutor.processExecutionPhase(TestCaseExecutor.java:368)
	at com.kms.katalon.core.main.TestCaseExecutor.accessMainPhase(TestCaseExecutor.java:360)
	at com.kms.katalon.core.main.TestCaseExecutor.execute(TestCaseExecutor.java:255)
	at com.kms.katalon.core.main.TestSuiteExecutor.accessTestCaseMainPhase(TestSuiteExecutor.java:203)
	at com.kms.katalon.core.main.TestSuiteExecutor.accessTestSuiteMainPhase(TestSuiteExecutor.java:152)
	at com.kms.katalon.core.main.TestSuiteExecutor.execute(TestSuiteExecutor.java:95)
	at com.kms.katalon.core.main.TestCaseMain.startTestSuite(TestCaseMain.java:157)
	at com.kms.katalon.core.main.TestCaseMain$startTestSuite$0.call(Unknown Source)
	at TempTestSuite1611845754372.run(TempTestSuite1611845754372.groovy:39)
)

2021-01-28 16:02:57 - [MESSAGE][PASSED] - Current window's url is: 'https://www.aptekarska.pl/o-nas/'

2021-01-28 16:02:57 - [MESSAGE][FAILED] - Unable to verify equal between actual object 'https://www.aptekarska.pl/o-nas/' and expected object 'https://www.aptekarska.pl/' (Root cause: com.kms.katalon.core.exception.StepFailedException: Actual object 'https://www.aptekarska.pl/o-nas/' and expected object 'https://www.aptekarska.pl/' are not equal
	at com.kms.katalon.core.keyword.builtin.VerifyEqualKeyword$_verifyEqual_closure1.doCall(VerifyEqualKeyword.groovy:58)
	at com.kms.katalon.core.keyword.builtin.VerifyEqualKeyword$_verifyEqual_closure1.call(VerifyEqualKeyword.groovy)
	at com.kms.katalon.core.keyword.internal.KeywordMain.runKeyword(KeywordMain.groovy:68)
	at com.kms.katalon.core.keyword.builtin.VerifyEqualKeyword.verifyEqual(VerifyEqualKeyword.groovy:63)
	at com.kms.katalon.core.keyword.builtin.VerifyEqualKeyword.execute(VerifyEqualKeyword.groovy:44)
	at com.kms.katalon.core.keyword.internal.KeywordExecutor.executeKeywordForPlatform(KeywordExecutor.groovy:73)
	at com.kms.katalon.core.keyword.BuiltinKeywords.verifyEqual(BuiltinKeywords.groovy:141)
	at Test przycisków - Podstrona O nas - Dominika.run(Test przycisków - Podstrona O nas - Dominika:110)
	at com.kms.katalon.core.main.ScriptEngine.run(ScriptEngine.java:194)
	at com.kms.katalon.core.main.ScriptEngine.runScriptAsRawText(ScriptEngine.java:119)
	at com.kms.katalon.core.main.TestCaseExecutor.runScript(TestCaseExecutor.java:398)
	at com.kms.katalon.core.main.TestCaseExecutor.doExecute(TestCaseExecutor.java:389)
	at com.kms.katalon.core.main.TestCaseExecutor.processExecutionPhase(TestCaseExecutor.java:368)
	at com.kms.katalon.core.main.TestCaseExecutor.accessMainPhase(TestCaseExecutor.java:360)
	at com.kms.katalon.core.main.TestCaseExecutor.execute(TestCaseExecutor.java:255)
	at com.kms.katalon.core.main.TestSuiteExecutor.accessTestCaseMainPhase(TestSuiteExecutor.java:203)
	at com.kms.katalon.core.main.TestSuiteExecutor.accessTestSuiteMainPhase(TestSuiteExecutor.java:152)
	at com.kms.katalon.core.main.TestSuiteExecutor.execute(TestSuiteExecutor.java:95)
	at com.kms.katalon.core.main.TestCaseMain.startTestSuite(TestCaseMain.java:157)
	at com.kms.katalon.core.main.TestCaseMain$startTestSuite$0.call(Unknown Source)
	at TempTestSuite1611845754372.run(TempTestSuite1611845754372.groovy:39)
)]]></system-out>
         <system-err><![CDATA[2021-01-28 16:02:11 - [TEST_CASE][FAILED] - Test Cases/O nas/Test przycisków - Podstrona O nas - Dominika: Test Cases/O nas/Test przycisków - Podstrona O nas - Dominika FAILED.
Reason:
com.kms.katalon.core.exception.StepFailedException: Actual object 'https://www.aptekarska.pl/o-nas/' and expected object 'https://www.aptekarska.pl/' are not equal
	at com.kms.katalon.core.keyword.builtin.VerifyEqualKeyword$_verifyEqual_closure1.doCall(VerifyEqualKeyword.groovy:58)
	at com.kms.katalon.core.keyword.builtin.VerifyEqualKeyword$_verifyEqual_closure1.call(VerifyEqualKeyword.groovy)
	at com.kms.katalon.core.keyword.internal.KeywordMain.runKeyword(KeywordMain.groovy:68)
	at com.kms.katalon.core.keyword.builtin.VerifyEqualKeyword.verifyEqual(VerifyEqualKeyword.groovy:63)
	at com.kms.katalon.core.keyword.builtin.VerifyEqualKeyword.execute(VerifyEqualKeyword.groovy:44)
	at com.kms.katalon.core.keyword.internal.KeywordExecutor.executeKeywordForPlatform(KeywordExecutor.groovy:73)
	at com.kms.katalon.core.keyword.BuiltinKeywords.verifyEqual(BuiltinKeywords.groovy:141)
	at Test przycisków - Podstrona O nas - Dominika.run(Test przycisków - Podstrona O nas - Dominika:110)
	at com.kms.katalon.core.main.ScriptEngine.run(ScriptEngine.java:194)
	at com.kms.katalon.core.main.ScriptEngine.runScriptAsRawText(ScriptEngine.java:119)
	at com.kms.katalon.core.main.TestCaseExecutor.runScript(TestCaseExecutor.java:398)
	at com.kms.katalon.core.main.TestCaseExecutor.doExecute(TestCaseExecutor.java:389)
	at com.kms.katalon.core.main.TestCaseExecutor.processExecutionPhase(TestCaseExecutor.java:368)
	at com.kms.katalon.core.main.TestCaseExecutor.accessMainPhase(TestCaseExecutor.java:360)
	at com.kms.katalon.core.main.TestCaseExecutor.execute(TestCaseExecutor.java:255)
	at com.kms.katalon.core.main.TestSuiteExecutor.accessTestCaseMainPhase(TestSuiteExecutor.java:203)
	at com.kms.katalon.core.main.TestSuiteExecutor.accessTestSuiteMainPhase(TestSuiteExecutor.java:152)
	at com.kms.katalon.core.main.TestSuiteExecutor.execute(TestSuiteExecutor.java:95)
	at com.kms.katalon.core.main.TestCaseMain.startTestSuite(TestCaseMain.java:157)
	at com.kms.katalon.core.main.TestCaseMain$startTestSuite$0.call(Unknown Source)
	at TempTestSuite1611845754372.run(TempTestSuite1611845754372.groovy:39)]]></system-err>
      </testcase>
      <testcase name="Test Cases/O nas/Test przycisków - Podstrona O nas - Katarzyna" time="28.853" classname="Test Cases/O nas/Test przycisków - Podstrona O nas - Katarzyna" status="FAILED">
         <failure type="FAILED" message="Test Cases/O nas/Test przycisków - Podstrona O nas - Katarzyna FAILED.
Reason:
com.kms.katalon.core.exception.StepFailedException: Actual object 'https://www.aptekarska.pl/o-nas/' and expected object 'https://www.aptekarska.pl/o-nas/katarzyna-grebska/' are not equal
	at com.kms.katalon.core.keyword.builtin.VerifyEqualKeyword$_verifyEqual_closure1.doCall(VerifyEqualKeyword.groovy:58)
	at com.kms.katalon.core.keyword.builtin.VerifyEqualKeyword$_verifyEqual_closure1.call(VerifyEqualKeyword.groovy)
	at com.kms.katalon.core.keyword.internal.KeywordMain.runKeyword(KeywordMain.groovy:68)
	at com.kms.katalon.core.keyword.builtin.VerifyEqualKeyword.verifyEqual(VerifyEqualKeyword.groovy:63)
	at com.kms.katalon.core.keyword.builtin.VerifyEqualKeyword.execute(VerifyEqualKeyword.groovy:44)
	at com.kms.katalon.core.keyword.internal.KeywordExecutor.executeKeywordForPlatform(KeywordExecutor.groovy:73)
	at com.kms.katalon.core.keyword.BuiltinKeywords.verifyEqual(BuiltinKeywords.groovy:141)
	at Test przycisków - Podstrona O nas - Katarzyna.run(Test przycisków - Podstrona O nas - Katarzyna:44)
	at com.kms.katalon.core.main.ScriptEngine.run(ScriptEngine.java:194)
	at com.kms.katalon.core.main.ScriptEngine.runScriptAsRawText(ScriptEngine.java:119)
	at com.kms.katalon.core.main.TestCaseExecutor.runScript(TestCaseExecutor.java:398)
	at com.kms.katalon.core.main.TestCaseExecutor.doExecute(TestCaseExecutor.java:389)
	at com.kms.katalon.core.main.TestCaseExecutor.processExecutionPhase(TestCaseExecutor.java:368)
	at com.kms.katalon.core.main.TestCaseExecutor.accessMainPhase(TestCaseExecutor.java:360)
	at com.kms.katalon.core.main.TestCaseExecutor.execute(TestCaseExecutor.java:255)
	at com.kms.katalon.core.main.TestSuiteExecutor.accessTestCaseMainPhase(TestSuiteExecutor.java:203)
	at com.kms.katalon.core.main.TestSuiteExecutor.accessTestSuiteMainPhase(TestSuiteExecutor.java:152)
	at com.kms.katalon.core.main.TestSuiteExecutor.execute(TestSuiteExecutor.java:95)
	at com.kms.katalon.core.main.TestCaseMain.startTestSuite(TestCaseMain.java:157)
	at com.kms.katalon.core.main.TestCaseMain$startTestSuite$0.call(Unknown Source)
	at TempTestSuite1611845754372.run(TempTestSuite1611845754372.groovy:39)
"/>
         <system-out><![CDATA[2021-01-28 16:02:57 - [TEST_CASE][FAILED] - Test Cases/O nas/Test przycisków - Podstrona O nas - Katarzyna: Test Cases/O nas/Test przycisków - Podstrona O nas - Katarzyna FAILED.
Reason:
com.kms.katalon.core.exception.StepFailedException: Actual object 'https://www.aptekarska.pl/o-nas/' and expected object 'https://www.aptekarska.pl/o-nas/katarzyna-grebska/' are not equal
	at com.kms.katalon.core.keyword.builtin.VerifyEqualKeyword$_verifyEqual_closure1.doCall(VerifyEqualKeyword.groovy:58)
	at com.kms.katalon.core.keyword.builtin.VerifyEqualKeyword$_verifyEqual_closure1.call(VerifyEqualKeyword.groovy)
	at com.kms.katalon.core.keyword.internal.KeywordMain.runKeyword(KeywordMain.groovy:68)
	at com.kms.katalon.core.keyword.builtin.VerifyEqualKeyword.verifyEqual(VerifyEqualKeyword.groovy:63)
	at com.kms.katalon.core.keyword.builtin.VerifyEqualKeyword.execute(VerifyEqualKeyword.groovy:44)
	at com.kms.katalon.core.keyword.internal.KeywordExecutor.executeKeywordForPlatform(KeywordExecutor.groovy:73)
	at com.kms.katalon.core.keyword.BuiltinKeywords.verifyEqual(BuiltinKeywords.groovy:141)
	at Test przycisków - Podstrona O nas - Katarzyna.run(Test przycisków - Podstrona O nas - Katarzyna:44)
	at com.kms.katalon.core.main.ScriptEngine.run(ScriptEngine.java:194)
	at com.kms.katalon.core.main.ScriptEngine.runScriptAsRawText(ScriptEngine.java:119)
	at com.kms.katalon.core.main.TestCaseExecutor.runScript(TestCaseExecutor.java:398)
	at com.kms.katalon.core.main.TestCaseExecutor.doExecute(TestCaseExecutor.java:389)
	at com.kms.katalon.core.main.TestCaseExecutor.processExecutionPhase(TestCaseExecutor.java:368)
	at com.kms.katalon.core.main.TestCaseExecutor.accessMainPhase(TestCaseExecutor.java:360)
	at com.kms.katalon.core.main.TestCaseExecutor.execute(TestCaseExecutor.java:255)
	at com.kms.katalon.core.main.TestSuiteExecutor.accessTestCaseMainPhase(TestSuiteExecutor.java:203)
	at com.kms.katalon.core.main.TestSuiteExecutor.accessTestSuiteMainPhase(TestSuiteExecutor.java:152)
	at com.kms.katalon.core.main.TestSuiteExecutor.execute(TestSuiteExecutor.java:95)
	at com.kms.katalon.core.main.TestCaseMain.startTestSuite(TestCaseMain.java:157)
	at com.kms.katalon.core.main.TestCaseMain$startTestSuite$0.call(Unknown Source)
	at TempTestSuite1611845754372.run(TempTestSuite1611845754372.groovy:39)


2021-01-28 16:02:58 - [TEST_STEP][PASSED] - openBrowser(""): Browser is opened with url: ''

2021-01-28 16:02:58 - [MESSAGE][WARNING] - A browser is already opened. Closing browser and opening a new one

2021-01-28 16:02:59 - [MESSAGE][INFO] - Starting 'Firefox' driver

2021-01-28 16:02:59 - [MESSAGE][INFO] - Action delay is set to 0 milliseconds

2021-01-28 16:03:04 - [MESSAGE][PASSED] - Browser is opened with url: ''

2021-01-28 16:03:04 - [TEST_STEP][PASSED] - maximizeWindow(): Current window maximized

2021-01-28 16:03:04 - [MESSAGE][PASSED] - Current window maximized

2021-01-28 16:03:04 - [TEST_STEP][PASSED] - navigateToUrl("https://www.aptekarska.pl/o-nas/"): Navigate to 'https://www.aptekarska.pl/o-nas/' successfully

2021-01-28 16:03:19 - [MESSAGE][PASSED] - Navigate to 'https://www.aptekarska.pl/o-nas/' successfully

2021-01-28 16:03:19 - [TEST_STEP][PASSED] - click(findTestObject("Object Repository/Podstrona O nas Przyciski/Page_O nas - Aptekarska Szkoa Zarzdzania/button_Nie zgadzam si")): Object: 'Object Repository/Podstrona O nas Przyciski/Page_O nas - Aptekarska Szkoa Zarzdzania/button_Nie zgadzam si' is clicked on

2021-01-28 16:03:20 - [MESSAGE][PASSED] - Object: 'Object Repository/Podstrona O nas Przyciski/Page_O nas - Aptekarska Szkoa Zarzdzania/button_Nie zgadzam si' is clicked on

2021-01-28 16:03:20 - [TEST_STEP][PASSED] - click(findTestObject("Object Repository/Podstrona O nas Przyciski/Page_O nas - Aptekarska Szkoa Zarzdzania/i_1_2")): Object: 'Object Repository/Podstrona O nas Przyciski/Page_O nas - Aptekarska Szkoa Zarzdzania/i_1_2' is clicked on

2021-01-28 16:03:26 - [MESSAGE][PASSED] - Object: 'Object Repository/Podstrona O nas Przyciski/Page_O nas - Aptekarska Szkoa Zarzdzania/i_1_2' is clicked on

2021-01-28 16:03:26 - [TEST_STEP][PASSED] - waitForPageLoad(3): Wait for page load successfully

2021-01-28 16:03:26 - [MESSAGE][PASSED] - Wait for page load successfully

2021-01-28 16:03:26 - [TEST_STEP][PASSED] - getUrl(): Current window's url is: 'https://www.aptekarska.pl/o-nas/'

2021-01-28 16:03:26 - [MESSAGE][PASSED] - Current window's url is: 'https://www.aptekarska.pl/o-nas/'

2021-01-28 16:03:26 - [TEST_STEP][FAILED] - verifyEqual(getUrl(), "https://www.aptekarska.pl/o-nas/katarzyna-grebska/"): Unable to verify equal between actual object 'https://www.aptekarska.pl/o-nas/' and expected object 'https://www.aptekarska.pl/o-nas/katarzyna-grebska/' (Root cause: com.kms.katalon.core.exception.StepFailedException: Actual object 'https://www.aptekarska.pl/o-nas/' and expected object 'https://www.aptekarska.pl/o-nas/katarzyna-grebska/' are not equal
	at com.kms.katalon.core.keyword.builtin.VerifyEqualKeyword$_verifyEqual_closure1.doCall(VerifyEqualKeyword.groovy:58)
	at com.kms.katalon.core.keyword.builtin.VerifyEqualKeyword$_verifyEqual_closure1.call(VerifyEqualKeyword.groovy)
	at com.kms.katalon.core.keyword.internal.KeywordMain.runKeyword(KeywordMain.groovy:68)
	at com.kms.katalon.core.keyword.builtin.VerifyEqualKeyword.verifyEqual(VerifyEqualKeyword.groovy:63)
	at com.kms.katalon.core.keyword.builtin.VerifyEqualKeyword.execute(VerifyEqualKeyword.groovy:44)
	at com.kms.katalon.core.keyword.internal.KeywordExecutor.executeKeywordForPlatform(KeywordExecutor.groovy:73)
	at com.kms.katalon.core.keyword.BuiltinKeywords.verifyEqual(BuiltinKeywords.groovy:141)
	at Test przycisków - Podstrona O nas - Katarzyna.run(Test przycisków - Podstrona O nas - Katarzyna:44)
	at com.kms.katalon.core.main.ScriptEngine.run(ScriptEngine.java:194)
	at com.kms.katalon.core.main.ScriptEngine.runScriptAsRawText(ScriptEngine.java:119)
	at com.kms.katalon.core.main.TestCaseExecutor.runScript(TestCaseExecutor.java:398)
	at com.kms.katalon.core.main.TestCaseExecutor.doExecute(TestCaseExecutor.java:389)
	at com.kms.katalon.core.main.TestCaseExecutor.processExecutionPhase(TestCaseExecutor.java:368)
	at com.kms.katalon.core.main.TestCaseExecutor.accessMainPhase(TestCaseExecutor.java:360)
	at com.kms.katalon.core.main.TestCaseExecutor.execute(TestCaseExecutor.java:255)
	at com.kms.katalon.core.main.TestSuiteExecutor.accessTestCaseMainPhase(TestSuiteExecutor.java:203)
	at com.kms.katalon.core.main.TestSuiteExecutor.accessTestSuiteMainPhase(TestSuiteExecutor.java:152)
	at com.kms.katalon.core.main.TestSuiteExecutor.execute(TestSuiteExecutor.java:95)
	at com.kms.katalon.core.main.TestCaseMain.startTestSuite(TestCaseMain.java:157)
	at com.kms.katalon.core.main.TestCaseMain$startTestSuite$0.call(Unknown Source)
	at TempTestSuite1611845754372.run(TempTestSuite1611845754372.groovy:39)
)

2021-01-28 16:03:26 - [MESSAGE][PASSED] - Current window's url is: 'https://www.aptekarska.pl/o-nas/'

2021-01-28 16:03:26 - [MESSAGE][FAILED] - Unable to verify equal between actual object 'https://www.aptekarska.pl/o-nas/' and expected object 'https://www.aptekarska.pl/o-nas/katarzyna-grebska/' (Root cause: com.kms.katalon.core.exception.StepFailedException: Actual object 'https://www.aptekarska.pl/o-nas/' and expected object 'https://www.aptekarska.pl/o-nas/katarzyna-grebska/' are not equal
	at com.kms.katalon.core.keyword.builtin.VerifyEqualKeyword$_verifyEqual_closure1.doCall(VerifyEqualKeyword.groovy:58)
	at com.kms.katalon.core.keyword.builtin.VerifyEqualKeyword$_verifyEqual_closure1.call(VerifyEqualKeyword.groovy)
	at com.kms.katalon.core.keyword.internal.KeywordMain.runKeyword(KeywordMain.groovy:68)
	at com.kms.katalon.core.keyword.builtin.VerifyEqualKeyword.verifyEqual(VerifyEqualKeyword.groovy:63)
	at com.kms.katalon.core.keyword.builtin.VerifyEqualKeyword.execute(VerifyEqualKeyword.groovy:44)
	at com.kms.katalon.core.keyword.internal.KeywordExecutor.executeKeywordForPlatform(KeywordExecutor.groovy:73)
	at com.kms.katalon.core.keyword.BuiltinKeywords.verifyEqual(BuiltinKeywords.groovy:141)
	at Test przycisków - Podstrona O nas - Katarzyna.run(Test przycisków - Podstrona O nas - Katarzyna:44)
	at com.kms.katalon.core.main.ScriptEngine.run(ScriptEngine.java:194)
	at com.kms.katalon.core.main.ScriptEngine.runScriptAsRawText(ScriptEngine.java:119)
	at com.kms.katalon.core.main.TestCaseExecutor.runScript(TestCaseExecutor.java:398)
	at com.kms.katalon.core.main.TestCaseExecutor.doExecute(TestCaseExecutor.java:389)
	at com.kms.katalon.core.main.TestCaseExecutor.processExecutionPhase(TestCaseExecutor.java:368)
	at com.kms.katalon.core.main.TestCaseExecutor.accessMainPhase(TestCaseExecutor.java:360)
	at com.kms.katalon.core.main.TestCaseExecutor.execute(TestCaseExecutor.java:255)
	at com.kms.katalon.core.main.TestSuiteExecutor.accessTestCaseMainPhase(TestSuiteExecutor.java:203)
	at com.kms.katalon.core.main.TestSuiteExecutor.accessTestSuiteMainPhase(TestSuiteExecutor.java:152)
	at com.kms.katalon.core.main.TestSuiteExecutor.execute(TestSuiteExecutor.java:95)
	at com.kms.katalon.core.main.TestCaseMain.startTestSuite(TestCaseMain.java:157)
	at com.kms.katalon.core.main.TestCaseMain$startTestSuite$0.call(Unknown Source)
	at TempTestSuite1611845754372.run(TempTestSuite1611845754372.groovy:39)
)]]></system-out>
         <system-err><![CDATA[2021-01-28 16:02:57 - [TEST_CASE][FAILED] - Test Cases/O nas/Test przycisków - Podstrona O nas - Katarzyna: Test Cases/O nas/Test przycisków - Podstrona O nas - Katarzyna FAILED.
Reason:
com.kms.katalon.core.exception.StepFailedException: Actual object 'https://www.aptekarska.pl/o-nas/' and expected object 'https://www.aptekarska.pl/o-nas/katarzyna-grebska/' are not equal
	at com.kms.katalon.core.keyword.builtin.VerifyEqualKeyword$_verifyEqual_closure1.doCall(VerifyEqualKeyword.groovy:58)
	at com.kms.katalon.core.keyword.builtin.VerifyEqualKeyword$_verifyEqual_closure1.call(VerifyEqualKeyword.groovy)
	at com.kms.katalon.core.keyword.internal.KeywordMain.runKeyword(KeywordMain.groovy:68)
	at com.kms.katalon.core.keyword.builtin.VerifyEqualKeyword.verifyEqual(VerifyEqualKeyword.groovy:63)
	at com.kms.katalon.core.keyword.builtin.VerifyEqualKeyword.execute(VerifyEqualKeyword.groovy:44)
	at com.kms.katalon.core.keyword.internal.KeywordExecutor.executeKeywordForPlatform(KeywordExecutor.groovy:73)
	at com.kms.katalon.core.keyword.BuiltinKeywords.verifyEqual(BuiltinKeywords.groovy:141)
	at Test przycisków - Podstrona O nas - Katarzyna.run(Test przycisków - Podstrona O nas - Katarzyna:44)
	at com.kms.katalon.core.main.ScriptEngine.run(ScriptEngine.java:194)
	at com.kms.katalon.core.main.ScriptEngine.runScriptAsRawText(ScriptEngine.java:119)
	at com.kms.katalon.core.main.TestCaseExecutor.runScript(TestCaseExecutor.java:398)
	at com.kms.katalon.core.main.TestCaseExecutor.doExecute(TestCaseExecutor.java:389)
	at com.kms.katalon.core.main.TestCaseExecutor.processExecutionPhase(TestCaseExecutor.java:368)
	at com.kms.katalon.core.main.TestCaseExecutor.accessMainPhase(TestCaseExecutor.java:360)
	at com.kms.katalon.core.main.TestCaseExecutor.execute(TestCaseExecutor.java:255)
	at com.kms.katalon.core.main.TestSuiteExecutor.accessTestCaseMainPhase(TestSuiteExecutor.java:203)
	at com.kms.katalon.core.main.TestSuiteExecutor.accessTestSuiteMainPhase(TestSuiteExecutor.java:152)
	at com.kms.katalon.core.main.TestSuiteExecutor.execute(TestSuiteExecutor.java:95)
	at com.kms.katalon.core.main.TestCaseMain.startTestSuite(TestCaseMain.java:157)
	at com.kms.katalon.core.main.TestCaseMain$startTestSuite$0.call(Unknown Source)
	at TempTestSuite1611845754372.run(TempTestSuite1611845754372.groovy:39)]]></system-err>
      </testcase>
      <testcase name="Test Cases/O nas/Test przycisków - Podstrona O nas - Marta" time="36.564" classname="Test Cases/O nas/Test przycisków - Podstrona O nas - Marta" status="FAILED">
         <failure type="FAILED" message="Test Cases/O nas/Test przycisków - Podstrona O nas - Marta FAILED.
Reason:
com.kms.katalon.core.exception.StepFailedException: Actual object 'https://www.aptekarska.pl/o-nas/' and expected object 'https://www.aptekarska.pl/o-nas/marta-balazinska/' are not equal
	at com.kms.katalon.core.keyword.builtin.VerifyEqualKeyword$_verifyEqual_closure1.doCall(VerifyEqualKeyword.groovy:58)
	at com.kms.katalon.core.keyword.builtin.VerifyEqualKeyword$_verifyEqual_closure1.call(VerifyEqualKeyword.groovy)
	at com.kms.katalon.core.keyword.internal.KeywordMain.runKeyword(KeywordMain.groovy:68)
	at com.kms.katalon.core.keyword.builtin.VerifyEqualKeyword.verifyEqual(VerifyEqualKeyword.groovy:63)
	at com.kms.katalon.core.keyword.builtin.VerifyEqualKeyword.execute(VerifyEqualKeyword.groovy:44)
	at com.kms.katalon.core.keyword.internal.KeywordExecutor.executeKeywordForPlatform(KeywordExecutor.groovy:73)
	at com.kms.katalon.core.keyword.BuiltinKeywords.verifyEqual(BuiltinKeywords.groovy:141)
	at Test przycisków - Podstrona O nas - Marta.run(Test przycisków - Podstrona O nas - Marta:42)
	at com.kms.katalon.core.main.ScriptEngine.run(ScriptEngine.java:194)
	at com.kms.katalon.core.main.ScriptEngine.runScriptAsRawText(ScriptEngine.java:119)
	at com.kms.katalon.core.main.TestCaseExecutor.runScript(TestCaseExecutor.java:398)
	at com.kms.katalon.core.main.TestCaseExecutor.doExecute(TestCaseExecutor.java:389)
	at com.kms.katalon.core.main.TestCaseExecutor.processExecutionPhase(TestCaseExecutor.java:368)
	at com.kms.katalon.core.main.TestCaseExecutor.accessMainPhase(TestCaseExecutor.java:360)
	at com.kms.katalon.core.main.TestCaseExecutor.execute(TestCaseExecutor.java:255)
	at com.kms.katalon.core.main.TestSuiteExecutor.accessTestCaseMainPhase(TestSuiteExecutor.java:203)
	at com.kms.katalon.core.main.TestSuiteExecutor.accessTestSuiteMainPhase(TestSuiteExecutor.java:152)
	at com.kms.katalon.core.main.TestSuiteExecutor.execute(TestSuiteExecutor.java:95)
	at com.kms.katalon.core.main.TestCaseMain.startTestSuite(TestCaseMain.java:157)
	at com.kms.katalon.core.main.TestCaseMain$startTestSuite$0.call(Unknown Source)
	at TempTestSuite1611845754372.run(TempTestSuite1611845754372.groovy:39)
"/>
         <system-out><![CDATA[2021-01-28 16:03:26 - [TEST_CASE][FAILED] - Test Cases/O nas/Test przycisków - Podstrona O nas - Marta: Test Cases/O nas/Test przycisków - Podstrona O nas - Marta FAILED.
Reason:
com.kms.katalon.core.exception.StepFailedException: Actual object 'https://www.aptekarska.pl/o-nas/' and expected object 'https://www.aptekarska.pl/o-nas/marta-balazinska/' are not equal
	at com.kms.katalon.core.keyword.builtin.VerifyEqualKeyword$_verifyEqual_closure1.doCall(VerifyEqualKeyword.groovy:58)
	at com.kms.katalon.core.keyword.builtin.VerifyEqualKeyword$_verifyEqual_closure1.call(VerifyEqualKeyword.groovy)
	at com.kms.katalon.core.keyword.internal.KeywordMain.runKeyword(KeywordMain.groovy:68)
	at com.kms.katalon.core.keyword.builtin.VerifyEqualKeyword.verifyEqual(VerifyEqualKeyword.groovy:63)
	at com.kms.katalon.core.keyword.builtin.VerifyEqualKeyword.execute(VerifyEqualKeyword.groovy:44)
	at com.kms.katalon.core.keyword.internal.KeywordExecutor.executeKeywordForPlatform(KeywordExecutor.groovy:73)
	at com.kms.katalon.core.keyword.BuiltinKeywords.verifyEqual(BuiltinKeywords.groovy:141)
	at Test przycisków - Podstrona O nas - Marta.run(Test przycisków - Podstrona O nas - Marta:42)
	at com.kms.katalon.core.main.ScriptEngine.run(ScriptEngine.java:194)
	at com.kms.katalon.core.main.ScriptEngine.runScriptAsRawText(ScriptEngine.java:119)
	at com.kms.katalon.core.main.TestCaseExecutor.runScript(TestCaseExecutor.java:398)
	at com.kms.katalon.core.main.TestCaseExecutor.doExecute(TestCaseExecutor.java:389)
	at com.kms.katalon.core.main.TestCaseExecutor.processExecutionPhase(TestCaseExecutor.java:368)
	at com.kms.katalon.core.main.TestCaseExecutor.accessMainPhase(TestCaseExecutor.java:360)
	at com.kms.katalon.core.main.TestCaseExecutor.execute(TestCaseExecutor.java:255)
	at com.kms.katalon.core.main.TestSuiteExecutor.accessTestCaseMainPhase(TestSuiteExecutor.java:203)
	at com.kms.katalon.core.main.TestSuiteExecutor.accessTestSuiteMainPhase(TestSuiteExecutor.java:152)
	at com.kms.katalon.core.main.TestSuiteExecutor.execute(TestSuiteExecutor.java:95)
	at com.kms.katalon.core.main.TestCaseMain.startTestSuite(TestCaseMain.java:157)
	at com.kms.katalon.core.main.TestCaseMain$startTestSuite$0.call(Unknown Source)
	at TempTestSuite1611845754372.run(TempTestSuite1611845754372.groovy:39)


2021-01-28 16:03:27 - [TEST_STEP][PASSED] - openBrowser(""): Browser is opened with url: ''

2021-01-28 16:03:27 - [MESSAGE][WARNING] - A browser is already opened. Closing browser and opening a new one

2021-01-28 16:03:28 - [MESSAGE][INFO] - Starting 'Firefox' driver

2021-01-28 16:03:28 - [MESSAGE][INFO] - Action delay is set to 0 milliseconds

2021-01-28 16:03:33 - [MESSAGE][PASSED] - Browser is opened with url: ''

2021-01-28 16:03:33 - [TEST_STEP][PASSED] - maximizeWindow(): Current window maximized

2021-01-28 16:03:33 - [MESSAGE][PASSED] - Current window maximized

2021-01-28 16:03:33 - [TEST_STEP][PASSED] - navigateToUrl("https://www.aptekarska.pl/o-nas/"): Navigate to 'https://www.aptekarska.pl/o-nas/' successfully

2021-01-28 16:03:56 - [MESSAGE][PASSED] - Navigate to 'https://www.aptekarska.pl/o-nas/' successfully

2021-01-28 16:03:56 - [TEST_STEP][PASSED] - click(findTestObject("Object Repository/Podstrona O nas Przyciski/Page_O nas - Aptekarska Szkoa Zarzdzania/button_Nie zgadzam si")): Object: 'Object Repository/Podstrona O nas Przyciski/Page_O nas - Aptekarska Szkoa Zarzdzania/button_Nie zgadzam si' is clicked on

2021-01-28 16:03:57 - [MESSAGE][PASSED] - Object: 'Object Repository/Podstrona O nas Przyciski/Page_O nas - Aptekarska Szkoa Zarzdzania/button_Nie zgadzam si' is clicked on

2021-01-28 16:03:57 - [TEST_STEP][PASSED] - click(findTestObject("Object Repository/Podstrona O nas Przyciski/Page_O nas - Aptekarska Szkoa Zarzdzania/i_1_2_3")): Object: 'Object Repository/Podstrona O nas Przyciski/Page_O nas - Aptekarska Szkoa Zarzdzania/i_1_2_3' is clicked on

2021-01-28 16:04:03 - [MESSAGE][PASSED] - Object: 'Object Repository/Podstrona O nas Przyciski/Page_O nas - Aptekarska Szkoa Zarzdzania/i_1_2_3' is clicked on

2021-01-28 16:04:03 - [TEST_STEP][PASSED] - waitForPageLoad(3): Wait for page load successfully

2021-01-28 16:04:03 - [MESSAGE][PASSED] - Wait for page load successfully

2021-01-28 16:04:03 - [TEST_STEP][PASSED] - getUrl(): Current window's url is: 'https://www.aptekarska.pl/o-nas/'

2021-01-28 16:04:03 - [MESSAGE][PASSED] - Current window's url is: 'https://www.aptekarska.pl/o-nas/'

2021-01-28 16:04:03 - [TEST_STEP][FAILED] - verifyEqual(getUrl(), "https://www.aptekarska.pl/o-nas/marta-balazinska/"): Unable to verify equal between actual object 'https://www.aptekarska.pl/o-nas/' and expected object 'https://www.aptekarska.pl/o-nas/marta-balazinska/' (Root cause: com.kms.katalon.core.exception.StepFailedException: Actual object 'https://www.aptekarska.pl/o-nas/' and expected object 'https://www.aptekarska.pl/o-nas/marta-balazinska/' are not equal
	at com.kms.katalon.core.keyword.builtin.VerifyEqualKeyword$_verifyEqual_closure1.doCall(VerifyEqualKeyword.groovy:58)
	at com.kms.katalon.core.keyword.builtin.VerifyEqualKeyword$_verifyEqual_closure1.call(VerifyEqualKeyword.groovy)
	at com.kms.katalon.core.keyword.internal.KeywordMain.runKeyword(KeywordMain.groovy:68)
	at com.kms.katalon.core.keyword.builtin.VerifyEqualKeyword.verifyEqual(VerifyEqualKeyword.groovy:63)
	at com.kms.katalon.core.keyword.builtin.VerifyEqualKeyword.execute(VerifyEqualKeyword.groovy:44)
	at com.kms.katalon.core.keyword.internal.KeywordExecutor.executeKeywordForPlatform(KeywordExecutor.groovy:73)
	at com.kms.katalon.core.keyword.BuiltinKeywords.verifyEqual(BuiltinKeywords.groovy:141)
	at Test przycisków - Podstrona O nas - Marta.run(Test przycisków - Podstrona O nas - Marta:42)
	at com.kms.katalon.core.main.ScriptEngine.run(ScriptEngine.java:194)
	at com.kms.katalon.core.main.ScriptEngine.runScriptAsRawText(ScriptEngine.java:119)
	at com.kms.katalon.core.main.TestCaseExecutor.runScript(TestCaseExecutor.java:398)
	at com.kms.katalon.core.main.TestCaseExecutor.doExecute(TestCaseExecutor.java:389)
	at com.kms.katalon.core.main.TestCaseExecutor.processExecutionPhase(TestCaseExecutor.java:368)
	at com.kms.katalon.core.main.TestCaseExecutor.accessMainPhase(TestCaseExecutor.java:360)
	at com.kms.katalon.core.main.TestCaseExecutor.execute(TestCaseExecutor.java:255)
	at com.kms.katalon.core.main.TestSuiteExecutor.accessTestCaseMainPhase(TestSuiteExecutor.java:203)
	at com.kms.katalon.core.main.TestSuiteExecutor.accessTestSuiteMainPhase(TestSuiteExecutor.java:152)
	at com.kms.katalon.core.main.TestSuiteExecutor.execute(TestSuiteExecutor.java:95)
	at com.kms.katalon.core.main.TestCaseMain.startTestSuite(TestCaseMain.java:157)
	at com.kms.katalon.core.main.TestCaseMain$startTestSuite$0.call(Unknown Source)
	at TempTestSuite1611845754372.run(TempTestSuite1611845754372.groovy:39)
)

2021-01-28 16:04:03 - [MESSAGE][PASSED] - Current window's url is: 'https://www.aptekarska.pl/o-nas/'

2021-01-28 16:04:03 - [MESSAGE][FAILED] - Unable to verify equal between actual object 'https://www.aptekarska.pl/o-nas/' and expected object 'https://www.aptekarska.pl/o-nas/marta-balazinska/' (Root cause: com.kms.katalon.core.exception.StepFailedException: Actual object 'https://www.aptekarska.pl/o-nas/' and expected object 'https://www.aptekarska.pl/o-nas/marta-balazinska/' are not equal
	at com.kms.katalon.core.keyword.builtin.VerifyEqualKeyword$_verifyEqual_closure1.doCall(VerifyEqualKeyword.groovy:58)
	at com.kms.katalon.core.keyword.builtin.VerifyEqualKeyword$_verifyEqual_closure1.call(VerifyEqualKeyword.groovy)
	at com.kms.katalon.core.keyword.internal.KeywordMain.runKeyword(KeywordMain.groovy:68)
	at com.kms.katalon.core.keyword.builtin.VerifyEqualKeyword.verifyEqual(VerifyEqualKeyword.groovy:63)
	at com.kms.katalon.core.keyword.builtin.VerifyEqualKeyword.execute(VerifyEqualKeyword.groovy:44)
	at com.kms.katalon.core.keyword.internal.KeywordExecutor.executeKeywordForPlatform(KeywordExecutor.groovy:73)
	at com.kms.katalon.core.keyword.BuiltinKeywords.verifyEqual(BuiltinKeywords.groovy:141)
	at Test przycisków - Podstrona O nas - Marta.run(Test przycisków - Podstrona O nas - Marta:42)
	at com.kms.katalon.core.main.ScriptEngine.run(ScriptEngine.java:194)
	at com.kms.katalon.core.main.ScriptEngine.runScriptAsRawText(ScriptEngine.java:119)
	at com.kms.katalon.core.main.TestCaseExecutor.runScript(TestCaseExecutor.java:398)
	at com.kms.katalon.core.main.TestCaseExecutor.doExecute(TestCaseExecutor.java:389)
	at com.kms.katalon.core.main.TestCaseExecutor.processExecutionPhase(TestCaseExecutor.java:368)
	at com.kms.katalon.core.main.TestCaseExecutor.accessMainPhase(TestCaseExecutor.java:360)
	at com.kms.katalon.core.main.TestCaseExecutor.execute(TestCaseExecutor.java:255)
	at com.kms.katalon.core.main.TestSuiteExecutor.accessTestCaseMainPhase(TestSuiteExecutor.java:203)
	at com.kms.katalon.core.main.TestSuiteExecutor.accessTestSuiteMainPhase(TestSuiteExecutor.java:152)
	at com.kms.katalon.core.main.TestSuiteExecutor.execute(TestSuiteExecutor.java:95)
	at com.kms.katalon.core.main.TestCaseMain.startTestSuite(TestCaseMain.java:157)
	at com.kms.katalon.core.main.TestCaseMain$startTestSuite$0.call(Unknown Source)
	at TempTestSuite1611845754372.run(TempTestSuite1611845754372.groovy:39)
)]]></system-out>
         <system-err><![CDATA[2021-01-28 16:03:26 - [TEST_CASE][FAILED] - Test Cases/O nas/Test przycisków - Podstrona O nas - Marta: Test Cases/O nas/Test przycisków - Podstrona O nas - Marta FAILED.
Reason:
com.kms.katalon.core.exception.StepFailedException: Actual object 'https://www.aptekarska.pl/o-nas/' and expected object 'https://www.aptekarska.pl/o-nas/marta-balazinska/' are not equal
	at com.kms.katalon.core.keyword.builtin.VerifyEqualKeyword$_verifyEqual_closure1.doCall(VerifyEqualKeyword.groovy:58)
	at com.kms.katalon.core.keyword.builtin.VerifyEqualKeyword$_verifyEqual_closure1.call(VerifyEqualKeyword.groovy)
	at com.kms.katalon.core.keyword.internal.KeywordMain.runKeyword(KeywordMain.groovy:68)
	at com.kms.katalon.core.keyword.builtin.VerifyEqualKeyword.verifyEqual(VerifyEqualKeyword.groovy:63)
	at com.kms.katalon.core.keyword.builtin.VerifyEqualKeyword.execute(VerifyEqualKeyword.groovy:44)
	at com.kms.katalon.core.keyword.internal.KeywordExecutor.executeKeywordForPlatform(KeywordExecutor.groovy:73)
	at com.kms.katalon.core.keyword.BuiltinKeywords.verifyEqual(BuiltinKeywords.groovy:141)
	at Test przycisków - Podstrona O nas - Marta.run(Test przycisków - Podstrona O nas - Marta:42)
	at com.kms.katalon.core.main.ScriptEngine.run(ScriptEngine.java:194)
	at com.kms.katalon.core.main.ScriptEngine.runScriptAsRawText(ScriptEngine.java:119)
	at com.kms.katalon.core.main.TestCaseExecutor.runScript(TestCaseExecutor.java:398)
	at com.kms.katalon.core.main.TestCaseExecutor.doExecute(TestCaseExecutor.java:389)
	at com.kms.katalon.core.main.TestCaseExecutor.processExecutionPhase(TestCaseExecutor.java:368)
	at com.kms.katalon.core.main.TestCaseExecutor.accessMainPhase(TestCaseExecutor.java:360)
	at com.kms.katalon.core.main.TestCaseExecutor.execute(TestCaseExecutor.java:255)
	at com.kms.katalon.core.main.TestSuiteExecutor.accessTestCaseMainPhase(TestSuiteExecutor.java:203)
	at com.kms.katalon.core.main.TestSuiteExecutor.accessTestSuiteMainPhase(TestSuiteExecutor.java:152)
	at com.kms.katalon.core.main.TestSuiteExecutor.execute(TestSuiteExecutor.java:95)
	at com.kms.katalon.core.main.TestCaseMain.startTestSuite(TestCaseMain.java:157)
	at com.kms.katalon.core.main.TestCaseMain$startTestSuite$0.call(Unknown Source)
	at TempTestSuite1611845754372.run(TempTestSuite1611845754372.groovy:39)]]></system-err>
      </testcase>
      <system-out><![CDATA[2021-01-28 15:59:44 - [TEST_SUITE][FAILED] - O nas: Test Cases/O nas/Test przycisków - Podstrona O nas - Dominika FAILED.
Reason:
com.kms.katalon.core.exception.StepFailedException: Actual object 'https://www.aptekarska.pl/o-nas/' and expected object 'https://www.aptekarska.pl/' are not equal
	at com.kms.katalon.core.keyword.builtin.VerifyEqualKeyword$_verifyEqual_closure1.doCall(VerifyEqualKeyword.groovy:58)
	at com.kms.katalon.core.keyword.builtin.VerifyEqualKeyword$_verifyEqual_closure1.call(VerifyEqualKeyword.groovy)
	at com.kms.katalon.core.keyword.internal.KeywordMain.runKeyword(KeywordMain.groovy:68)
	at com.kms.katalon.core.keyword.builtin.VerifyEqualKeyword.verifyEqual(VerifyEqualKeyword.groovy:63)
	at com.kms.katalon.core.keyword.builtin.VerifyEqualKeyword.execute(VerifyEqualKeyword.groovy:44)
	at com.kms.katalon.core.keyword.internal.KeywordExecutor.executeKeywordForPlatform(KeywordExecutor.groovy:73)
	at com.kms.katalon.core.keyword.BuiltinKeywords.verifyEqual(BuiltinKeywords.groovy:141)
	at Test przycisków - Podstrona O nas - Dominika.run(Test przycisków - Podstrona O nas - Dominika:110)
	at com.kms.katalon.core.main.ScriptEngine.run(ScriptEngine.java:194)
	at com.kms.katalon.core.main.ScriptEngine.runScriptAsRawText(ScriptEngine.java:119)
	at com.kms.katalon.core.main.TestCaseExecutor.runScript(TestCaseExecutor.java:398)
	at com.kms.katalon.core.main.TestCaseExecutor.doExecute(TestCaseExecutor.java:389)
	at com.kms.katalon.core.main.TestCaseExecutor.processExecutionPhase(TestCaseExecutor.java:368)
	at com.kms.katalon.core.main.TestCaseExecutor.accessMainPhase(TestCaseExecutor.java:360)
	at com.kms.katalon.core.main.TestCaseExecutor.execute(TestCaseExecutor.java:255)
	at com.kms.katalon.core.main.TestSuiteExecutor.accessTestCaseMainPhase(TestSuiteExecutor.java:203)
	at com.kms.katalon.core.main.TestSuiteExecutor.accessTestSuiteMainPhase(TestSuiteExecutor.java:152)
	at com.kms.katalon.core.main.TestSuiteExecutor.execute(TestSuiteExecutor.java:95)
	at com.kms.katalon.core.main.TestCaseMain.startTestSuite(TestCaseMain.java:157)
	at com.kms.katalon.core.main.TestCaseMain$startTestSuite$0.call(Unknown Source)
	at TempTestSuite1611845754372.run(TempTestSuite1611845754372.groovy:39)]]></system-out>
      <system-err><![CDATA[2021-01-28 15:59:44 - [TEST_SUITE][FAILED] - O nas: Test Cases/O nas/Test przycisków - Podstrona O nas - Dominika FAILED.
Reason:
com.kms.katalon.core.exception.StepFailedException: Actual object 'https://www.aptekarska.pl/o-nas/' and expected object 'https://www.aptekarska.pl/' are not equal
	at com.kms.katalon.core.keyword.builtin.VerifyEqualKeyword$_verifyEqual_closure1.doCall(VerifyEqualKeyword.groovy:58)
	at com.kms.katalon.core.keyword.builtin.VerifyEqualKeyword$_verifyEqual_closure1.call(VerifyEqualKeyword.groovy)
	at com.kms.katalon.core.keyword.internal.KeywordMain.runKeyword(KeywordMain.groovy:68)
	at com.kms.katalon.core.keyword.builtin.VerifyEqualKeyword.verifyEqual(VerifyEqualKeyword.groovy:63)
	at com.kms.katalon.core.keyword.builtin.VerifyEqualKeyword.execute(VerifyEqualKeyword.groovy:44)
	at com.kms.katalon.core.keyword.internal.KeywordExecutor.executeKeywordForPlatform(KeywordExecutor.groovy:73)
	at com.kms.katalon.core.keyword.BuiltinKeywords.verifyEqual(BuiltinKeywords.groovy:141)
	at Test przycisków - Podstrona O nas - Dominika.run(Test przycisków - Podstrona O nas - Dominika:110)
	at com.kms.katalon.core.main.ScriptEngine.run(ScriptEngine.java:194)
	at com.kms.katalon.core.main.ScriptEngine.runScriptAsRawText(ScriptEngine.java:119)
	at com.kms.katalon.core.main.TestCaseExecutor.runScript(TestCaseExecutor.java:398)
	at com.kms.katalon.core.main.TestCaseExecutor.doExecute(TestCaseExecutor.java:389)
	at com.kms.katalon.core.main.TestCaseExecutor.processExecutionPhase(TestCaseExecutor.java:368)
	at com.kms.katalon.core.main.TestCaseExecutor.accessMainPhase(TestCaseExecutor.java:360)
	at com.kms.katalon.core.main.TestCaseExecutor.execute(TestCaseExecutor.java:255)
	at com.kms.katalon.core.main.TestSuiteExecutor.accessTestCaseMainPhase(TestSuiteExecutor.java:203)
	at com.kms.katalon.core.main.TestSuiteExecutor.accessTestSuiteMainPhase(TestSuiteExecutor.java:152)
	at com.kms.katalon.core.main.TestSuiteExecutor.execute(TestSuiteExecutor.java:95)
	at com.kms.katalon.core.main.TestCaseMain.startTestSuite(TestCaseMain.java:157)
	at com.kms.katalon.core.main.TestCaseMain$startTestSuite$0.call(Unknown Source)
	at TempTestSuite1611845754372.run(TempTestSuite1611845754372.groovy:39)]]></system-err>
   </testsuite>
</testsuites>
