<?xml version="1.0" encoding="UTF-8"?>
<testsuites name="Kontakt" time="38.18" tests="3" failures="0" skips="0" errors="0">
   <testsuite name="Kontakt" tests="3" failures="0" errors="0" time="38.18" skips="0" timestamp="2021-01-28 17:27:55" hostname="Staz Intersiec - DESKTOP-HO0QCN7" id="Test Suites/Kontakt">
      <properties>
         <property name="deviceName" value=""/>
         <property name="devicePlatform" value=""/>
         <property name="logFolder" value="C:\\Users\\Staz Intersiec\\Documents\\Aptekarska.pl_UI_Tests\\Reports\\20210128_172334\\Kontakt\\20210128_172351"/>
         <property name="logFiles" value="C:\\Users\\Staz Intersiec\\Documents\\Aptekarska.pl_UI_Tests\\Reports\\20210128_172334\\Kontakt\\20210128_172351\\execution0.log"/>
         <property name="attachments" value=""/>
         <property name="hostName" value="Staz Intersiec - DESKTOP-HO0QCN7"/>
         <property name="os" value="Windows 10 64bit"/>
         <property name="katalonVersion" value="7.9.0.208"/>
         <property name="browser" value="Edge Chromium 88"/>
         <property name="hostAddress" value="192.168.50.1"/>
         <property name="sessionId" value="6c46b7d2361808fc43acf1a165252550"/>
         <property name="seleniumVersion" value="3.141.59"/>
         <property name="proxyInformation" value="ProxyInformation { proxyOption=NO_PROXY, proxyServerType=HTTP, username=, password=********, proxyServerAddress=, proxyServerPort=0, executionList=&quot;&quot;, isApplyToDesiredCapabilities=true }"/>
         <property name="platform" value="Windows 10"/>
      </properties>
      <testcase name="Test Cases/Kontakt/Test Nawigacji - Podstrony Kontakt" time="26.683" classname="Test Cases/Kontakt/Test Nawigacji - Podstrony Kontakt" status="PASSED">
         <system-out><![CDATA[2021-01-28 17:27:56 - [TEST_CASE][PASSED] - Test Cases/Kontakt/Test Nawigacji - Podstrony Kontakt: Test Cases/Kontakt/Test Nawigacji - Podstrony Kontakt

2021-01-28 17:27:57 - [TEST_STEP][PASSED] - openBrowser(""): Browser is opened with url: ''

2021-01-28 17:27:58 - [MESSAGE][INFO] - Starting 'Edge Chromium' driver

2021-01-28 17:27:58 - [MESSAGE][INFO] - Action delay is set to 0 milliseconds

2021-01-28 17:28:00 - [MESSAGE][PASSED] - Browser is opened with url: ''

2021-01-28 17:28:00 - [TEST_STEP][PASSED] - maximizeWindow(): Current window maximized

2021-01-28 17:28:01 - [MESSAGE][PASSED] - Current window maximized

2021-01-28 17:28:01 - [TEST_STEP][PASSED] - navigateToUrl("https://www.aptekarska.pl/kontakt/"): Navigate to 'https://www.aptekarska.pl/kontakt/' successfully

2021-01-28 17:28:04 - [MESSAGE][PASSED] - Navigate to 'https://www.aptekarska.pl/kontakt/' successfully

2021-01-28 17:28:05 - [TEST_STEP][PASSED] - click(findTestObject("Object Repository/Strona Główna Nawigacja/Page_Aptekarska Szkoa Zarzdzania Szkolenia _8ea30e/button_Nie zgadzam si")): Object: 'Object Repository/Strona Główna Nawigacja/Page_Aptekarska Szkoa Zarzdzania Szkolenia _8ea30e/button_Nie zgadzam si' is clicked on

2021-01-28 17:28:05 - [MESSAGE][PASSED] - Object: 'Object Repository/Strona Główna Nawigacja/Page_Aptekarska Szkoa Zarzdzania Szkolenia _8ea30e/button_Nie zgadzam si' is clicked on

2021-01-28 17:28:05 - [TEST_STEP][PASSED] - click(findTestObject("Object Repository/Strona Główna Nawigacja/Page_Aptekarska Szkoa Zarzdzania Szkolenia _8ea30e/span_Aktualnoci")): Object: 'Object Repository/Strona Główna Nawigacja/Page_Aptekarska Szkoa Zarzdzania Szkolenia _8ea30e/span_Aktualnoci' is clicked on

2021-01-28 17:28:08 - [MESSAGE][PASSED] - Object: 'Object Repository/Strona Główna Nawigacja/Page_Aptekarska Szkoa Zarzdzania Szkolenia _8ea30e/span_Aktualnoci' is clicked on

2021-01-28 17:28:08 - [TEST_STEP][PASSED] - getUrl(): Current window's url is: 'https://www.aptekarska.pl/aktualnosci/'

2021-01-28 17:28:09 - [MESSAGE][PASSED] - Current window's url is: 'https://www.aptekarska.pl/aktualnosci/'

2021-01-28 17:28:09 - [TEST_STEP][PASSED] - verifyEqual(getUrl(), "https://www.aptekarska.pl/aktualnosci/"): Actual object 'https://www.aptekarska.pl/aktualnosci/' and expected object 'https://www.aptekarska.pl/aktualnosci/' are equal

2021-01-28 17:28:09 - [MESSAGE][PASSED] - Current window's url is: 'https://www.aptekarska.pl/aktualnosci/'

2021-01-28 17:28:09 - [MESSAGE][PASSED] - Actual object 'https://www.aptekarska.pl/aktualnosci/' and expected object 'https://www.aptekarska.pl/aktualnosci/' are equal

2021-01-28 17:28:09 - [TEST_STEP][PASSED] - click(findTestObject("Object Repository/Strona Główna Nawigacja/Page_Aktualnoci - Aptekarska Szkoa Zarzdzania/span_Artykuy")): Object: 'Object Repository/Strona Główna Nawigacja/Page_Aktualnoci - Aptekarska Szkoa Zarzdzania/span_Artykuy' is clicked on

2021-01-28 17:28:11 - [MESSAGE][PASSED] - Object: 'Object Repository/Strona Główna Nawigacja/Page_Aktualnoci - Aptekarska Szkoa Zarzdzania/span_Artykuy' is clicked on

2021-01-28 17:28:11 - [TEST_STEP][PASSED] - getUrl(): Current window's url is: 'https://www.aptekarska.pl/artykuly/'

2021-01-28 17:28:11 - [MESSAGE][PASSED] - Current window's url is: 'https://www.aptekarska.pl/artykuly/'

2021-01-28 17:28:11 - [TEST_STEP][PASSED] - verifyEqual(getUrl(), "https://www.aptekarska.pl/artykuly/"): Actual object 'https://www.aptekarska.pl/artykuly/' and expected object 'https://www.aptekarska.pl/artykuly/' are equal

2021-01-28 17:28:11 - [MESSAGE][PASSED] - Current window's url is: 'https://www.aptekarska.pl/artykuly/'

2021-01-28 17:28:11 - [MESSAGE][PASSED] - Actual object 'https://www.aptekarska.pl/artykuly/' and expected object 'https://www.aptekarska.pl/artykuly/' are equal

2021-01-28 17:28:11 - [TEST_STEP][PASSED] - click(findTestObject("Object Repository/Strona Główna Nawigacja/Page_Artykuy - Aptekarska Szkoa Zarzdzania/span_O nas")): Object: 'Object Repository/Strona Główna Nawigacja/Page_Artykuy - Aptekarska Szkoa Zarzdzania/span_O nas' is clicked on

2021-01-28 17:28:16 - [MESSAGE][PASSED] - Object: 'Object Repository/Strona Główna Nawigacja/Page_Artykuy - Aptekarska Szkoa Zarzdzania/span_O nas' is clicked on

2021-01-28 17:28:17 - [TEST_STEP][PASSED] - getUrl(): Current window's url is: 'https://www.aptekarska.pl/o-nas/'

2021-01-28 17:28:17 - [MESSAGE][PASSED] - Current window's url is: 'https://www.aptekarska.pl/o-nas/'

2021-01-28 17:28:17 - [TEST_STEP][PASSED] - verifyEqual(getUrl(), "https://www.aptekarska.pl/o-nas/"): Actual object 'https://www.aptekarska.pl/o-nas/' and expected object 'https://www.aptekarska.pl/o-nas/' are equal

2021-01-28 17:28:17 - [MESSAGE][PASSED] - Current window's url is: 'https://www.aptekarska.pl/o-nas/'

2021-01-28 17:28:17 - [MESSAGE][PASSED] - Actual object 'https://www.aptekarska.pl/o-nas/' and expected object 'https://www.aptekarska.pl/o-nas/' are equal

2021-01-28 17:28:17 - [TEST_STEP][PASSED] - click(findTestObject("SPY - NAWIGACJA STRONA GŁOWNA BUTTON/Page_Aktualnoci - Aptekarska Szkoa Zarzdzania/img_Szkolenia cige dla farmaceutw, farmacji, farmaceutyczne  Aptekarska.pl_preload-me")): Object: 'Object Repository/SPY - NAWIGACJA STRONA GŁOWNA BUTTON/Page_Aktualnoci - Aptekarska Szkoa Zarzdzania/img_Szkolenia cige dla farmaceutw, farmacji, farmaceutyczne  Aptekarska.pl_preload-me' is clicked on

2021-01-28 17:28:20 - [MESSAGE][PASSED] - Object: 'Object Repository/SPY - NAWIGACJA STRONA GŁOWNA BUTTON/Page_Aktualnoci - Aptekarska Szkoa Zarzdzania/img_Szkolenia cige dla farmaceutw, farmacji, farmaceutyczne  Aptekarska.pl_preload-me' is clicked on

2021-01-28 17:28:20 - [TEST_STEP][PASSED] - getUrl(): Current window's url is: 'https://www.aptekarska.pl/'

2021-01-28 17:28:20 - [MESSAGE][PASSED] - Current window's url is: 'https://www.aptekarska.pl/'

2021-01-28 17:28:20 - [TEST_STEP][PASSED] - verifyEqual(getUrl(), "https://www.aptekarska.pl/"): Actual object 'https://www.aptekarska.pl/' and expected object 'https://www.aptekarska.pl/' are equal

2021-01-28 17:28:20 - [MESSAGE][PASSED] - Current window's url is: 'https://www.aptekarska.pl/'

2021-01-28 17:28:20 - [MESSAGE][PASSED] - Actual object 'https://www.aptekarska.pl/' and expected object 'https://www.aptekarska.pl/' are equal

2021-01-28 17:28:20 - [TEST_STEP][PASSED] - click(findTestObject("Object Repository/Strona Główna Nawigacja/Page_Aptekarska Szkoa Zarzdzania Szkolenia _8ea30e/span_Oferta")): Object: 'Object Repository/Strona Główna Nawigacja/Page_Aptekarska Szkoa Zarzdzania Szkolenia _8ea30e/span_Oferta' is clicked on

2021-01-28 17:28:22 - [MESSAGE][PASSED] - Object: 'Object Repository/Strona Główna Nawigacja/Page_Aptekarska Szkoa Zarzdzania Szkolenia _8ea30e/span_Oferta' is clicked on

2021-01-28 17:28:22 - [TEST_STEP][PASSED] - getUrl(): Current window's url is: 'https://www.aptekarska.pl/oferta/'

2021-01-28 17:28:22 - [MESSAGE][PASSED] - Current window's url is: 'https://www.aptekarska.pl/oferta/'

2021-01-28 17:28:22 - [TEST_STEP][PASSED] - verifyEqual(getUrl(), "https://www.aptekarska.pl/oferta/"): Actual object 'https://www.aptekarska.pl/oferta/' and expected object 'https://www.aptekarska.pl/oferta/' are equal

2021-01-28 17:28:22 - [MESSAGE][PASSED] - Current window's url is: 'https://www.aptekarska.pl/oferta/'

2021-01-28 17:28:22 - [MESSAGE][PASSED] - Actual object 'https://www.aptekarska.pl/oferta/' and expected object 'https://www.aptekarska.pl/oferta/' are equal

2021-01-28 17:28:22 - [TEST_STEP][PASSED] - closeBrowser(): Browser is closed

2021-01-28 17:28:23 - [MESSAGE][PASSED] - Browser is closed]]></system-out>
         <system-err><![CDATA[]]></system-err>
      </testcase>
      <testcase name="Test Cases/Kontakt/Test Przewijania Strony - Podstrony Kontakt" time="9.233" classname="Test Cases/Kontakt/Test Przewijania Strony - Podstrony Kontakt" status="PASSED">
         <system-out><![CDATA[2021-01-28 17:28:23 - [TEST_CASE][PASSED] - Test Cases/Kontakt/Test Przewijania Strony - Podstrony Kontakt: Test Cases/Kontakt/Test Przewijania Strony - Podstrony Kontakt

2021-01-28 17:28:23 - [TEST_STEP][PASSED] - openBrowser(""): Browser is opened with url: ''

2021-01-28 17:28:23 - [MESSAGE][INFO] - Starting 'Edge Chromium' driver

2021-01-28 17:28:24 - [MESSAGE][INFO] - Action delay is set to 0 milliseconds

2021-01-28 17:28:25 - [MESSAGE][PASSED] - Browser is opened with url: ''

2021-01-28 17:28:25 - [TEST_STEP][PASSED] - navigateToUrl("https://www.aptekarska.pl/kontakt/"): Navigate to 'https://www.aptekarska.pl/kontakt/' successfully

2021-01-28 17:28:31 - [MESSAGE][PASSED] - Navigate to 'https://www.aptekarska.pl/kontakt/' successfully

2021-01-28 17:28:31 - [TEST_STEP][PASSED] - click(findTestObject("Object Repository/Strona Główna Przewijanie/Page_Aptekarska Szkoa Zarzdzania Szkolenia _8ea30e/button_Akceptuj wszystko")): Object: 'Object Repository/Strona Główna Przewijanie/Page_Aptekarska Szkoa Zarzdzania Szkolenia _8ea30e/button_Akceptuj wszystko' is clicked on

2021-01-28 17:28:31 - [MESSAGE][PASSED] - Object: 'Object Repository/Strona Główna Przewijanie/Page_Aptekarska Szkoa Zarzdzania Szkolenia _8ea30e/button_Akceptuj wszystko' is clicked on

2021-01-28 17:28:31 - [TEST_STEP][PASSED] - scrollToElement(findTestObject("Object Repository/Strona Główna Przewijanie/Page_Aptekarska Szkoa Zarzdzania Szkolenia dla Farmacji/img_Uczestniczka webinaru_preload-me"), 0): Scroll to object 'Object Repository/Strona Główna Przewijanie/Page_Aptekarska Szkoa Zarzdzania Szkolenia dla Farmacji/img_Uczestniczka webinaru_preload-me' successfully

2021-01-28 17:28:31 - [MESSAGE][WARNING] - Timeout '0' is invalid. Using default page load timeout: '30'

2021-01-28 17:28:31 - [MESSAGE][PASSED] - Scroll to object 'Object Repository/Strona Główna Przewijanie/Page_Aptekarska Szkoa Zarzdzania Szkolenia dla Farmacji/img_Uczestniczka webinaru_preload-me' successfully

2021-01-28 17:28:31 - [TEST_STEP][PASSED] - click(findTestObject("Object Repository/Strona Główna Przewijanie/Page_Aptekarska Szkoa Zarzdzania Szkolenia _8ea30e/a_Do gry")): Object: 'Object Repository/Strona Główna Przewijanie/Page_Aptekarska Szkoa Zarzdzania Szkolenia _8ea30e/a_Do gry' is clicked on

2021-01-28 17:28:32 - [MESSAGE][PASSED] - Object: 'Object Repository/Strona Główna Przewijanie/Page_Aptekarska Szkoa Zarzdzania Szkolenia _8ea30e/a_Do gry' is clicked on

2021-01-28 17:28:32 - [TEST_STEP][PASSED] - closeBrowser(): Browser is closed

2021-01-28 17:28:32 - [MESSAGE][PASSED] - Browser is closed]]></system-out>
         <system-err><![CDATA[]]></system-err>
      </testcase>
      <testcase name="Test Cases/Kontakt/Test Przycisków - Podstrona Kontakt" time="0.318" classname="Test Cases/Kontakt/Test Przycisków - Podstrona Kontakt" status="PASSED">
         <system-out><![CDATA[2021-01-28 17:28:32 - [TEST_CASE][PASSED] - Test Cases/Kontakt/Test Przycisków - Podstrona Kontakt: Test Cases/Kontakt/Test Przycisków - Podstrona Kontakt

2021-01-28 17:28:33 - [TEST_STEP][PASSED] - return null: null]]></system-out>
         <system-err><![CDATA[]]></system-err>
      </testcase>
      <system-out><![CDATA[2021-01-28 17:27:55 - [TEST_SUITE][PASSED] - Kontakt: Test Cases/Kontakt/Test Przycisków - Podstrona Kontakt]]></system-out>
      <system-err><![CDATA[]]></system-err>
   </testsuite>
</testsuites>
