<?xml version="1.0" encoding="UTF-8"?>
<testsuites name="Kontakt" time="50.363" tests="3" failures="0" skips="0" errors="0">
   <testsuite name="Kontakt" tests="3" failures="0" errors="0" time="50.363" skips="0" timestamp="2021-01-28 16:18:34" hostname="Staz Intersiec - DESKTOP-HO0QCN7" id="Test Suites/Kontakt">
      <properties>
         <property name="deviceName" value=""/>
         <property name="devicePlatform" value=""/>
         <property name="logFolder" value="C:\\Users\\Staz Intersiec\\Documents\\Aptekarska.pl_UI_Tests\\Reports\\20210128_161706\\Kontakt\\20210128_161722"/>
         <property name="logFiles" value="C:\\Users\\Staz Intersiec\\Documents\\Aptekarska.pl_UI_Tests\\Reports\\20210128_161706\\Kontakt\\20210128_161722\\execution0.log"/>
         <property name="attachments" value=""/>
         <property name="hostName" value="Staz Intersiec - DESKTOP-HO0QCN7"/>
         <property name="os" value="Windows 10 64bit"/>
         <property name="katalonVersion" value="7.9.0.208"/>
         <property name="browser" value="Chrome 88.0.4324.104"/>
         <property name="hostAddress" value="192.168.50.1"/>
         <property name="sessionId" value="d0b3227ccffd2728c305c3e80f2e5251"/>
         <property name="seleniumVersion" value="3.141.59"/>
         <property name="proxyInformation" value="ProxyInformation { proxyOption=NO_PROXY, proxyServerType=HTTP, username=, password=********, proxyServerAddress=, proxyServerPort=0, executionList=&quot;&quot;, isApplyToDesiredCapabilities=true }"/>
         <property name="platform" value="Windows 10"/>
      </properties>
      <testcase name="Test Cases/Kontakt/Test Nawigacji - Podstrony Kontakt" time="36.968" classname="Test Cases/Kontakt/Test Nawigacji - Podstrony Kontakt" status="PASSED">
         <system-out><![CDATA[2021-01-28 16:18:35 - [TEST_CASE][PASSED] - Test Cases/Kontakt/Test Nawigacji - Podstrony Kontakt: Test Cases/Kontakt/Test Nawigacji - Podstrony Kontakt

2021-01-28 16:18:37 - [TEST_STEP][PASSED] - openBrowser(""): Browser is opened with url: ''

2021-01-28 16:18:38 - [MESSAGE][INFO] - Starting 'Chrome' driver

2021-01-28 16:18:38 - [MESSAGE][INFO] - Action delay is set to 0 milliseconds

2021-01-28 16:18:43 - [MESSAGE][PASSED] - Browser is opened with url: ''

2021-01-28 16:18:43 - [TEST_STEP][PASSED] - maximizeWindow(): Current window maximized

2021-01-28 16:18:45 - [MESSAGE][PASSED] - Current window maximized

2021-01-28 16:18:45 - [TEST_STEP][PASSED] - navigateToUrl("https://www.aptekarska.pl/kontakt/"): Navigate to 'https://www.aptekarska.pl/kontakt/' successfully

2021-01-28 16:18:49 - [MESSAGE][PASSED] - Navigate to 'https://www.aptekarska.pl/kontakt/' successfully

2021-01-28 16:18:49 - [TEST_STEP][PASSED] - click(findTestObject("Object Repository/Strona Główna Nawigacja/Page_Aptekarska Szkoa Zarzdzania Szkolenia _8ea30e/button_Nie zgadzam si")): Object: 'Object Repository/Strona Główna Nawigacja/Page_Aptekarska Szkoa Zarzdzania Szkolenia _8ea30e/button_Nie zgadzam si' is clicked on

2021-01-28 16:18:50 - [MESSAGE][PASSED] - Object: 'Object Repository/Strona Główna Nawigacja/Page_Aptekarska Szkoa Zarzdzania Szkolenia _8ea30e/button_Nie zgadzam si' is clicked on

2021-01-28 16:18:50 - [TEST_STEP][PASSED] - click(findTestObject("Object Repository/Strona Główna Nawigacja/Page_Aptekarska Szkoa Zarzdzania Szkolenia _8ea30e/span_Aktualnoci")): Object: 'Object Repository/Strona Główna Nawigacja/Page_Aptekarska Szkoa Zarzdzania Szkolenia _8ea30e/span_Aktualnoci' is clicked on

2021-01-28 16:18:55 - [MESSAGE][PASSED] - Object: 'Object Repository/Strona Główna Nawigacja/Page_Aptekarska Szkoa Zarzdzania Szkolenia _8ea30e/span_Aktualnoci' is clicked on

2021-01-28 16:18:55 - [TEST_STEP][PASSED] - getUrl(): Current window's url is: 'https://www.aptekarska.pl/aktualnosci/'

2021-01-28 16:18:55 - [MESSAGE][PASSED] - Current window's url is: 'https://www.aptekarska.pl/aktualnosci/'

2021-01-28 16:18:55 - [TEST_STEP][PASSED] - verifyEqual(getUrl(), "https://www.aptekarska.pl/aktualnosci/"): Actual object 'https://www.aptekarska.pl/aktualnosci/' and expected object 'https://www.aptekarska.pl/aktualnosci/' are equal

2021-01-28 16:18:55 - [MESSAGE][PASSED] - Current window's url is: 'https://www.aptekarska.pl/aktualnosci/'

2021-01-28 16:18:55 - [MESSAGE][PASSED] - Actual object 'https://www.aptekarska.pl/aktualnosci/' and expected object 'https://www.aptekarska.pl/aktualnosci/' are equal

2021-01-28 16:18:55 - [TEST_STEP][PASSED] - click(findTestObject("Object Repository/Strona Główna Nawigacja/Page_Aktualnoci - Aptekarska Szkoa Zarzdzania/span_Artykuy")): Object: 'Object Repository/Strona Główna Nawigacja/Page_Aktualnoci - Aptekarska Szkoa Zarzdzania/span_Artykuy' is clicked on

2021-01-28 16:18:58 - [MESSAGE][PASSED] - Object: 'Object Repository/Strona Główna Nawigacja/Page_Aktualnoci - Aptekarska Szkoa Zarzdzania/span_Artykuy' is clicked on

2021-01-28 16:18:58 - [TEST_STEP][PASSED] - getUrl(): Current window's url is: 'https://www.aptekarska.pl/artykuly/'

2021-01-28 16:18:58 - [MESSAGE][PASSED] - Current window's url is: 'https://www.aptekarska.pl/artykuly/'

2021-01-28 16:18:58 - [TEST_STEP][PASSED] - verifyEqual(getUrl(), "https://www.aptekarska.pl/artykuly/"): Actual object 'https://www.aptekarska.pl/artykuly/' and expected object 'https://www.aptekarska.pl/artykuly/' are equal

2021-01-28 16:18:58 - [MESSAGE][PASSED] - Current window's url is: 'https://www.aptekarska.pl/artykuly/'

2021-01-28 16:18:58 - [MESSAGE][PASSED] - Actual object 'https://www.aptekarska.pl/artykuly/' and expected object 'https://www.aptekarska.pl/artykuly/' are equal

2021-01-28 16:18:58 - [TEST_STEP][PASSED] - click(findTestObject("Object Repository/Strona Główna Nawigacja/Page_Artykuy - Aptekarska Szkoa Zarzdzania/span_O nas")): Object: 'Object Repository/Strona Główna Nawigacja/Page_Artykuy - Aptekarska Szkoa Zarzdzania/span_O nas' is clicked on

2021-01-28 16:19:02 - [MESSAGE][PASSED] - Object: 'Object Repository/Strona Główna Nawigacja/Page_Artykuy - Aptekarska Szkoa Zarzdzania/span_O nas' is clicked on

2021-01-28 16:19:02 - [TEST_STEP][PASSED] - getUrl(): Current window's url is: 'https://www.aptekarska.pl/o-nas/'

2021-01-28 16:19:02 - [MESSAGE][PASSED] - Current window's url is: 'https://www.aptekarska.pl/o-nas/'

2021-01-28 16:19:02 - [TEST_STEP][PASSED] - verifyEqual(getUrl(), "https://www.aptekarska.pl/o-nas/"): Actual object 'https://www.aptekarska.pl/o-nas/' and expected object 'https://www.aptekarska.pl/o-nas/' are equal

2021-01-28 16:19:02 - [MESSAGE][PASSED] - Current window's url is: 'https://www.aptekarska.pl/o-nas/'

2021-01-28 16:19:02 - [MESSAGE][PASSED] - Actual object 'https://www.aptekarska.pl/o-nas/' and expected object 'https://www.aptekarska.pl/o-nas/' are equal

2021-01-28 16:19:02 - [TEST_STEP][PASSED] - click(findTestObject("SPY - NAWIGACJA STRONA GŁOWNA BUTTON/Page_Aktualnoci - Aptekarska Szkoa Zarzdzania/img_Szkolenia cige dla farmaceutw, farmacji, farmaceutyczne  Aptekarska.pl_preload-me")): Object: 'Object Repository/SPY - NAWIGACJA STRONA GŁOWNA BUTTON/Page_Aktualnoci - Aptekarska Szkoa Zarzdzania/img_Szkolenia cige dla farmaceutw, farmacji, farmaceutyczne  Aptekarska.pl_preload-me' is clicked on

2021-01-28 16:19:06 - [MESSAGE][PASSED] - Object: 'Object Repository/SPY - NAWIGACJA STRONA GŁOWNA BUTTON/Page_Aktualnoci - Aptekarska Szkoa Zarzdzania/img_Szkolenia cige dla farmaceutw, farmacji, farmaceutyczne  Aptekarska.pl_preload-me' is clicked on

2021-01-28 16:19:06 - [TEST_STEP][PASSED] - getUrl(): Current window's url is: 'https://www.aptekarska.pl/'

2021-01-28 16:19:06 - [MESSAGE][PASSED] - Current window's url is: 'https://www.aptekarska.pl/'

2021-01-28 16:19:06 - [TEST_STEP][PASSED] - verifyEqual(getUrl(), "https://www.aptekarska.pl/"): Actual object 'https://www.aptekarska.pl/' and expected object 'https://www.aptekarska.pl/' are equal

2021-01-28 16:19:06 - [MESSAGE][PASSED] - Current window's url is: 'https://www.aptekarska.pl/'

2021-01-28 16:19:06 - [MESSAGE][PASSED] - Actual object 'https://www.aptekarska.pl/' and expected object 'https://www.aptekarska.pl/' are equal

2021-01-28 16:19:06 - [TEST_STEP][PASSED] - click(findTestObject("Object Repository/Strona Główna Nawigacja/Page_Aptekarska Szkoa Zarzdzania Szkolenia _8ea30e/span_Oferta")): Object: 'Object Repository/Strona Główna Nawigacja/Page_Aptekarska Szkoa Zarzdzania Szkolenia _8ea30e/span_Oferta' is clicked on

2021-01-28 16:19:12 - [MESSAGE][PASSED] - Object: 'Object Repository/Strona Główna Nawigacja/Page_Aptekarska Szkoa Zarzdzania Szkolenia _8ea30e/span_Oferta' is clicked on

2021-01-28 16:19:12 - [TEST_STEP][PASSED] - getUrl(): Current window's url is: 'https://www.aptekarska.pl/oferta/'

2021-01-28 16:19:12 - [MESSAGE][PASSED] - Current window's url is: 'https://www.aptekarska.pl/oferta/'

2021-01-28 16:19:12 - [TEST_STEP][PASSED] - verifyEqual(getUrl(), "https://www.aptekarska.pl/oferta/"): Actual object 'https://www.aptekarska.pl/oferta/' and expected object 'https://www.aptekarska.pl/oferta/' are equal

2021-01-28 16:19:12 - [MESSAGE][PASSED] - Current window's url is: 'https://www.aptekarska.pl/oferta/'

2021-01-28 16:19:12 - [MESSAGE][PASSED] - Actual object 'https://www.aptekarska.pl/oferta/' and expected object 'https://www.aptekarska.pl/oferta/' are equal

2021-01-28 16:19:12 - [TEST_STEP][PASSED] - closeBrowser(): Browser is closed

2021-01-28 16:19:12 - [MESSAGE][PASSED] - Browser is closed]]></system-out>
         <system-err><![CDATA[]]></system-err>
      </testcase>
      <testcase name="Test Cases/Kontakt/Test Przewijania Strony - Podstrony Kontakt" time="10.79" classname="Test Cases/Kontakt/Test Przewijania Strony - Podstrony Kontakt" status="PASSED">
         <system-out><![CDATA[2021-01-28 16:19:12 - [TEST_CASE][PASSED] - Test Cases/Kontakt/Test Przewijania Strony - Podstrony Kontakt: Test Cases/Kontakt/Test Przewijania Strony - Podstrony Kontakt

2021-01-28 16:19:13 - [TEST_STEP][PASSED] - openBrowser(""): Browser is opened with url: ''

2021-01-28 16:19:13 - [MESSAGE][INFO] - Starting 'Chrome' driver

2021-01-28 16:19:13 - [MESSAGE][INFO] - Action delay is set to 0 milliseconds

2021-01-28 16:19:16 - [MESSAGE][PASSED] - Browser is opened with url: ''

2021-01-28 16:19:16 - [TEST_STEP][PASSED] - navigateToUrl("https://www.aptekarska.pl/kontakt/"): Navigate to 'https://www.aptekarska.pl/kontakt/' successfully

2021-01-28 16:19:20 - [MESSAGE][PASSED] - Navigate to 'https://www.aptekarska.pl/kontakt/' successfully

2021-01-28 16:19:20 - [TEST_STEP][PASSED] - click(findTestObject("Object Repository/Strona Główna Przewijanie/Page_Aptekarska Szkoa Zarzdzania Szkolenia _8ea30e/button_Akceptuj wszystko")): Object: 'Object Repository/Strona Główna Przewijanie/Page_Aptekarska Szkoa Zarzdzania Szkolenia _8ea30e/button_Akceptuj wszystko' is clicked on

2021-01-28 16:19:21 - [MESSAGE][PASSED] - Object: 'Object Repository/Strona Główna Przewijanie/Page_Aptekarska Szkoa Zarzdzania Szkolenia _8ea30e/button_Akceptuj wszystko' is clicked on

2021-01-28 16:19:21 - [TEST_STEP][PASSED] - scrollToElement(findTestObject("Object Repository/Strona Główna Przewijanie/Page_Aptekarska Szkoa Zarzdzania Szkolenia dla Farmacji/img_Uczestniczka webinaru_preload-me"), 0): Scroll to object 'Object Repository/Strona Główna Przewijanie/Page_Aptekarska Szkoa Zarzdzania Szkolenia dla Farmacji/img_Uczestniczka webinaru_preload-me' successfully

2021-01-28 16:19:21 - [MESSAGE][WARNING] - Timeout '0' is invalid. Using default page load timeout: '30'

2021-01-28 16:19:22 - [MESSAGE][PASSED] - Scroll to object 'Object Repository/Strona Główna Przewijanie/Page_Aptekarska Szkoa Zarzdzania Szkolenia dla Farmacji/img_Uczestniczka webinaru_preload-me' successfully

2021-01-28 16:19:22 - [TEST_STEP][PASSED] - click(findTestObject("Object Repository/Strona Główna Przewijanie/Page_Aptekarska Szkoa Zarzdzania Szkolenia _8ea30e/a_Do gry")): Object: 'Object Repository/Strona Główna Przewijanie/Page_Aptekarska Szkoa Zarzdzania Szkolenia _8ea30e/a_Do gry' is clicked on

2021-01-28 16:19:23 - [MESSAGE][PASSED] - Object: 'Object Repository/Strona Główna Przewijanie/Page_Aptekarska Szkoa Zarzdzania Szkolenia _8ea30e/a_Do gry' is clicked on

2021-01-28 16:19:23 - [TEST_STEP][PASSED] - closeBrowser(): Browser is closed

2021-01-28 16:19:23 - [MESSAGE][PASSED] - Browser is closed]]></system-out>
         <system-err><![CDATA[]]></system-err>
      </testcase>
      <testcase name="Test Cases/Kontakt/Test Przycisków - Podstrona Kontakt" time="0.409" classname="Test Cases/Kontakt/Test Przycisków - Podstrona Kontakt" status="PASSED">
         <system-out><![CDATA[2021-01-28 16:19:23 - [TEST_CASE][PASSED] - Test Cases/Kontakt/Test Przycisków - Podstrona Kontakt: Test Cases/Kontakt/Test Przycisków - Podstrona Kontakt

2021-01-28 16:19:24 - [TEST_STEP][PASSED] - return null: null]]></system-out>
         <system-err><![CDATA[]]></system-err>
      </testcase>
      <system-out><![CDATA[2021-01-28 16:18:34 - [TEST_SUITE][PASSED] - Kontakt: Test Cases/Kontakt/Test Przycisków - Podstrona Kontakt]]></system-out>
      <system-err><![CDATA[]]></system-err>
   </testsuite>
</testsuites>
