<?xml version="1.0" encoding="UTF-8"?>
<testsuites name="Formularz" time="19.409" tests="1" failures="0" skips="0" errors="0">
   <testsuite name="Formularz" tests="1" failures="0" errors="0" time="19.409" skips="0" timestamp="2021-01-29 17:44:33" hostname="Staz Intersiec - DESKTOP-HO0QCN7" id="Test Suites/Formularz">
      <properties>
         <property name="deviceName" value=""/>
         <property name="devicePlatform" value=""/>
         <property name="logFolder" value="C:\\Users\\Staz Intersiec\\Documents\\Aptekarska.pl_UI_Tests\\Reports\\20210129_173257\\Formularz\\20210129_173335"/>
         <property name="logFiles" value="C:\\Users\\Staz Intersiec\\Documents\\Aptekarska.pl_UI_Tests\\Reports\\20210129_173257\\Formularz\\20210129_173335\\execution0.log"/>
         <property name="attachments" value=""/>
         <property name="hostName" value="Staz Intersiec - DESKTOP-HO0QCN7"/>
         <property name="os" value="Windows 10 64bit"/>
         <property name="katalonVersion" value="7.9.0.208"/>
         <property name="browser" value="Firefox 84.0"/>
         <property name="hostAddress" value="192.168.50.1"/>
         <property name="sessionId" value="7cdd60a4-7344-4a1f-85d7-0a9dadcb840e"/>
         <property name="seleniumVersion" value="3.141.59"/>
         <property name="proxyInformation" value="ProxyInformation { proxyOption=NO_PROXY, proxyServerType=HTTP, username=, password=********, proxyServerAddress=, proxyServerPort=0, executionList=&quot;&quot;, isApplyToDesiredCapabilities=true }"/>
         <property name="platform" value="Windows 10"/>
      </properties>
      <testcase name="Test Cases/Formularz/Testy Formularz" time="17.237" classname="Test Cases/Formularz/Testy Formularz" status="PASSED">
         <system-out><![CDATA[2021-01-29 17:44:35 - [TEST_CASE][PASSED] - Test Cases/Formularz/Testy Formularz: Test Cases/Formularz/Testy Formularz

2021-01-29 17:44:36 - [TEST_STEP][PASSED] - openBrowser(""): Browser is opened with url: ''

2021-01-29 17:44:36 - [MESSAGE][INFO] - Starting 'Firefox' driver

2021-01-29 17:44:36 - [MESSAGE][INFO] - Action delay is set to 0 milliseconds

2021-01-29 17:44:42 - [MESSAGE][PASSED] - Browser is opened with url: ''

2021-01-29 17:44:42 - [TEST_STEP][PASSED] - navigateToUrl("https://www.aptekarska.pl/oferta/"): Navigate to 'https://www.aptekarska.pl/oferta/' successfully

2021-01-29 17:44:45 - [MESSAGE][PASSED] - Navigate to 'https://www.aptekarska.pl/oferta/' successfully

2021-01-29 17:44:45 - [TEST_STEP][PASSED] - maximizeWindow(): Current window maximized

2021-01-29 17:44:46 - [MESSAGE][PASSED] - Current window maximized

2021-01-29 17:44:46 - [TEST_STEP][PASSED] - click(findTestObject("Object Repository/Formularz/Page_Aptekarska Szkoa Zarzdzania/button_Nie zgadzam si")): Object: 'Object Repository/Formularz/Page_Aptekarska Szkoa Zarzdzania/button_Nie zgadzam si' is clicked on

2021-01-29 17:44:46 - [MESSAGE][PASSED] - Object: 'Object Repository/Formularz/Page_Aptekarska Szkoa Zarzdzania/button_Nie zgadzam si' is clicked on

2021-01-29 17:44:46 - [TEST_STEP][PASSED] - scrollToElement(findTestObject("SPY - Newsletter/Page_Aptekarska Szkoa Zarzdzania/iframe__fm-fc-f-jquodjjgyu"), 0): Scroll to object 'Object Repository/SPY - Newsletter/Page_Aptekarska Szkoa Zarzdzania/iframe__fm-fc-f-jquodjjgyu' successfully

2021-01-29 17:44:47 - [MESSAGE][WARNING] - Timeout '0' is invalid. Using default page load timeout: '30'

2021-01-29 17:44:47 - [MESSAGE][PASSED] - Scroll to object 'Object Repository/SPY - Newsletter/Page_Aptekarska Szkoa Zarzdzania/iframe__fm-fc-f-jquodjjgyu' successfully

2021-01-29 17:44:47 - [TEST_STEP][PASSED] - click(findTestObject("Object Repository/Page_Aptekarska Szkoa Zarzdzania/input_Imi_freshmail_custom_fieldimie")): Object: 'Object Repository/Page_Aptekarska Szkoa Zarzdzania/input_Imi_freshmail_custom_fieldimie' is clicked on

2021-01-29 17:44:48 - [MESSAGE][PASSED] - Object: 'Object Repository/Page_Aptekarska Szkoa Zarzdzania/input_Imi_freshmail_custom_fieldimie' is clicked on

2021-01-29 17:44:48 - [TEST_STEP][PASSED] - click(findTestObject("Object Repository/Page_Aptekarska Szkoa Zarzdzania/input_Imi_freshmail_custom_fieldimie")): Object: 'Object Repository/Page_Aptekarska Szkoa Zarzdzania/input_Imi_freshmail_custom_fieldimie' is clicked on

2021-01-29 17:44:49 - [MESSAGE][PASSED] - Object: 'Object Repository/Page_Aptekarska Szkoa Zarzdzania/input_Imi_freshmail_custom_fieldimie' is clicked on

2021-01-29 17:44:49 - [TEST_STEP][PASSED] - setText(findTestObject("Object Repository/Page_Aptekarska Szkoa Zarzdzania/input_Imi_freshmail_custom_fieldimie"), "Szymon"): Text 'Szymon' is set on object 'Object Repository/Page_Aptekarska Szkoa Zarzdzania/input_Imi_freshmail_custom_fieldimie'

2021-01-29 17:44:49 - [MESSAGE][PASSED] - Text 'Szymon' is set on object 'Object Repository/Page_Aptekarska Szkoa Zarzdzania/input_Imi_freshmail_custom_fieldimie'

2021-01-29 17:44:49 - [TEST_STEP][PASSED] - setText(findTestObject("Object Repository/Page_Aptekarska Szkoa Zarzdzania/input_Email (ktry regularnie odbierasz)_fre_eca03e"), "SS@wp.pl"): Text 'SS@wp.pl' is set on object 'Object Repository/Page_Aptekarska Szkoa Zarzdzania/input_Email (ktry regularnie odbierasz)_fre_eca03e'

2021-01-29 17:44:50 - [MESSAGE][PASSED] - Text 'SS@wp.pl' is set on object 'Object Repository/Page_Aptekarska Szkoa Zarzdzania/input_Email (ktry regularnie odbierasz)_fre_eca03e'

2021-01-29 17:44:50 - [TEST_STEP][PASSED] - click(findTestObject("Object Repository/Page_Aptekarska Szkoa Zarzdzania/label")): Object: 'Object Repository/Page_Aptekarska Szkoa Zarzdzania/label' is clicked on

2021-01-29 17:44:50 - [MESSAGE][PASSED] - Object: 'Object Repository/Page_Aptekarska Szkoa Zarzdzania/label' is clicked on

2021-01-29 17:44:50 - [TEST_STEP][PASSED] - click(findTestObject("Object Repository/Page_Aptekarska Szkoa Zarzdzania/button_Zapisz mnie")): Object: 'Object Repository/Page_Aptekarska Szkoa Zarzdzania/button_Zapisz mnie' is clicked on

2021-01-29 17:44:51 - [MESSAGE][PASSED] - Object: 'Object Repository/Page_Aptekarska Szkoa Zarzdzania/button_Zapisz mnie' is clicked on

2021-01-29 17:44:51 - [TEST_STEP][PASSED] - closeBrowser(): Browser is closed

2021-01-29 17:44:52 - [MESSAGE][PASSED] - Browser is closed]]></system-out>
         <system-err><![CDATA[]]></system-err>
      </testcase>
      <system-out><![CDATA[2021-01-29 17:44:33 - [TEST_SUITE][PASSED] - Formularz: Test Cases/Formularz/Testy Formularz]]></system-out>
      <system-err><![CDATA[]]></system-err>
   </testsuite>
</testsuites>
